2021/08/12 03:13:49 [error] [exception.CDbException] CDbException: CDbConnection failed to open the DB connection: could not find driver in C:\laragon\www\testdrive\framework\db\CDbConnection.php:399
Stack trace:
#0 C:\laragon\www\testdrive\framework\db\CDbConnection.php(347): CDbConnection->open()
#1 C:\laragon\www\testdrive\framework\db\CDbConnection.php(325): CDbConnection->setActive(true)
#2 C:\laragon\www\testdrive\framework\base\CModule.php(394): CDbConnection->init()
#3 C:\laragon\www\testdrive\framework\base\CModule.php(103): CModule->getComponent('db')
#4 C:\laragon\www\testdrive\framework\gii\generators\crud\CrudCode.php(44): CModule->__get('db')
#5 C:\laragon\www\testdrive\framework\web\CFormModel.php(39): CrudCode->init()
#6 C:\laragon\www\testdrive\framework\gii\CCodeGenerator.php(153): CFormModel->__construct()
#7 C:\laragon\www\testdrive\framework\gii\CCodeGenerator.php(63): CCodeGenerator->prepare()
#8 C:\laragon\www\testdrive\framework\web\actions\CInlineAction.php(49): CCodeGenerator->actionIndex()
#9 C:\laragon\www\testdrive\framework\web\CController.php(308): CInlineAction->runWithParams(Array)
#10 C:\laragon\www\testdrive\framework\web\CController.php(286): CController->runAction(Object(CInlineAction))
#11 C:\laragon\www\testdrive\framework\web\CController.php(265): CController->runActionWithFilters(Object(CInlineAction), Array)
#12 C:\laragon\www\testdrive\framework\web\CWebApplication.php(282): CController->run('index')
#13 C:\laragon\www\testdrive\framework\web\CWebApplication.php(141): CWebApplication->runController('gii/crud/index')
#14 C:\laragon\www\testdrive\framework\base\CApplication.php(185): CWebApplication->processRequest()
#15 C:\laragon\www\testdrive\testdrive\index.php(13): CApplication->run()
#16 {main}
REQUEST_URI=/testdrive/index.php?r=gii/crud/index
HTTP_REFERER=http://testdrive.test/testdrive/index.php?r=gii/default/index
---
2021/08/12 03:15:47 [error] [exception.CDbException] CDbException: CDbConnection.connectionString cannot be empty. in C:\laragon\www\testdrive\framework\db\CDbConnection.php:387
Stack trace:
#0 C:\laragon\www\testdrive\framework\db\CDbConnection.php(347): CDbConnection->open()
#1 C:\laragon\www\testdrive\framework\db\CDbConnection.php(325): CDbConnection->setActive(true)
#2 C:\laragon\www\testdrive\framework\base\CModule.php(394): CDbConnection->init()
#3 C:\laragon\www\testdrive\framework\base\CModule.php(103): CModule->getComponent('db')
#4 C:\laragon\www\testdrive\framework\gii\generators\crud\CrudCode.php(44): CModule->__get('db')
#5 C:\laragon\www\testdrive\framework\web\CFormModel.php(39): CrudCode->init()
#6 C:\laragon\www\testdrive\framework\gii\CCodeGenerator.php(153): CFormModel->__construct()
#7 C:\laragon\www\testdrive\framework\gii\CCodeGenerator.php(63): CCodeGenerator->prepare()
#8 C:\laragon\www\testdrive\framework\web\actions\CInlineAction.php(49): CCodeGenerator->actionIndex()
#9 C:\laragon\www\testdrive\framework\web\CController.php(308): CInlineAction->runWithParams(Array)
#10 C:\laragon\www\testdrive\framework\web\CController.php(286): CController->runAction(Object(CInlineAction))
#11 C:\laragon\www\testdrive\framework\web\CController.php(265): CController->runActionWithFilters(Object(CInlineAction), Array)
#12 C:\laragon\www\testdrive\framework\web\CWebApplication.php(282): CController->run('index')
#13 C:\laragon\www\testdrive\framework\web\CWebApplication.php(141): CWebApplication->runController('gii/crud/index')
#14 C:\laragon\www\testdrive\framework\base\CApplication.php(185): CWebApplication->processRequest()
#15 C:\laragon\www\testdrive\testdrive\index.php(13): CApplication->run()
#16 {main}
REQUEST_URI=/testdrive/index.php?r=gii/crud/index
HTTP_REFERER=http://testdrive.test/testdrive/index.php?r=gii/default/index
---
2021/08/12 03:15:51 [error] [exception.CDbException] CDbException: CDbConnection failed to open the DB connection: could not find driver in C:\laragon\www\testdrive\framework\db\CDbConnection.php:399
Stack trace:
#0 C:\laragon\www\testdrive\framework\db\CDbConnection.php(347): CDbConnection->open()
#1 C:\laragon\www\testdrive\framework\db\CDbConnection.php(325): CDbConnection->setActive(true)
#2 C:\laragon\www\testdrive\framework\base\CModule.php(394): CDbConnection->init()
#3 C:\laragon\www\testdrive\framework\base\CModule.php(103): CModule->getComponent('db')
#4 C:\laragon\www\testdrive\framework\gii\generators\crud\CrudCode.php(44): CModule->__get('db')
#5 C:\laragon\www\testdrive\framework\web\CFormModel.php(39): CrudCode->init()
#6 C:\laragon\www\testdrive\framework\gii\CCodeGenerator.php(153): CFormModel->__construct()
#7 C:\laragon\www\testdrive\framework\gii\CCodeGenerator.php(63): CCodeGenerator->prepare()
#8 C:\laragon\www\testdrive\framework\web\actions\CInlineAction.php(49): CCodeGenerator->actionIndex()
#9 C:\laragon\www\testdrive\framework\web\CController.php(308): CInlineAction->runWithParams(Array)
#10 C:\laragon\www\testdrive\framework\web\CController.php(286): CController->runAction(Object(CInlineAction))
#11 C:\laragon\www\testdrive\framework\web\CController.php(265): CController->runActionWithFilters(Object(CInlineAction), Array)
#12 C:\laragon\www\testdrive\framework\web\CWebApplication.php(282): CController->run('index')
#13 C:\laragon\www\testdrive\framework\web\CWebApplication.php(141): CWebApplication->runController('gii/crud/index')
#14 C:\laragon\www\testdrive\framework\base\CApplication.php(185): CWebApplication->processRequest()
#15 C:\laragon\www\testdrive\testdrive\index.php(13): CApplication->run()
#16 {main}
REQUEST_URI=/testdrive/index.php?r=gii/crud/index
HTTP_REFERER=http://testdrive.test/testdrive/index.php?r=gii/default/index
---
2021/08/12 03:40:24 [error] [exception.CHttpException.404] CHttpException: Unable to resolve the request "user". in C:\laragon\www\testdrive\framework\web\CWebApplication.php:286
Stack trace:
#0 C:\laragon\www\testdrive\framework\web\CWebApplication.php(141): CWebApplication->runController('user')
#1 C:\laragon\www\testdrive\framework\base\CApplication.php(185): CWebApplication->processRequest()
#2 C:\laragon\www\testdrive\testdrive\index.php(13): CApplication->run()
#3 {main}
REQUEST_URI=/testdrive/index.php?r=user
HTTP_REFERER=http://testdrive.test/testdrive/index.php?r=gii/crud/index
---
2021/08/12 03:41:34 [error] [exception.CException] CException: Alias "task.User" is invalid. Make sure it points to an existing PHP file and the file is readable. in C:\laragon\www\testdrive\framework\YiiBase.php:330
Stack trace:
#0 C:\laragon\www\testdrive\framework\gii\generators\crud\CrudCode.php(59): YiiBase::import('task.User', true)
#1 C:\laragon\www\testdrive\framework\validators\CInlineValidator.php(42): CrudCode->validateModel('model', Array)
#2 C:\laragon\www\testdrive\framework\validators\CValidator.php(201): CInlineValidator->validateAttribute(Object(CrudCode), 'model')
#3 C:\laragon\www\testdrive\framework\base\CModel.php(159): CValidator->validate(Object(CrudCode), Array)
#4 C:\laragon\www\testdrive\framework\gii\CCodeGenerator.php(159): CModel->validate()
#5 C:\laragon\www\testdrive\framework\gii\CCodeGenerator.php(63): CCodeGenerator->prepare()
#6 C:\laragon\www\testdrive\framework\web\actions\CInlineAction.php(49): CCodeGenerator->actionIndex()
#7 C:\laragon\www\testdrive\framework\web\CController.php(308): CInlineAction->runWithParams(Array)
#8 C:\laragon\www\testdrive\framework\web\CController.php(286): CController->runAction(Object(CInlineAction))
#9 C:\laragon\www\testdrive\framework\web\CController.php(265): CController->runActionWithFilters(Object(CInlineAction), Array)
#10 C:\laragon\www\testdrive\framework\web\CWebApplication.php(282): CController->run('index')
#11 C:\laragon\www\testdrive\framework\web\CWebApplication.php(141): CWebApplication->runController('gii/crud/index')
#12 C:\laragon\www\testdrive\framework\base\CApplication.php(185): CWebApplication->processRequest()
#13 C:\laragon\www\testdrive\testdrive\index.php(13): CApplication->run()
#14 {main}
REQUEST_URI=/testdrive/index.php?r=gii/crud/index
HTTP_REFERER=http://testdrive.test/testdrive/index.php?r=gii/crud/index
---
2021/08/12 03:57:41 [error] [exception.CHttpException.404] CHttpException: Unable to resolve the request "\task/user/create". in C:\laragon\www\testdrive\framework\web\CWebApplication.php:286
Stack trace:
#0 C:\laragon\www\testdrive\framework\web\CWebApplication.php(141): CWebApplication->runController('\\task/user/crea...')
#1 C:\laragon\www\testdrive\framework\base\CApplication.php(185): CWebApplication->processRequest()
#2 C:\laragon\www\testdrive\testdrive\index.php(13): CApplication->run()
#3 {main}
REQUEST_URI=/testdrive/index.php?r=\task/user/create
---
2021/08/12 04:16:48 [error] [exception.CHttpException.404] CHttpException: Unable to resolve the request "index.php?r=task/user". in C:\laragon\www\testdrive\framework\web\CWebApplication.php:286
Stack trace:
#0 C:\laragon\www\testdrive\framework\web\CWebApplication.php(141): CWebApplication->runController('index.php?r=tas...')
#1 C:\laragon\www\testdrive\framework\base\CApplication.php(185): CWebApplication->processRequest()
#2 C:\laragon\www\testdrive\testdrive\index.php(13): CApplication->run()
#3 {main}
REQUEST_URI=/testdrive/index.php?r=index.php?r=task/user
HTTP_REFERER=http://testdrive.test/testdrive/index.php?r=task/user
---
2021/08/12 04:17:10 [error] [exception.CHttpException.404] CHttpException: Unable to resolve the request "index.php?r=task/user". in C:\laragon\www\testdrive\framework\web\CWebApplication.php:286
Stack trace:
#0 C:\laragon\www\testdrive\framework\web\CWebApplication.php(141): CWebApplication->runController('index.php?r=tas...')
#1 C:\laragon\www\testdrive\framework\base\CApplication.php(185): CWebApplication->processRequest()
#2 C:\laragon\www\testdrive\testdrive\index.php(13): CApplication->run()
#3 {main}
REQUEST_URI=/testdrive/index.php?r=index.php?r=task/user
HTTP_REFERER=http://testdrive.test/testdrive/index.php?r=task/user
---
2021/08/12 04:21:05 [error] [exception.CHttpException.403] CHttpException: You are not authorized to perform this action. in C:\laragon\www\testdrive\framework\web\auth\CAccessControlFilter.php:183
Stack trace:
#0 C:\laragon\www\testdrive\framework\web\auth\CAccessControlFilter.php(145): CAccessControlFilter->accessDenied(Object(CWebUser), 'You are not aut...')
#1 C:\laragon\www\testdrive\framework\web\filters\CFilter.php(38): CAccessControlFilter->preFilter(Object(CFilterChain))
#2 C:\laragon\www\testdrive\framework\web\CController.php(1148): CFilter->filter(Object(CFilterChain))
#3 C:\laragon\www\testdrive\framework\web\filters\CInlineFilter.php(58): CController->filterAccessControl(Object(CFilterChain))
#4 C:\laragon\www\testdrive\framework\web\filters\CFilterChain.php(131): CInlineFilter->filter(Object(CFilterChain))
#5 C:\laragon\www\testdrive\framework\web\CController.php(291): CFilterChain->run()
#6 C:\laragon\www\testdrive\framework\web\CController.php(265): CController->runActionWithFilters(Object(CInlineAction), Array)
#7 C:\laragon\www\testdrive\framework\web\CWebApplication.php(282): CController->run('')
#8 C:\laragon\www\testdrive\framework\web\CWebApplication.php(141): CWebApplication->runController('task/user')
#9 C:\laragon\www\testdrive\framework\base\CApplication.php(185): CWebApplication->processRequest()
#10 C:\laragon\www\testdrive\testdrive\index.php(13): CApplication->run()
#11 {main}
REQUEST_URI=/testdrive/index.php?r=task/user
HTTP_REFERER=http://testdrive.test/testdrive/index.php?r=site/login
---
2021/08/12 04:23:38 [error] [exception.CHttpException.403] CHttpException: You are not authorized to perform this action. in C:\laragon\www\testdrive\framework\web\auth\CAccessControlFilter.php:183
Stack trace:
#0 C:\laragon\www\testdrive\framework\web\auth\CAccessControlFilter.php(145): CAccessControlFilter->accessDenied(Object(CWebUser), 'You are not aut...')
#1 C:\laragon\www\testdrive\framework\web\filters\CFilter.php(38): CAccessControlFilter->preFilter(Object(CFilterChain))
#2 C:\laragon\www\testdrive\framework\web\CController.php(1148): CFilter->filter(Object(CFilterChain))
#3 C:\laragon\www\testdrive\framework\web\filters\CInlineFilter.php(58): CController->filterAccessControl(Object(CFilterChain))
#4 C:\laragon\www\testdrive\framework\web\filters\CFilterChain.php(131): CInlineFilter->filter(Object(CFilterChain))
#5 C:\laragon\www\testdrive\framework\web\CController.php(291): CFilterChain->run()
#6 C:\laragon\www\testdrive\framework\web\CController.php(265): CController->runActionWithFilters(Object(CInlineAction), Array)
#7 C:\laragon\www\testdrive\framework\web\CWebApplication.php(282): CController->run('')
#8 C:\laragon\www\testdrive\framework\web\CWebApplication.php(141): CWebApplication->runController('task/user')
#9 C:\laragon\www\testdrive\framework\base\CApplication.php(185): CWebApplication->processRequest()
#10 C:\laragon\www\testdrive\testdrive\index.php(13): CApplication->run()
#11 {main}
REQUEST_URI=/testdrive/index.php?r=task/user
HTTP_REFERER=http://testdrive.test/testdrive/index.php?r=site/login
---
2021/08/12 04:23:55 [error] [exception.CHttpException.403] CHttpException: You are not authorized to perform this action. in C:\laragon\www\testdrive\framework\web\auth\CAccessControlFilter.php:183
Stack trace:
#0 C:\laragon\www\testdrive\framework\web\auth\CAccessControlFilter.php(145): CAccessControlFilter->accessDenied(Object(CWebUser), 'You are not aut...')
#1 C:\laragon\www\testdrive\framework\web\filters\CFilter.php(38): CAccessControlFilter->preFilter(Object(CFilterChain))
#2 C:\laragon\www\testdrive\framework\web\CController.php(1148): CFilter->filter(Object(CFilterChain))
#3 C:\laragon\www\testdrive\framework\web\filters\CInlineFilter.php(58): CController->filterAccessControl(Object(CFilterChain))
#4 C:\laragon\www\testdrive\framework\web\filters\CFilterChain.php(131): CInlineFilter->filter(Object(CFilterChain))
#5 C:\laragon\www\testdrive\framework\web\CController.php(291): CFilterChain->run()
#6 C:\laragon\www\testdrive\framework\web\CController.php(265): CController->runActionWithFilters(Object(CInlineAction), Array)
#7 C:\laragon\www\testdrive\framework\web\CWebApplication.php(282): CController->run('')
#8 C:\laragon\www\testdrive\framework\web\CWebApplication.php(141): CWebApplication->runController('task/user')
#9 C:\laragon\www\testdrive\framework\base\CApplication.php(185): CWebApplication->processRequest()
#10 C:\laragon\www\testdrive\testdrive\index.php(13): CApplication->run()
#11 {main}
REQUEST_URI=/testdrive/index.php?r=task/user
HTTP_REFERER=http://testdrive.test/testdrive/index.php?r=site/contact
---
2021/08/12 04:24:08 [error] [exception.CHttpException.403] CHttpException: You are not authorized to perform this action. in C:\laragon\www\testdrive\framework\web\auth\CAccessControlFilter.php:183
Stack trace:
#0 C:\laragon\www\testdrive\framework\web\auth\CAccessControlFilter.php(145): CAccessControlFilter->accessDenied(Object(CWebUser), 'You are not aut...')
#1 C:\laragon\www\testdrive\framework\web\filters\CFilter.php(38): CAccessControlFilter->preFilter(Object(CFilterChain))
#2 C:\laragon\www\testdrive\framework\web\CController.php(1148): CFilter->filter(Object(CFilterChain))
#3 C:\laragon\www\testdrive\framework\web\filters\CInlineFilter.php(58): CController->filterAccessControl(Object(CFilterChain))
#4 C:\laragon\www\testdrive\framework\web\filters\CFilterChain.php(131): CInlineFilter->filter(Object(CFilterChain))
#5 C:\laragon\www\testdrive\framework\web\CController.php(291): CFilterChain->run()
#6 C:\laragon\www\testdrive\framework\web\CController.php(265): CController->runActionWithFilters(Object(CInlineAction), Array)
#7 C:\laragon\www\testdrive\framework\web\CWebApplication.php(282): CController->run('')
#8 C:\laragon\www\testdrive\framework\web\CWebApplication.php(141): CWebApplication->runController('task/user')
#9 C:\laragon\www\testdrive\framework\base\CApplication.php(185): CWebApplication->processRequest()
#10 C:\laragon\www\testdrive\testdrive\index.php(13): CApplication->run()
#11 {main}
REQUEST_URI=/testdrive/index.php?r=task/user
HTTP_REFERER=http://testdrive.test/testdrive/index.php?r=site/contact
---
2021/08/12 04:24:09 [error] [exception.CHttpException.403] CHttpException: You are not authorized to perform this action. in C:\laragon\www\testdrive\framework\web\auth\CAccessControlFilter.php:183
Stack trace:
#0 C:\laragon\www\testdrive\framework\web\auth\CAccessControlFilter.php(145): CAccessControlFilter->accessDenied(Object(CWebUser), 'You are not aut...')
#1 C:\laragon\www\testdrive\framework\web\filters\CFilter.php(38): CAccessControlFilter->preFilter(Object(CFilterChain))
#2 C:\laragon\www\testdrive\framework\web\CController.php(1148): CFilter->filter(Object(CFilterChain))
#3 C:\laragon\www\testdrive\framework\web\filters\CInlineFilter.php(58): CController->filterAccessControl(Object(CFilterChain))
#4 C:\laragon\www\testdrive\framework\web\filters\CFilterChain.php(131): CInlineFilter->filter(Object(CFilterChain))
#5 C:\laragon\www\testdrive\framework\web\CController.php(291): CFilterChain->run()
#6 C:\laragon\www\testdrive\framework\web\CController.php(265): CController->runActionWithFilters(Object(CInlineAction), Array)
#7 C:\laragon\www\testdrive\framework\web\CWebApplication.php(282): CController->run('')
#8 C:\laragon\www\testdrive\framework\web\CWebApplication.php(141): CWebApplication->runController('task/user')
#9 C:\laragon\www\testdrive\framework\base\CApplication.php(185): CWebApplication->processRequest()
#10 C:\laragon\www\testdrive\testdrive\index.php(13): CApplication->run()
#11 {main}
REQUEST_URI=/testdrive/index.php?r=task/user
HTTP_REFERER=http://testdrive.test/testdrive/index.php?r=site/contact
---
2021/08/12 04:24:10 [error] [exception.CHttpException.403] CHttpException: You are not authorized to perform this action. in C:\laragon\www\testdrive\framework\web\auth\CAccessControlFilter.php:183
Stack trace:
#0 C:\laragon\www\testdrive\framework\web\auth\CAccessControlFilter.php(145): CAccessControlFilter->accessDenied(Object(CWebUser), 'You are not aut...')
#1 C:\laragon\www\testdrive\framework\web\filters\CFilter.php(38): CAccessControlFilter->preFilter(Object(CFilterChain))
#2 C:\laragon\www\testdrive\framework\web\CController.php(1148): CFilter->filter(Object(CFilterChain))
#3 C:\laragon\www\testdrive\framework\web\filters\CInlineFilter.php(58): CController->filterAccessControl(Object(CFilterChain))
#4 C:\laragon\www\testdrive\framework\web\filters\CFilterChain.php(131): CInlineFilter->filter(Object(CFilterChain))
#5 C:\laragon\www\testdrive\framework\web\CController.php(291): CFilterChain->run()
#6 C:\laragon\www\testdrive\framework\web\CController.php(265): CController->runActionWithFilters(Object(CInlineAction), Array)
#7 C:\laragon\www\testdrive\framework\web\CWebApplication.php(282): CController->run('')
#8 C:\laragon\www\testdrive\framework\web\CWebApplication.php(141): CWebApplication->runController('task/user')
#9 C:\laragon\www\testdrive\framework\base\CApplication.php(185): CWebApplication->processRequest()
#10 C:\laragon\www\testdrive\testdrive\index.php(13): CApplication->run()
#11 {main}
REQUEST_URI=/testdrive/index.php?r=task/user
HTTP_REFERER=http://testdrive.test/testdrive/index.php?r=site/contact
---
2021/08/12 04:24:10 [error] [exception.CHttpException.403] CHttpException: You are not authorized to perform this action. in C:\laragon\www\testdrive\framework\web\auth\CAccessControlFilter.php:183
Stack trace:
#0 C:\laragon\www\testdrive\framework\web\auth\CAccessControlFilter.php(145): CAccessControlFilter->accessDenied(Object(CWebUser), 'You are not aut...')
#1 C:\laragon\www\testdrive\framework\web\filters\CFilter.php(38): CAccessControlFilter->preFilter(Object(CFilterChain))
#2 C:\laragon\www\testdrive\framework\web\CController.php(1148): CFilter->filter(Object(CFilterChain))
#3 C:\laragon\www\testdrive\framework\web\filters\CInlineFilter.php(58): CController->filterAccessControl(Object(CFilterChain))
#4 C:\laragon\www\testdrive\framework\web\filters\CFilterChain.php(131): CInlineFilter->filter(Object(CFilterChain))
#5 C:\laragon\www\testdrive\framework\web\CController.php(291): CFilterChain->run()
#6 C:\laragon\www\testdrive\framework\web\CController.php(265): CController->runActionWithFilters(Object(CInlineAction), Array)
#7 C:\laragon\www\testdrive\framework\web\CWebApplication.php(282): CController->run('')
#8 C:\laragon\www\testdrive\framework\web\CWebApplication.php(141): CWebApplication->runController('task/user')
#9 C:\laragon\www\testdrive\framework\base\CApplication.php(185): CWebApplication->processRequest()
#10 C:\laragon\www\testdrive\testdrive\index.php(13): CApplication->run()
#11 {main}
REQUEST_URI=/testdrive/index.php?r=task/user
HTTP_REFERER=http://testdrive.test/testdrive/index.php?r=site/contact
---
2021/08/12 04:24:10 [error] [exception.CHttpException.403] CHttpException: You are not authorized to perform this action. in C:\laragon\www\testdrive\framework\web\auth\CAccessControlFilter.php:183
Stack trace:
#0 C:\laragon\www\testdrive\framework\web\auth\CAccessControlFilter.php(145): CAccessControlFilter->accessDenied(Object(CWebUser), 'You are not aut...')
#1 C:\laragon\www\testdrive\framework\web\filters\CFilter.php(38): CAccessControlFilter->preFilter(Object(CFilterChain))
#2 C:\laragon\www\testdrive\framework\web\CController.php(1148): CFilter->filter(Object(CFilterChain))
#3 C:\laragon\www\testdrive\framework\web\filters\CInlineFilter.php(58): CController->filterAccessControl(Object(CFilterChain))
#4 C:\laragon\www\testdrive\framework\web\filters\CFilterChain.php(131): CInlineFilter->filter(Object(CFilterChain))
#5 C:\laragon\www\testdrive\framework\web\CController.php(291): CFilterChain->run()
#6 C:\laragon\www\testdrive\framework\web\CController.php(265): CController->runActionWithFilters(Object(CInlineAction), Array)
#7 C:\laragon\www\testdrive\framework\web\CWebApplication.php(282): CController->run('')
#8 C:\laragon\www\testdrive\framework\web\CWebApplication.php(141): CWebApplication->runController('task/user')
#9 C:\laragon\www\testdrive\framework\base\CApplication.php(185): CWebApplication->processRequest()
#10 C:\laragon\www\testdrive\testdrive\index.php(13): CApplication->run()
#11 {main}
REQUEST_URI=/testdrive/index.php?r=task/user
HTTP_REFERER=http://testdrive.test/testdrive/index.php?r=site/contact
---
2021/08/12 04:24:10 [error] [exception.CHttpException.403] CHttpException: You are not authorized to perform this action. in C:\laragon\www\testdrive\framework\web\auth\CAccessControlFilter.php:183
Stack trace:
#0 C:\laragon\www\testdrive\framework\web\auth\CAccessControlFilter.php(145): CAccessControlFilter->accessDenied(Object(CWebUser), 'You are not aut...')
#1 C:\laragon\www\testdrive\framework\web\filters\CFilter.php(38): CAccessControlFilter->preFilter(Object(CFilterChain))
#2 C:\laragon\www\testdrive\framework\web\CController.php(1148): CFilter->filter(Object(CFilterChain))
#3 C:\laragon\www\testdrive\framework\web\filters\CInlineFilter.php(58): CController->filterAccessControl(Object(CFilterChain))
#4 C:\laragon\www\testdrive\framework\web\filters\CFilterChain.php(131): CInlineFilter->filter(Object(CFilterChain))
#5 C:\laragon\www\testdrive\framework\web\CController.php(291): CFilterChain->run()
#6 C:\laragon\www\testdrive\framework\web\CController.php(265): CController->runActionWithFilters(Object(CInlineAction), Array)
#7 C:\laragon\www\testdrive\framework\web\CWebApplication.php(282): CController->run('')
#8 C:\laragon\www\testdrive\framework\web\CWebApplication.php(141): CWebApplication->runController('task/user')
#9 C:\laragon\www\testdrive\framework\base\CApplication.php(185): CWebApplication->processRequest()
#10 C:\laragon\www\testdrive\testdrive\index.php(13): CApplication->run()
#11 {main}
REQUEST_URI=/testdrive/index.php?r=task/user
HTTP_REFERER=http://testdrive.test/testdrive/index.php?r=site/contact
---
2021/08/12 04:24:10 [error] [exception.CHttpException.403] CHttpException: You are not authorized to perform this action. in C:\laragon\www\testdrive\framework\web\auth\CAccessControlFilter.php:183
Stack trace:
#0 C:\laragon\www\testdrive\framework\web\auth\CAccessControlFilter.php(145): CAccessControlFilter->accessDenied(Object(CWebUser), 'You are not aut...')
#1 C:\laragon\www\testdrive\framework\web\filters\CFilter.php(38): CAccessControlFilter->preFilter(Object(CFilterChain))
#2 C:\laragon\www\testdrive\framework\web\CController.php(1148): CFilter->filter(Object(CFilterChain))
#3 C:\laragon\www\testdrive\framework\web\filters\CInlineFilter.php(58): CController->filterAccessControl(Object(CFilterChain))
#4 C:\laragon\www\testdrive\framework\web\filters\CFilterChain.php(131): CInlineFilter->filter(Object(CFilterChain))
#5 C:\laragon\www\testdrive\framework\web\CController.php(291): CFilterChain->run()
#6 C:\laragon\www\testdrive\framework\web\CController.php(265): CController->runActionWithFilters(Object(CInlineAction), Array)
#7 C:\laragon\www\testdrive\framework\web\CWebApplication.php(282): CController->run('')
#8 C:\laragon\www\testdrive\framework\web\CWebApplication.php(141): CWebApplication->runController('task/user')
#9 C:\laragon\www\testdrive\framework\base\CApplication.php(185): CWebApplication->processRequest()
#10 C:\laragon\www\testdrive\testdrive\index.php(13): CApplication->run()
#11 {main}
REQUEST_URI=/testdrive/index.php?r=task/user
HTTP_REFERER=http://testdrive.test/testdrive/index.php?r=site/contact
---
2021/08/12 04:24:13 [error] [exception.CHttpException.403] CHttpException: You are not authorized to perform this action. in C:\laragon\www\testdrive\framework\web\auth\CAccessControlFilter.php:183
Stack trace:
#0 C:\laragon\www\testdrive\framework\web\auth\CAccessControlFilter.php(145): CAccessControlFilter->accessDenied(Object(CWebUser), 'You are not aut...')
#1 C:\laragon\www\testdrive\framework\web\filters\CFilter.php(38): CAccessControlFilter->preFilter(Object(CFilterChain))
#2 C:\laragon\www\testdrive\framework\web\CController.php(1148): CFilter->filter(Object(CFilterChain))
#3 C:\laragon\www\testdrive\framework\web\filters\CInlineFilter.php(58): CController->filterAccessControl(Object(CFilterChain))
#4 C:\laragon\www\testdrive\framework\web\filters\CFilterChain.php(131): CInlineFilter->filter(Object(CFilterChain))
#5 C:\laragon\www\testdrive\framework\web\CController.php(291): CFilterChain->run()
#6 C:\laragon\www\testdrive\framework\web\CController.php(265): CController->runActionWithFilters(Object(CInlineAction), Array)
#7 C:\laragon\www\testdrive\framework\web\CWebApplication.php(282): CController->run('')
#8 C:\laragon\www\testdrive\framework\web\CWebApplication.php(141): CWebApplication->runController('task/user')
#9 C:\laragon\www\testdrive\framework\base\CApplication.php(185): CWebApplication->processRequest()
#10 C:\laragon\www\testdrive\testdrive\index.php(13): CApplication->run()
#11 {main}
REQUEST_URI=/testdrive/index.php?r=task/user
HTTP_REFERER=http://testdrive.test/testdrive/index.php?r=site/contact
---
2021/08/12 04:24:13 [error] [exception.CHttpException.403] CHttpException: You are not authorized to perform this action. in C:\laragon\www\testdrive\framework\web\auth\CAccessControlFilter.php:183
Stack trace:
#0 C:\laragon\www\testdrive\framework\web\auth\CAccessControlFilter.php(145): CAccessControlFilter->accessDenied(Object(CWebUser), 'You are not aut...')
#1 C:\laragon\www\testdrive\framework\web\filters\CFilter.php(38): CAccessControlFilter->preFilter(Object(CFilterChain))
#2 C:\laragon\www\testdrive\framework\web\CController.php(1148): CFilter->filter(Object(CFilterChain))
#3 C:\laragon\www\testdrive\framework\web\filters\CInlineFilter.php(58): CController->filterAccessControl(Object(CFilterChain))
#4 C:\laragon\www\testdrive\framework\web\filters\CFilterChain.php(131): CInlineFilter->filter(Object(CFilterChain))
#5 C:\laragon\www\testdrive\framework\web\CController.php(291): CFilterChain->run()
#6 C:\laragon\www\testdrive\framework\web\CController.php(265): CController->runActionWithFilters(Object(CInlineAction), Array)
#7 C:\laragon\www\testdrive\framework\web\CWebApplication.php(282): CController->run('')
#8 C:\laragon\www\testdrive\framework\web\CWebApplication.php(141): CWebApplication->runController('task/user')
#9 C:\laragon\www\testdrive\framework\base\CApplication.php(185): CWebApplication->processRequest()
#10 C:\laragon\www\testdrive\testdrive\index.php(13): CApplication->run()
#11 {main}
REQUEST_URI=/testdrive/index.php?r=task/user
HTTP_REFERER=http://testdrive.test/testdrive/index.php?r=site/contact
---
2021/08/12 04:24:13 [error] [exception.CHttpException.403] CHttpException: You are not authorized to perform this action. in C:\laragon\www\testdrive\framework\web\auth\CAccessControlFilter.php:183
Stack trace:
#0 C:\laragon\www\testdrive\framework\web\auth\CAccessControlFilter.php(145): CAccessControlFilter->accessDenied(Object(CWebUser), 'You are not aut...')
#1 C:\laragon\www\testdrive\framework\web\filters\CFilter.php(38): CAccessControlFilter->preFilter(Object(CFilterChain))
#2 C:\laragon\www\testdrive\framework\web\CController.php(1148): CFilter->filter(Object(CFilterChain))
#3 C:\laragon\www\testdrive\framework\web\filters\CInlineFilter.php(58): CController->filterAccessControl(Object(CFilterChain))
#4 C:\laragon\www\testdrive\framework\web\filters\CFilterChain.php(131): CInlineFilter->filter(Object(CFilterChain))
#5 C:\laragon\www\testdrive\framework\web\CController.php(291): CFilterChain->run()
#6 C:\laragon\www\testdrive\framework\web\CController.php(265): CController->runActionWithFilters(Object(CInlineAction), Array)
#7 C:\laragon\www\testdrive\framework\web\CWebApplication.php(282): CController->run('')
#8 C:\laragon\www\testdrive\framework\web\CWebApplication.php(141): CWebApplication->runController('task/user')
#9 C:\laragon\www\testdrive\framework\base\CApplication.php(185): CWebApplication->processRequest()
#10 C:\laragon\www\testdrive\testdrive\index.php(13): CApplication->run()
#11 {main}
REQUEST_URI=/testdrive/index.php?r=task/user
HTTP_REFERER=http://testdrive.test/testdrive/index.php?r=site/contact
---
2021/08/12 04:24:13 [error] [exception.CHttpException.403] CHttpException: You are not authorized to perform this action. in C:\laragon\www\testdrive\framework\web\auth\CAccessControlFilter.php:183
Stack trace:
#0 C:\laragon\www\testdrive\framework\web\auth\CAccessControlFilter.php(145): CAccessControlFilter->accessDenied(Object(CWebUser), 'You are not aut...')
#1 C:\laragon\www\testdrive\framework\web\filters\CFilter.php(38): CAccessControlFilter->preFilter(Object(CFilterChain))
#2 C:\laragon\www\testdrive\framework\web\CController.php(1148): CFilter->filter(Object(CFilterChain))
#3 C:\laragon\www\testdrive\framework\web\filters\CInlineFilter.php(58): CController->filterAccessControl(Object(CFilterChain))
#4 C:\laragon\www\testdrive\framework\web\filters\CFilterChain.php(131): CInlineFilter->filter(Object(CFilterChain))
#5 C:\laragon\www\testdrive\framework\web\CController.php(291): CFilterChain->run()
#6 C:\laragon\www\testdrive\framework\web\CController.php(265): CController->runActionWithFilters(Object(CInlineAction), Array)
#7 C:\laragon\www\testdrive\framework\web\CWebApplication.php(282): CController->run('')
#8 C:\laragon\www\testdrive\framework\web\CWebApplication.php(141): CWebApplication->runController('task/user')
#9 C:\laragon\www\testdrive\framework\base\CApplication.php(185): CWebApplication->processRequest()
#10 C:\laragon\www\testdrive\testdrive\index.php(13): CApplication->run()
#11 {main}
REQUEST_URI=/testdrive/index.php?r=task/user
HTTP_REFERER=http://testdrive.test/testdrive/index.php?r=site/contact
---
2021/08/12 04:24:13 [error] [exception.CHttpException.403] CHttpException: You are not authorized to perform this action. in C:\laragon\www\testdrive\framework\web\auth\CAccessControlFilter.php:183
Stack trace:
#0 C:\laragon\www\testdrive\framework\web\auth\CAccessControlFilter.php(145): CAccessControlFilter->accessDenied(Object(CWebUser), 'You are not aut...')
#1 C:\laragon\www\testdrive\framework\web\filters\CFilter.php(38): CAccessControlFilter->preFilter(Object(CFilterChain))
#2 C:\laragon\www\testdrive\framework\web\CController.php(1148): CFilter->filter(Object(CFilterChain))
#3 C:\laragon\www\testdrive\framework\web\filters\CInlineFilter.php(58): CController->filterAccessControl(Object(CFilterChain))
#4 C:\laragon\www\testdrive\framework\web\filters\CFilterChain.php(131): CInlineFilter->filter(Object(CFilterChain))
#5 C:\laragon\www\testdrive\framework\web\CController.php(291): CFilterChain->run()
#6 C:\laragon\www\testdrive\framework\web\CController.php(265): CController->runActionWithFilters(Object(CInlineAction), Array)
#7 C:\laragon\www\testdrive\framework\web\CWebApplication.php(282): CController->run('')
#8 C:\laragon\www\testdrive\framework\web\CWebApplication.php(141): CWebApplication->runController('task/user')
#9 C:\laragon\www\testdrive\framework\base\CApplication.php(185): CWebApplication->processRequest()
#10 C:\laragon\www\testdrive\testdrive\index.php(13): CApplication->run()
#11 {main}
REQUEST_URI=/testdrive/index.php?r=task/user
HTTP_REFERER=http://testdrive.test/testdrive/index.php?r=site/contact
---
2021/08/12 04:28:14 [error] [exception.CHttpException.403] CHttpException: You are not authorized to perform this action. in C:\laragon\www\testdrive\framework\web\auth\CAccessControlFilter.php:183
Stack trace:
#0 C:\laragon\www\testdrive\framework\web\auth\CAccessControlFilter.php(145): CAccessControlFilter->accessDenied(Object(CWebUser), 'You are not aut...')
#1 C:\laragon\www\testdrive\framework\web\filters\CFilter.php(38): CAccessControlFilter->preFilter(Object(CFilterChain))
#2 C:\laragon\www\testdrive\framework\web\CController.php(1148): CFilter->filter(Object(CFilterChain))
#3 C:\laragon\www\testdrive\framework\web\filters\CInlineFilter.php(58): CController->filterAccessControl(Object(CFilterChain))
#4 C:\laragon\www\testdrive\framework\web\filters\CFilterChain.php(131): CInlineFilter->filter(Object(CFilterChain))
#5 C:\laragon\www\testdrive\framework\web\CController.php(291): CFilterChain->run()
#6 C:\laragon\www\testdrive\framework\web\CController.php(265): CController->runActionWithFilters(Object(CInlineAction), Array)
#7 C:\laragon\www\testdrive\framework\web\CWebApplication.php(282): CController->run('index')
#8 C:\laragon\www\testdrive\framework\web\CWebApplication.php(141): CWebApplication->runController('task/user/index')
#9 C:\laragon\www\testdrive\framework\base\CApplication.php(185): CWebApplication->processRequest()
#10 C:\laragon\www\testdrive\testdrive\index.php(13): CApplication->run()
#11 {main}
REQUEST_URI=/testdrive/index.php?r=task/user/index
HTTP_REFERER=http://testdrive.test/testdrive/index.php?r=task/user/admin
---
2021/08/12 04:28:18 [error] [exception.CHttpException.403] CHttpException: You are not authorized to perform this action. in C:\laragon\www\testdrive\framework\web\auth\CAccessControlFilter.php:183
Stack trace:
#0 C:\laragon\www\testdrive\framework\web\auth\CAccessControlFilter.php(145): CAccessControlFilter->accessDenied(Object(CWebUser), 'You are not aut...')
#1 C:\laragon\www\testdrive\framework\web\filters\CFilter.php(38): CAccessControlFilter->preFilter(Object(CFilterChain))
#2 C:\laragon\www\testdrive\framework\web\CController.php(1148): CFilter->filter(Object(CFilterChain))
#3 C:\laragon\www\testdrive\framework\web\filters\CInlineFilter.php(58): CController->filterAccessControl(Object(CFilterChain))
#4 C:\laragon\www\testdrive\framework\web\filters\CFilterChain.php(131): CInlineFilter->filter(Object(CFilterChain))
#5 C:\laragon\www\testdrive\framework\web\CController.php(291): CFilterChain->run()
#6 C:\laragon\www\testdrive\framework\web\CController.php(265): CController->runActionWithFilters(Object(CInlineAction), Array)
#7 C:\laragon\www\testdrive\framework\web\CWebApplication.php(282): CController->run('index')
#8 C:\laragon\www\testdrive\framework\web\CWebApplication.php(141): CWebApplication->runController('task/user/index')
#9 C:\laragon\www\testdrive\framework\base\CApplication.php(185): CWebApplication->processRequest()
#10 C:\laragon\www\testdrive\testdrive\index.php(13): CApplication->run()
#11 {main}
REQUEST_URI=/testdrive/index.php?r=task/user/index
HTTP_REFERER=http://testdrive.test/testdrive/index.php?r=task/user/admin
---
2021/08/12 04:28:26 [error] [exception.CHttpException.403] CHttpException: You are not authorized to perform this action. in C:\laragon\www\testdrive\framework\web\auth\CAccessControlFilter.php:183
Stack trace:
#0 C:\laragon\www\testdrive\framework\web\auth\CAccessControlFilter.php(145): CAccessControlFilter->accessDenied(Object(CWebUser), 'You are not aut...')
#1 C:\laragon\www\testdrive\framework\web\filters\CFilter.php(38): CAccessControlFilter->preFilter(Object(CFilterChain))
#2 C:\laragon\www\testdrive\framework\web\CController.php(1148): CFilter->filter(Object(CFilterChain))
#3 C:\laragon\www\testdrive\framework\web\filters\CInlineFilter.php(58): CController->filterAccessControl(Object(CFilterChain))
#4 C:\laragon\www\testdrive\framework\web\filters\CFilterChain.php(131): CInlineFilter->filter(Object(CFilterChain))
#5 C:\laragon\www\testdrive\framework\web\CController.php(291): CFilterChain->run()
#6 C:\laragon\www\testdrive\framework\web\CController.php(265): CController->runActionWithFilters(Object(CInlineAction), Array)
#7 C:\laragon\www\testdrive\framework\web\CWebApplication.php(282): CController->run('index')
#8 C:\laragon\www\testdrive\framework\web\CWebApplication.php(141): CWebApplication->runController('task/user/index')
#9 C:\laragon\www\testdrive\framework\base\CApplication.php(185): CWebApplication->processRequest()
#10 C:\laragon\www\testdrive\testdrive\index.php(13): CApplication->run()
#11 {main}
REQUEST_URI=/testdrive/index.php?r=task/user/index
HTTP_REFERER=http://testdrive.test/testdrive/index.php?r=task/user/admin
---
2021/08/12 04:28:27 [error] [exception.CHttpException.403] CHttpException: You are not authorized to perform this action. in C:\laragon\www\testdrive\framework\web\auth\CAccessControlFilter.php:183
Stack trace:
#0 C:\laragon\www\testdrive\framework\web\auth\CAccessControlFilter.php(145): CAccessControlFilter->accessDenied(Object(CWebUser), 'You are not aut...')
#1 C:\laragon\www\testdrive\framework\web\filters\CFilter.php(38): CAccessControlFilter->preFilter(Object(CFilterChain))
#2 C:\laragon\www\testdrive\framework\web\CController.php(1148): CFilter->filter(Object(CFilterChain))
#3 C:\laragon\www\testdrive\framework\web\filters\CInlineFilter.php(58): CController->filterAccessControl(Object(CFilterChain))
#4 C:\laragon\www\testdrive\framework\web\filters\CFilterChain.php(131): CInlineFilter->filter(Object(CFilterChain))
#5 C:\laragon\www\testdrive\framework\web\CController.php(291): CFilterChain->run()
#6 C:\laragon\www\testdrive\framework\web\CController.php(265): CController->runActionWithFilters(Object(CInlineAction), Array)
#7 C:\laragon\www\testdrive\framework\web\CWebApplication.php(282): CController->run('index')
#8 C:\laragon\www\testdrive\framework\web\CWebApplication.php(141): CWebApplication->runController('task/user/index')
#9 C:\laragon\www\testdrive\framework\base\CApplication.php(185): CWebApplication->processRequest()
#10 C:\laragon\www\testdrive\testdrive\index.php(13): CApplication->run()
#11 {main}
REQUEST_URI=/testdrive/index.php?r=task/user/index
HTTP_REFERER=http://testdrive.test/testdrive/index.php?r=task/user/admin
---
2021/08/12 04:28:27 [error] [exception.CHttpException.403] CHttpException: You are not authorized to perform this action. in C:\laragon\www\testdrive\framework\web\auth\CAccessControlFilter.php:183
Stack trace:
#0 C:\laragon\www\testdrive\framework\web\auth\CAccessControlFilter.php(145): CAccessControlFilter->accessDenied(Object(CWebUser), 'You are not aut...')
#1 C:\laragon\www\testdrive\framework\web\filters\CFilter.php(38): CAccessControlFilter->preFilter(Object(CFilterChain))
#2 C:\laragon\www\testdrive\framework\web\CController.php(1148): CFilter->filter(Object(CFilterChain))
#3 C:\laragon\www\testdrive\framework\web\filters\CInlineFilter.php(58): CController->filterAccessControl(Object(CFilterChain))
#4 C:\laragon\www\testdrive\framework\web\filters\CFilterChain.php(131): CInlineFilter->filter(Object(CFilterChain))
#5 C:\laragon\www\testdrive\framework\web\CController.php(291): CFilterChain->run()
#6 C:\laragon\www\testdrive\framework\web\CController.php(265): CController->runActionWithFilters(Object(CInlineAction), Array)
#7 C:\laragon\www\testdrive\framework\web\CWebApplication.php(282): CController->run('index')
#8 C:\laragon\www\testdrive\framework\web\CWebApplication.php(141): CWebApplication->runController('task/user/index')
#9 C:\laragon\www\testdrive\framework\base\CApplication.php(185): CWebApplication->processRequest()
#10 C:\laragon\www\testdrive\testdrive\index.php(13): CApplication->run()
#11 {main}
REQUEST_URI=/testdrive/index.php?r=task/user/index
HTTP_REFERER=http://testdrive.test/testdrive/index.php?r=task/user/admin
---
2021/08/12 04:28:28 [error] [exception.CHttpException.403] CHttpException: You are not authorized to perform this action. in C:\laragon\www\testdrive\framework\web\auth\CAccessControlFilter.php:183
Stack trace:
#0 C:\laragon\www\testdrive\framework\web\auth\CAccessControlFilter.php(145): CAccessControlFilter->accessDenied(Object(CWebUser), 'You are not aut...')
#1 C:\laragon\www\testdrive\framework\web\filters\CFilter.php(38): CAccessControlFilter->preFilter(Object(CFilterChain))
#2 C:\laragon\www\testdrive\framework\web\CController.php(1148): CFilter->filter(Object(CFilterChain))
#3 C:\laragon\www\testdrive\framework\web\filters\CInlineFilter.php(58): CController->filterAccessControl(Object(CFilterChain))
#4 C:\laragon\www\testdrive\framework\web\filters\CFilterChain.php(131): CInlineFilter->filter(Object(CFilterChain))
#5 C:\laragon\www\testdrive\framework\web\CController.php(291): CFilterChain->run()
#6 C:\laragon\www\testdrive\framework\web\CController.php(265): CController->runActionWithFilters(Object(CInlineAction), Array)
#7 C:\laragon\www\testdrive\framework\web\CWebApplication.php(282): CController->run('index')
#8 C:\laragon\www\testdrive\framework\web\CWebApplication.php(141): CWebApplication->runController('task/user/index')
#9 C:\laragon\www\testdrive\framework\base\CApplication.php(185): CWebApplication->processRequest()
#10 C:\laragon\www\testdrive\testdrive\index.php(13): CApplication->run()
#11 {main}
REQUEST_URI=/testdrive/index.php?r=task/user/index
HTTP_REFERER=http://testdrive.test/testdrive/index.php?r=task/user/admin
---
2021/08/12 04:28:38 [error] [exception.CHttpException.403] CHttpException: You are not authorized to perform this action. in C:\laragon\www\testdrive\framework\web\auth\CAccessControlFilter.php:183
Stack trace:
#0 C:\laragon\www\testdrive\framework\web\auth\CAccessControlFilter.php(145): CAccessControlFilter->accessDenied(Object(CWebUser), 'You are not aut...')
#1 C:\laragon\www\testdrive\framework\web\filters\CFilter.php(38): CAccessControlFilter->preFilter(Object(CFilterChain))
#2 C:\laragon\www\testdrive\framework\web\CController.php(1148): CFilter->filter(Object(CFilterChain))
#3 C:\laragon\www\testdrive\framework\web\filters\CInlineFilter.php(58): CController->filterAccessControl(Object(CFilterChain))
#4 C:\laragon\www\testdrive\framework\web\filters\CFilterChain.php(131): CInlineFilter->filter(Object(CFilterChain))
#5 C:\laragon\www\testdrive\framework\web\CController.php(291): CFilterChain->run()
#6 C:\laragon\www\testdrive\framework\web\CController.php(265): CController->runActionWithFilters(Object(CInlineAction), Array)
#7 C:\laragon\www\testdrive\framework\web\CWebApplication.php(282): CController->run('index')
#8 C:\laragon\www\testdrive\framework\web\CWebApplication.php(141): CWebApplication->runController('task/user/index')
#9 C:\laragon\www\testdrive\framework\base\CApplication.php(185): CWebApplication->processRequest()
#10 C:\laragon\www\testdrive\testdrive\index.php(13): CApplication->run()
#11 {main}
REQUEST_URI=/testdrive/index.php?r=task/user/index
HTTP_REFERER=http://testdrive.test/testdrive/index.php?r=task/user/admin
---
2021/08/12 04:28:39 [error] [exception.CHttpException.403] CHttpException: You are not authorized to perform this action. in C:\laragon\www\testdrive\framework\web\auth\CAccessControlFilter.php:183
Stack trace:
#0 C:\laragon\www\testdrive\framework\web\auth\CAccessControlFilter.php(145): CAccessControlFilter->accessDenied(Object(CWebUser), 'You are not aut...')
#1 C:\laragon\www\testdrive\framework\web\filters\CFilter.php(38): CAccessControlFilter->preFilter(Object(CFilterChain))
#2 C:\laragon\www\testdrive\framework\web\CController.php(1148): CFilter->filter(Object(CFilterChain))
#3 C:\laragon\www\testdrive\framework\web\filters\CInlineFilter.php(58): CController->filterAccessControl(Object(CFilterChain))
#4 C:\laragon\www\testdrive\framework\web\filters\CFilterChain.php(131): CInlineFilter->filter(Object(CFilterChain))
#5 C:\laragon\www\testdrive\framework\web\CController.php(291): CFilterChain->run()
#6 C:\laragon\www\testdrive\framework\web\CController.php(265): CController->runActionWithFilters(Object(CInlineAction), Array)
#7 C:\laragon\www\testdrive\framework\web\CWebApplication.php(282): CController->run('index')
#8 C:\laragon\www\testdrive\framework\web\CWebApplication.php(141): CWebApplication->runController('task/user/index')
#9 C:\laragon\www\testdrive\framework\base\CApplication.php(185): CWebApplication->processRequest()
#10 C:\laragon\www\testdrive\testdrive\index.php(13): CApplication->run()
#11 {main}
REQUEST_URI=/testdrive/index.php?r=task/user/index
HTTP_REFERER=http://testdrive.test/testdrive/index.php?r=task/user/admin
---
2021/08/12 04:28:39 [error] [exception.CHttpException.403] CHttpException: You are not authorized to perform this action. in C:\laragon\www\testdrive\framework\web\auth\CAccessControlFilter.php:183
Stack trace:
#0 C:\laragon\www\testdrive\framework\web\auth\CAccessControlFilter.php(145): CAccessControlFilter->accessDenied(Object(CWebUser), 'You are not aut...')
#1 C:\laragon\www\testdrive\framework\web\filters\CFilter.php(38): CAccessControlFilter->preFilter(Object(CFilterChain))
#2 C:\laragon\www\testdrive\framework\web\CController.php(1148): CFilter->filter(Object(CFilterChain))
#3 C:\laragon\www\testdrive\framework\web\filters\CInlineFilter.php(58): CController->filterAccessControl(Object(CFilterChain))
#4 C:\laragon\www\testdrive\framework\web\filters\CFilterChain.php(131): CInlineFilter->filter(Object(CFilterChain))
#5 C:\laragon\www\testdrive\framework\web\CController.php(291): CFilterChain->run()
#6 C:\laragon\www\testdrive\framework\web\CController.php(265): CController->runActionWithFilters(Object(CInlineAction), Array)
#7 C:\laragon\www\testdrive\framework\web\CWebApplication.php(282): CController->run('index')
#8 C:\laragon\www\testdrive\framework\web\CWebApplication.php(141): CWebApplication->runController('task/user/index')
#9 C:\laragon\www\testdrive\framework\base\CApplication.php(185): CWebApplication->processRequest()
#10 C:\laragon\www\testdrive\testdrive\index.php(13): CApplication->run()
#11 {main}
REQUEST_URI=/testdrive/index.php?r=task/user/index
HTTP_REFERER=http://testdrive.test/testdrive/index.php?r=task/user/admin
---
2021/08/12 04:28:39 [error] [exception.CHttpException.403] CHttpException: You are not authorized to perform this action. in C:\laragon\www\testdrive\framework\web\auth\CAccessControlFilter.php:183
Stack trace:
#0 C:\laragon\www\testdrive\framework\web\auth\CAccessControlFilter.php(145): CAccessControlFilter->accessDenied(Object(CWebUser), 'You are not aut...')
#1 C:\laragon\www\testdrive\framework\web\filters\CFilter.php(38): CAccessControlFilter->preFilter(Object(CFilterChain))
#2 C:\laragon\www\testdrive\framework\web\CController.php(1148): CFilter->filter(Object(CFilterChain))
#3 C:\laragon\www\testdrive\framework\web\filters\CInlineFilter.php(58): CController->filterAccessControl(Object(CFilterChain))
#4 C:\laragon\www\testdrive\framework\web\filters\CFilterChain.php(131): CInlineFilter->filter(Object(CFilterChain))
#5 C:\laragon\www\testdrive\framework\web\CController.php(291): CFilterChain->run()
#6 C:\laragon\www\testdrive\framework\web\CController.php(265): CController->runActionWithFilters(Object(CInlineAction), Array)
#7 C:\laragon\www\testdrive\framework\web\CWebApplication.php(282): CController->run('index')
#8 C:\laragon\www\testdrive\framework\web\CWebApplication.php(141): CWebApplication->runController('task/user/index')
#9 C:\laragon\www\testdrive\framework\base\CApplication.php(185): CWebApplication->processRequest()
#10 C:\laragon\www\testdrive\testdrive\index.php(13): CApplication->run()
#11 {main}
REQUEST_URI=/testdrive/index.php?r=task/user/index
HTTP_REFERER=http://testdrive.test/testdrive/index.php?r=task/user/admin
---
2021/08/12 04:28:50 [error] [exception.CHttpException.403] CHttpException: You are not authorized to perform this action. in C:\laragon\www\testdrive\framework\web\auth\CAccessControlFilter.php:183
Stack trace:
#0 C:\laragon\www\testdrive\framework\web\auth\CAccessControlFilter.php(145): CAccessControlFilter->accessDenied(Object(CWebUser), 'You are not aut...')
#1 C:\laragon\www\testdrive\framework\web\filters\CFilter.php(38): CAccessControlFilter->preFilter(Object(CFilterChain))
#2 C:\laragon\www\testdrive\framework\web\CController.php(1148): CFilter->filter(Object(CFilterChain))
#3 C:\laragon\www\testdrive\framework\web\filters\CInlineFilter.php(58): CController->filterAccessControl(Object(CFilterChain))
#4 C:\laragon\www\testdrive\framework\web\filters\CFilterChain.php(131): CInlineFilter->filter(Object(CFilterChain))
#5 C:\laragon\www\testdrive\framework\web\CController.php(291): CFilterChain->run()
#6 C:\laragon\www\testdrive\framework\web\CController.php(265): CController->runActionWithFilters(Object(CInlineAction), Array)
#7 C:\laragon\www\testdrive\framework\web\CWebApplication.php(282): CController->run('admin')
#8 C:\laragon\www\testdrive\framework\web\CWebApplication.php(141): CWebApplication->runController('task/user/admin')
#9 C:\laragon\www\testdrive\framework\base\CApplication.php(185): CWebApplication->processRequest()
#10 C:\laragon\www\testdrive\testdrive\index.php(13): CApplication->run()
#11 {main}
REQUEST_URI=/testdrive/index.php?r=task/user/admin
HTTP_REFERER=http://testdrive.test/testdrive/index.php?r=task/user/create
---
2021/08/12 04:30:10 [error] [exception.CHttpException.403] CHttpException: You are not authorized to perform this action. in C:\laragon\www\testdrive\framework\web\auth\CAccessControlFilter.php:183
Stack trace:
#0 C:\laragon\www\testdrive\framework\web\auth\CAccessControlFilter.php(145): CAccessControlFilter->accessDenied(Object(CWebUser), 'You are not aut...')
#1 C:\laragon\www\testdrive\framework\web\filters\CFilter.php(38): CAccessControlFilter->preFilter(Object(CFilterChain))
#2 C:\laragon\www\testdrive\framework\web\CController.php(1148): CFilter->filter(Object(CFilterChain))
#3 C:\laragon\www\testdrive\framework\web\filters\CInlineFilter.php(58): CController->filterAccessControl(Object(CFilterChain))
#4 C:\laragon\www\testdrive\framework\web\filters\CFilterChain.php(131): CInlineFilter->filter(Object(CFilterChain))
#5 C:\laragon\www\testdrive\framework\web\CController.php(291): CFilterChain->run()
#6 C:\laragon\www\testdrive\framework\web\CController.php(265): CController->runActionWithFilters(Object(CInlineAction), Array)
#7 C:\laragon\www\testdrive\framework\web\CWebApplication.php(282): CController->run('admin')
#8 C:\laragon\www\testdrive\framework\web\CWebApplication.php(141): CWebApplication->runController('task/user/admin')
#9 C:\laragon\www\testdrive\framework\base\CApplication.php(185): CWebApplication->processRequest()
#10 C:\laragon\www\testdrive\testdrive\index.php(13): CApplication->run()
#11 {main}
REQUEST_URI=/testdrive/index.php?r=task/user/admin
HTTP_REFERER=http://testdrive.test/testdrive/index.php?r=site/login
---
2021/08/12 04:30:19 [error] [exception.CHttpException.403] CHttpException: You are not authorized to perform this action. in C:\laragon\www\testdrive\framework\web\auth\CAccessControlFilter.php:183
Stack trace:
#0 C:\laragon\www\testdrive\framework\web\auth\CAccessControlFilter.php(145): CAccessControlFilter->accessDenied(Object(CWebUser), 'You are not aut...')
#1 C:\laragon\www\testdrive\framework\web\filters\CFilter.php(38): CAccessControlFilter->preFilter(Object(CFilterChain))
#2 C:\laragon\www\testdrive\framework\web\CController.php(1148): CFilter->filter(Object(CFilterChain))
#3 C:\laragon\www\testdrive\framework\web\filters\CInlineFilter.php(58): CController->filterAccessControl(Object(CFilterChain))
#4 C:\laragon\www\testdrive\framework\web\filters\CFilterChain.php(131): CInlineFilter->filter(Object(CFilterChain))
#5 C:\laragon\www\testdrive\framework\web\CController.php(291): CFilterChain->run()
#6 C:\laragon\www\testdrive\framework\web\CController.php(265): CController->runActionWithFilters(Object(CInlineAction), Array)
#7 C:\laragon\www\testdrive\framework\web\CWebApplication.php(282): CController->run('admin')
#8 C:\laragon\www\testdrive\framework\web\CWebApplication.php(141): CWebApplication->runController('task/user/admin')
#9 C:\laragon\www\testdrive\framework\base\CApplication.php(185): CWebApplication->processRequest()
#10 C:\laragon\www\testdrive\testdrive\index.php(13): CApplication->run()
#11 {main}
REQUEST_URI=/testdrive/index.php?r=task/user/admin
HTTP_REFERER=http://testdrive.test/testdrive/index.php?r=task/user/create
---
2021/08/12 04:30:22 [error] [exception.CHttpException.403] CHttpException: You are not authorized to perform this action. in C:\laragon\www\testdrive\framework\web\auth\CAccessControlFilter.php:183
Stack trace:
#0 C:\laragon\www\testdrive\framework\web\auth\CAccessControlFilter.php(145): CAccessControlFilter->accessDenied(Object(CWebUser), 'You are not aut...')
#1 C:\laragon\www\testdrive\framework\web\filters\CFilter.php(38): CAccessControlFilter->preFilter(Object(CFilterChain))
#2 C:\laragon\www\testdrive\framework\web\CController.php(1148): CFilter->filter(Object(CFilterChain))
#3 C:\laragon\www\testdrive\framework\web\filters\CInlineFilter.php(58): CController->filterAccessControl(Object(CFilterChain))
#4 C:\laragon\www\testdrive\framework\web\filters\CFilterChain.php(131): CInlineFilter->filter(Object(CFilterChain))
#5 C:\laragon\www\testdrive\framework\web\CController.php(291): CFilterChain->run()
#6 C:\laragon\www\testdrive\framework\web\CController.php(265): CController->runActionWithFilters(Object(CInlineAction), Array)
#7 C:\laragon\www\testdrive\framework\web\CWebApplication.php(282): CController->run('admin')
#8 C:\laragon\www\testdrive\framework\web\CWebApplication.php(141): CWebApplication->runController('task/user/admin')
#9 C:\laragon\www\testdrive\framework\base\CApplication.php(185): CWebApplication->processRequest()
#10 C:\laragon\www\testdrive\testdrive\index.php(13): CApplication->run()
#11 {main}
REQUEST_URI=/testdrive/index.php?r=task/user/admin
HTTP_REFERER=http://testdrive.test/testdrive/index.php?r=task/user/create
---
2021/08/12 04:31:11 [error] [php] array_map(): Expected parameter 2 to be an array, string given (C:\laragon\www\testdrive\framework\web\auth\CAccessControlFilter.php:115)
Stack trace:
#0 C:\laragon\www\testdrive\framework\web\auth\CAccessControlFilter.php(115): array_map()
#1 C:\laragon\www\testdrive\framework\web\CController.php(1147): CAccessControlFilter->setRules()
#2 C:\laragon\www\testdrive\framework\web\filters\CInlineFilter.php(58): UserController->filterAccessControl()
#3 C:\laragon\www\testdrive\framework\web\filters\CFilterChain.php(131): CInlineFilter->filter()
#4 C:\laragon\www\testdrive\framework\web\CController.php(291): CFilterChain->run()
#5 C:\laragon\www\testdrive\framework\web\CController.php(265): UserController->runActionWithFilters()
#6 C:\laragon\www\testdrive\framework\web\CWebApplication.php(282): UserController->run()
#7 C:\laragon\www\testdrive\framework\web\CWebApplication.php(141): CWebApplication->runController()
#8 C:\laragon\www\testdrive\framework\base\CApplication.php(185): CWebApplication->processRequest()
#9 C:\laragon\www\testdrive\testdrive\index.php(13): CWebApplication->run()
REQUEST_URI=/testdrive/index.php?r=task/user/index
in C:\laragon\www\testdrive\testdrive\index.php (13)
2021/08/12 05:09:54 [error] [exception.CException] CException: Property "CWebApplication.curl" is not defined. in C:\laragon\www\testdrive\framework\base\CComponent.php:130
Stack trace:
#0 C:\laragon\www\testdrive\framework\base\CModule.php(105): CComponent->__get('curl')
#1 C:\laragon\www\testdrive\testdrive\protected\modules\task\controllers\UserController.php(113): CModule->__get('curl')
#2 C:\laragon\www\testdrive\framework\web\actions\CInlineAction.php(49): UserController->actionIndex()
#3 C:\laragon\www\testdrive\framework\web\CController.php(308): CInlineAction->runWithParams(Array)
#4 C:\laragon\www\testdrive\framework\web\filters\CFilterChain.php(134): CController->runAction(Object(CInlineAction))
#5 C:\laragon\www\testdrive\framework\web\filters\CFilter.php(40): CFilterChain->run()
#6 C:\laragon\www\testdrive\framework\web\CController.php(1148): CFilter->filter(Object(CFilterChain))
#7 C:\laragon\www\testdrive\framework\web\filters\CInlineFilter.php(58): CController->filterAccessControl(Object(CFilterChain))
#8 C:\laragon\www\testdrive\framework\web\filters\CFilterChain.php(131): CInlineFilter->filter(Object(CFilterChain))
#9 C:\laragon\www\testdrive\framework\web\CController.php(291): CFilterChain->run()
#10 C:\laragon\www\testdrive\framework\web\CController.php(265): CController->runActionWithFilters(Object(CInlineAction), Array)
#11 C:\laragon\www\testdrive\framework\web\CWebApplication.php(282): CController->run('')
#12 C:\laragon\www\testdrive\framework\web\CWebApplication.php(141): CWebApplication->runController('task/user')
#13 C:\laragon\www\testdrive\framework\base\CApplication.php(185): CWebApplication->processRequest()
#14 C:\laragon\www\testdrive\testdrive\index.php(13): CApplication->run()
#15 {main}
REQUEST_URI=/testdrive/index.php?r=task/user
HTTP_REFERER=http://testdrive.test/testdrive/
---
2021/08/12 05:10:24 [error] [exception.CException] CException: Property "CWebApplication.curl" is not defined. in C:\laragon\www\testdrive\framework\base\CComponent.php:130
Stack trace:
#0 C:\laragon\www\testdrive\framework\base\CModule.php(105): CComponent->__get('curl')
#1 C:\laragon\www\testdrive\testdrive\protected\modules\task\controllers\UserController.php(113): CModule->__get('curl')
#2 C:\laragon\www\testdrive\framework\web\actions\CInlineAction.php(49): UserController->actionIndex()
#3 C:\laragon\www\testdrive\framework\web\CController.php(308): CInlineAction->runWithParams(Array)
#4 C:\laragon\www\testdrive\framework\web\filters\CFilterChain.php(134): CController->runAction(Object(CInlineAction))
#5 C:\laragon\www\testdrive\framework\web\filters\CFilter.php(40): CFilterChain->run()
#6 C:\laragon\www\testdrive\framework\web\CController.php(1148): CFilter->filter(Object(CFilterChain))
#7 C:\laragon\www\testdrive\framework\web\filters\CInlineFilter.php(58): CController->filterAccessControl(Object(CFilterChain))
#8 C:\laragon\www\testdrive\framework\web\filters\CFilterChain.php(131): CInlineFilter->filter(Object(CFilterChain))
#9 C:\laragon\www\testdrive\framework\web\CController.php(291): CFilterChain->run()
#10 C:\laragon\www\testdrive\framework\web\CController.php(265): CController->runActionWithFilters(Object(CInlineAction), Array)
#11 C:\laragon\www\testdrive\framework\web\CWebApplication.php(282): CController->run('')
#12 C:\laragon\www\testdrive\framework\web\CWebApplication.php(141): CWebApplication->runController('task/user')
#13 C:\laragon\www\testdrive\framework\base\CApplication.php(185): CWebApplication->processRequest()
#14 C:\laragon\www\testdrive\testdrive\index.php(13): CApplication->run()
#15 {main}
REQUEST_URI=/testdrive/index.php?r=task/user
HTTP_REFERER=http://testdrive.test/testdrive/
---
2021/08/12 05:10:25 [error] [exception.CException] CException: Property "CWebApplication.curl" is not defined. in C:\laragon\www\testdrive\framework\base\CComponent.php:130
Stack trace:
#0 C:\laragon\www\testdrive\framework\base\CModule.php(105): CComponent->__get('curl')
#1 C:\laragon\www\testdrive\testdrive\protected\modules\task\controllers\UserController.php(113): CModule->__get('curl')
#2 C:\laragon\www\testdrive\framework\web\actions\CInlineAction.php(49): UserController->actionIndex()
#3 C:\laragon\www\testdrive\framework\web\CController.php(308): CInlineAction->runWithParams(Array)
#4 C:\laragon\www\testdrive\framework\web\filters\CFilterChain.php(134): CController->runAction(Object(CInlineAction))
#5 C:\laragon\www\testdrive\framework\web\filters\CFilter.php(40): CFilterChain->run()
#6 C:\laragon\www\testdrive\framework\web\CController.php(1148): CFilter->filter(Object(CFilterChain))
#7 C:\laragon\www\testdrive\framework\web\filters\CInlineFilter.php(58): CController->filterAccessControl(Object(CFilterChain))
#8 C:\laragon\www\testdrive\framework\web\filters\CFilterChain.php(131): CInlineFilter->filter(Object(CFilterChain))
#9 C:\laragon\www\testdrive\framework\web\CController.php(291): CFilterChain->run()
#10 C:\laragon\www\testdrive\framework\web\CController.php(265): CController->runActionWithFilters(Object(CInlineAction), Array)
#11 C:\laragon\www\testdrive\framework\web\CWebApplication.php(282): CController->run('')
#12 C:\laragon\www\testdrive\framework\web\CWebApplication.php(141): CWebApplication->runController('task/user')
#13 C:\laragon\www\testdrive\framework\base\CApplication.php(185): CWebApplication->processRequest()
#14 C:\laragon\www\testdrive\testdrive\index.php(13): CApplication->run()
#15 {main}
REQUEST_URI=/testdrive/index.php?r=task/user
HTTP_REFERER=http://testdrive.test/testdrive/
---
2021/08/12 05:10:25 [error] [exception.CException] CException: Property "CWebApplication.curl" is not defined. in C:\laragon\www\testdrive\framework\base\CComponent.php:130
Stack trace:
#0 C:\laragon\www\testdrive\framework\base\CModule.php(105): CComponent->__get('curl')
#1 C:\laragon\www\testdrive\testdrive\protected\modules\task\controllers\UserController.php(113): CModule->__get('curl')
#2 C:\laragon\www\testdrive\framework\web\actions\CInlineAction.php(49): UserController->actionIndex()
#3 C:\laragon\www\testdrive\framework\web\CController.php(308): CInlineAction->runWithParams(Array)
#4 C:\laragon\www\testdrive\framework\web\filters\CFilterChain.php(134): CController->runAction(Object(CInlineAction))
#5 C:\laragon\www\testdrive\framework\web\filters\CFilter.php(40): CFilterChain->run()
#6 C:\laragon\www\testdrive\framework\web\CController.php(1148): CFilter->filter(Object(CFilterChain))
#7 C:\laragon\www\testdrive\framework\web\filters\CInlineFilter.php(58): CController->filterAccessControl(Object(CFilterChain))
#8 C:\laragon\www\testdrive\framework\web\filters\CFilterChain.php(131): CInlineFilter->filter(Object(CFilterChain))
#9 C:\laragon\www\testdrive\framework\web\CController.php(291): CFilterChain->run()
#10 C:\laragon\www\testdrive\framework\web\CController.php(265): CController->runActionWithFilters(Object(CInlineAction), Array)
#11 C:\laragon\www\testdrive\framework\web\CWebApplication.php(282): CController->run('')
#12 C:\laragon\www\testdrive\framework\web\CWebApplication.php(141): CWebApplication->runController('task/user')
#13 C:\laragon\www\testdrive\framework\base\CApplication.php(185): CWebApplication->processRequest()
#14 C:\laragon\www\testdrive\testdrive\index.php(13): CApplication->run()
#15 {main}
REQUEST_URI=/testdrive/index.php?r=task/user
HTTP_REFERER=http://testdrive.test/testdrive/
---
2021/08/12 05:10:26 [error] [exception.CException] CException: Property "CWebApplication.curl" is not defined. in C:\laragon\www\testdrive\framework\base\CComponent.php:130
Stack trace:
#0 C:\laragon\www\testdrive\framework\base\CModule.php(105): CComponent->__get('curl')
#1 C:\laragon\www\testdrive\testdrive\protected\modules\task\controllers\UserController.php(113): CModule->__get('curl')
#2 C:\laragon\www\testdrive\framework\web\actions\CInlineAction.php(49): UserController->actionIndex()
#3 C:\laragon\www\testdrive\framework\web\CController.php(308): CInlineAction->runWithParams(Array)
#4 C:\laragon\www\testdrive\framework\web\filters\CFilterChain.php(134): CController->runAction(Object(CInlineAction))
#5 C:\laragon\www\testdrive\framework\web\filters\CFilter.php(40): CFilterChain->run()
#6 C:\laragon\www\testdrive\framework\web\CController.php(1148): CFilter->filter(Object(CFilterChain))
#7 C:\laragon\www\testdrive\framework\web\filters\CInlineFilter.php(58): CController->filterAccessControl(Object(CFilterChain))
#8 C:\laragon\www\testdrive\framework\web\filters\CFilterChain.php(131): CInlineFilter->filter(Object(CFilterChain))
#9 C:\laragon\www\testdrive\framework\web\CController.php(291): CFilterChain->run()
#10 C:\laragon\www\testdrive\framework\web\CController.php(265): CController->runActionWithFilters(Object(CInlineAction), Array)
#11 C:\laragon\www\testdrive\framework\web\CWebApplication.php(282): CController->run('')
#12 C:\laragon\www\testdrive\framework\web\CWebApplication.php(141): CWebApplication->runController('task/user')
#13 C:\laragon\www\testdrive\framework\base\CApplication.php(185): CWebApplication->processRequest()
#14 C:\laragon\www\testdrive\testdrive\index.php(13): CApplication->run()
#15 {main}
REQUEST_URI=/testdrive/index.php?r=task/user
HTTP_REFERER=http://testdrive.test/testdrive/
---
2021/08/12 05:10:26 [error] [exception.CException] CException: Property "CWebApplication.curl" is not defined. in C:\laragon\www\testdrive\framework\base\CComponent.php:130
Stack trace:
#0 C:\laragon\www\testdrive\framework\base\CModule.php(105): CComponent->__get('curl')
#1 C:\laragon\www\testdrive\testdrive\protected\modules\task\controllers\UserController.php(113): CModule->__get('curl')
#2 C:\laragon\www\testdrive\framework\web\actions\CInlineAction.php(49): UserController->actionIndex()
#3 C:\laragon\www\testdrive\framework\web\CController.php(308): CInlineAction->runWithParams(Array)
#4 C:\laragon\www\testdrive\framework\web\filters\CFilterChain.php(134): CController->runAction(Object(CInlineAction))
#5 C:\laragon\www\testdrive\framework\web\filters\CFilter.php(40): CFilterChain->run()
#6 C:\laragon\www\testdrive\framework\web\CController.php(1148): CFilter->filter(Object(CFilterChain))
#7 C:\laragon\www\testdrive\framework\web\filters\CInlineFilter.php(58): CController->filterAccessControl(Object(CFilterChain))
#8 C:\laragon\www\testdrive\framework\web\filters\CFilterChain.php(131): CInlineFilter->filter(Object(CFilterChain))
#9 C:\laragon\www\testdrive\framework\web\CController.php(291): CFilterChain->run()
#10 C:\laragon\www\testdrive\framework\web\CController.php(265): CController->runActionWithFilters(Object(CInlineAction), Array)
#11 C:\laragon\www\testdrive\framework\web\CWebApplication.php(282): CController->run('')
#12 C:\laragon\www\testdrive\framework\web\CWebApplication.php(141): CWebApplication->runController('task/user')
#13 C:\laragon\www\testdrive\framework\base\CApplication.php(185): CWebApplication->processRequest()
#14 C:\laragon\www\testdrive\testdrive\index.php(13): CApplication->run()
#15 {main}
REQUEST_URI=/testdrive/index.php?r=task/user
HTTP_REFERER=http://testdrive.test/testdrive/
---
2021/08/12 05:10:49 [error] [exception.CException] CException: Alias "application.extensions.curl.Curl" is invalid. Make sure it points to an existing PHP file and the file is readable. in C:\laragon\www\testdrive\framework\YiiBase.php:330
Stack trace:
#0 C:\laragon\www\testdrive\framework\YiiBase.php(204): YiiBase::import('application.ext...', true)
#1 C:\laragon\www\testdrive\framework\base\CModule.php(393): YiiBase::createComponent(Array)
#2 C:\laragon\www\testdrive\framework\base\CModule.php(103): CModule->getComponent('curl')
#3 C:\laragon\www\testdrive\testdrive\protected\modules\task\controllers\UserController.php(113): CModule->__get('curl')
#4 C:\laragon\www\testdrive\framework\web\actions\CInlineAction.php(49): UserController->actionIndex()
#5 C:\laragon\www\testdrive\framework\web\CController.php(308): CInlineAction->runWithParams(Array)
#6 C:\laragon\www\testdrive\framework\web\filters\CFilterChain.php(134): CController->runAction(Object(CInlineAction))
#7 C:\laragon\www\testdrive\framework\web\filters\CFilter.php(40): CFilterChain->run()
#8 C:\laragon\www\testdrive\framework\web\CController.php(1148): CFilter->filter(Object(CFilterChain))
#9 C:\laragon\www\testdrive\framework\web\filters\CInlineFilter.php(58): CController->filterAccessControl(Object(CFilterChain))
#10 C:\laragon\www\testdrive\framework\web\filters\CFilterChain.php(131): CInlineFilter->filter(Object(CFilterChain))
#11 C:\laragon\www\testdrive\framework\web\CController.php(291): CFilterChain->run()
#12 C:\laragon\www\testdrive\framework\web\CController.php(265): CController->runActionWithFilters(Object(CInlineAction), Array)
#13 C:\laragon\www\testdrive\framework\web\CWebApplication.php(282): CController->run('')
#14 C:\laragon\www\testdrive\framework\web\CWebApplication.php(141): CWebApplication->runController('task/user')
#15 C:\laragon\www\testdrive\framework\base\CApplication.php(185): CWebApplication->processRequest()
#16 C:\laragon\www\testdrive\testdrive\index.php(13): CApplication->run()
#17 {main}
REQUEST_URI=/testdrive/index.php?r=task/user
HTTP_REFERER=http://testdrive.test/testdrive/
---
2021/08/12 05:34:06 [error] [exception.CException] CException: Alias "ext.Curl" is invalid. Make sure it points to an existing PHP file and the file is readable. in C:\laragon\www\testdrive\framework\YiiBase.php:330
Stack trace:
#0 C:\laragon\www\testdrive\framework\YiiBase.php(204): YiiBase::import('ext.Curl', true)
#1 C:\laragon\www\testdrive\framework\base\CModule.php(393): YiiBase::createComponent(Array)
#2 C:\laragon\www\testdrive\framework\base\CModule.php(103): CModule->getComponent('curl')
#3 C:\laragon\www\testdrive\testdrive\protected\modules\task\controllers\UserController.php(114): CModule->__get('curl')
#4 C:\laragon\www\testdrive\framework\web\actions\CInlineAction.php(49): UserController->actionIndex()
#5 C:\laragon\www\testdrive\framework\web\CController.php(308): CInlineAction->runWithParams(Array)
#6 C:\laragon\www\testdrive\framework\web\filters\CFilterChain.php(134): CController->runAction(Object(CInlineAction))
#7 C:\laragon\www\testdrive\framework\web\filters\CFilter.php(40): CFilterChain->run()
#8 C:\laragon\www\testdrive\framework\web\CController.php(1148): CFilter->filter(Object(CFilterChain))
#9 C:\laragon\www\testdrive\framework\web\filters\CInlineFilter.php(58): CController->filterAccessControl(Object(CFilterChain))
#10 C:\laragon\www\testdrive\framework\web\filters\CFilterChain.php(131): CInlineFilter->filter(Object(CFilterChain))
#11 C:\laragon\www\testdrive\framework\web\CController.php(291): CFilterChain->run()
#12 C:\laragon\www\testdrive\framework\web\CController.php(265): CController->runActionWithFilters(Object(CInlineAction), Array)
#13 C:\laragon\www\testdrive\framework\web\CWebApplication.php(282): CController->run('index')
#14 C:\laragon\www\testdrive\framework\web\CWebApplication.php(141): CWebApplication->runController('task/user/index')
#15 C:\laragon\www\testdrive\framework\base\CApplication.php(185): CWebApplication->processRequest()
#16 C:\laragon\www\testdrive\testdrive\index.php(13): CApplication->run()
#17 {main}
REQUEST_URI=/testdrive/index.php?r=task/user/index
HTTP_REFERER=http://testdrive.test/testdrive/index.php?r=task/user/admin
---
2021/08/12 05:36:00 [error] [exception.CException] CException: Alias "ext.Curl" is invalid. Make sure it points to an existing PHP file and the file is readable. in C:\laragon\www\testdrive\framework\YiiBase.php:330
Stack trace:
#0 C:\laragon\www\testdrive\framework\YiiBase.php(204): YiiBase::import('ext.Curl', true)
#1 C:\laragon\www\testdrive\framework\base\CModule.php(393): YiiBase::createComponent(Array)
#2 C:\laragon\www\testdrive\framework\base\CModule.php(103): CModule->getComponent('curl')
#3 C:\laragon\www\testdrive\testdrive\protected\modules\task\controllers\UserController.php(114): CModule->__get('curl')
#4 C:\laragon\www\testdrive\framework\web\actions\CInlineAction.php(49): UserController->actionIndex()
#5 C:\laragon\www\testdrive\framework\web\CController.php(308): CInlineAction->runWithParams(Array)
#6 C:\laragon\www\testdrive\framework\web\filters\CFilterChain.php(134): CController->runAction(Object(CInlineAction))
#7 C:\laragon\www\testdrive\framework\web\filters\CFilter.php(40): CFilterChain->run()
#8 C:\laragon\www\testdrive\framework\web\CController.php(1148): CFilter->filter(Object(CFilterChain))
#9 C:\laragon\www\testdrive\framework\web\filters\CInlineFilter.php(58): CController->filterAccessControl(Object(CFilterChain))
#10 C:\laragon\www\testdrive\framework\web\filters\CFilterChain.php(131): CInlineFilter->filter(Object(CFilterChain))
#11 C:\laragon\www\testdrive\framework\web\CController.php(291): CFilterChain->run()
#12 C:\laragon\www\testdrive\framework\web\CController.php(265): CController->runActionWithFilters(Object(CInlineAction), Array)
#13 C:\laragon\www\testdrive\framework\web\CWebApplication.php(282): CController->run('index')
#14 C:\laragon\www\testdrive\framework\web\CWebApplication.php(141): CWebApplication->runController('task/user/index')
#15 C:\laragon\www\testdrive\framework\base\CApplication.php(185): CWebApplication->processRequest()
#16 C:\laragon\www\testdrive\testdrive\index.php(13): CApplication->run()
#17 {main}
REQUEST_URI=/testdrive/index.php?r=task/user/index
HTTP_REFERER=http://testdrive.test/testdrive/index.php?r=task/user/admin
---
2021/08/12 05:36:27 [error] [exception.CException] CException: Alias "ext.Curl" is invalid. Make sure it points to an existing PHP file and the file is readable. in C:\laragon\www\testdrive\framework\YiiBase.php:330
Stack trace:
#0 C:\laragon\www\testdrive\framework\YiiBase.php(204): YiiBase::import('ext.Curl', true)
#1 C:\laragon\www\testdrive\framework\base\CModule.php(393): YiiBase::createComponent(Array)
#2 C:\laragon\www\testdrive\framework\base\CModule.php(103): CModule->getComponent('curl')
#3 C:\laragon\www\testdrive\testdrive\protected\modules\task\controllers\UserController.php(114): CModule->__get('curl')
#4 C:\laragon\www\testdrive\framework\web\actions\CInlineAction.php(49): UserController->actionIndex()
#5 C:\laragon\www\testdrive\framework\web\CController.php(308): CInlineAction->runWithParams(Array)
#6 C:\laragon\www\testdrive\framework\web\filters\CFilterChain.php(134): CController->runAction(Object(CInlineAction))
#7 C:\laragon\www\testdrive\framework\web\filters\CFilter.php(40): CFilterChain->run()
#8 C:\laragon\www\testdrive\framework\web\CController.php(1148): CFilter->filter(Object(CFilterChain))
#9 C:\laragon\www\testdrive\framework\web\filters\CInlineFilter.php(58): CController->filterAccessControl(Object(CFilterChain))
#10 C:\laragon\www\testdrive\framework\web\filters\CFilterChain.php(131): CInlineFilter->filter(Object(CFilterChain))
#11 C:\laragon\www\testdrive\framework\web\CController.php(291): CFilterChain->run()
#12 C:\laragon\www\testdrive\framework\web\CController.php(265): CController->runActionWithFilters(Object(CInlineAction), Array)
#13 C:\laragon\www\testdrive\framework\web\CWebApplication.php(282): CController->run('index')
#14 C:\laragon\www\testdrive\framework\web\CWebApplication.php(141): CWebApplication->runController('task/user/index')
#15 C:\laragon\www\testdrive\framework\base\CApplication.php(185): CWebApplication->processRequest()
#16 C:\laragon\www\testdrive\testdrive\index.php(13): CApplication->run()
#17 {main}
REQUEST_URI=/testdrive/index.php?r=task/user/index
HTTP_REFERER=http://testdrive.test/testdrive/index.php?r=task/user/admin
---
2021/08/12 05:36:45 [error] [php] A non-numeric value encountered (C:\laragon\www\testdrive\testdrive\protected\extensions\curl\Curl.php:105)
Stack trace:
#0 C:\laragon\www\testdrive\testdrive\protected\extensions\curl\Curl.php(154): Curl->buildUrl()
#1 C:\laragon\www\testdrive\testdrive\protected\modules\task\controllers\UserController.php(114): Curl->get()
#2 C:\laragon\www\testdrive\framework\web\actions\CInlineAction.php(49): UserController->actionIndex()
#3 C:\laragon\www\testdrive\framework\web\CController.php(308): CInlineAction->runWithParams()
#4 C:\laragon\www\testdrive\framework\web\filters\CFilterChain.php(134): UserController->runAction()
#5 C:\laragon\www\testdrive\framework\web\filters\CFilter.php(40): CFilterChain->run()
#6 C:\laragon\www\testdrive\framework\web\CController.php(1148): CAccessControlFilter->filter()
#7 C:\laragon\www\testdrive\framework\web\filters\CInlineFilter.php(58): UserController->filterAccessControl()
#8 C:\laragon\www\testdrive\framework\web\filters\CFilterChain.php(131): CInlineFilter->filter()
#9 C:\laragon\www\testdrive\framework\web\CController.php(291): CFilterChain->run()
#10 C:\laragon\www\testdrive\framework\web\CController.php(265): UserController->runActionWithFilters()
#11 C:\laragon\www\testdrive\framework\web\CWebApplication.php(282): UserController->run()
#12 C:\laragon\www\testdrive\framework\web\CWebApplication.php(141): CWebApplication->runController()
#13 C:\laragon\www\testdrive\framework\base\CApplication.php(185): CWebApplication->processRequest()
#14 C:\laragon\www\testdrive\testdrive\index.php(13): CWebApplication->run()
REQUEST_URI=/testdrive/index.php?r=task/user/index
in C:\laragon\www\testdrive\testdrive\protected\extensions\curl\Curl.php (105)
in C:\laragon\www\testdrive\testdrive\protected\extensions\curl\Curl.php (154)
in C:\laragon\www\testdrive\testdrive\protected\modules\task\controllers\UserController.php (114)
2021/08/12 05:36:58 [error] [php] Undefined index: scheme (C:\laragon\www\testdrive\testdrive\protected\extensions\curl\Curl.php:113)
Stack trace:
#0 C:\laragon\www\testdrive\testdrive\protected\extensions\curl\Curl.php(154): Curl->buildUrl()
#1 C:\laragon\www\testdrive\testdrive\protected\modules\task\controllers\UserController.php(114): Curl->get()
#2 C:\laragon\www\testdrive\framework\web\actions\CInlineAction.php(49): UserController->actionIndex()
#3 C:\laragon\www\testdrive\framework\web\CController.php(308): CInlineAction->runWithParams()
#4 C:\laragon\www\testdrive\framework\web\filters\CFilterChain.php(134): UserController->runAction()
#5 C:\laragon\www\testdrive\framework\web\filters\CFilter.php(40): CFilterChain->run()
#6 C:\laragon\www\testdrive\framework\web\CController.php(1148): CAccessControlFilter->filter()
#7 C:\laragon\www\testdrive\framework\web\filters\CInlineFilter.php(58): UserController->filterAccessControl()
#8 C:\laragon\www\testdrive\framework\web\filters\CFilterChain.php(131): CInlineFilter->filter()
#9 C:\laragon\www\testdrive\framework\web\CController.php(291): CFilterChain->run()
#10 C:\laragon\www\testdrive\framework\web\CController.php(265): UserController->runActionWithFilters()
#11 C:\laragon\www\testdrive\framework\web\CWebApplication.php(282): UserController->run()
#12 C:\laragon\www\testdrive\framework\web\CWebApplication.php(141): CWebApplication->runController()
#13 C:\laragon\www\testdrive\framework\base\CApplication.php(185): CWebApplication->processRequest()
#14 C:\laragon\www\testdrive\testdrive\index.php(13): CWebApplication->run()
REQUEST_URI=/testdrive/index.php?r=task/user/index
in C:\laragon\www\testdrive\testdrive\protected\extensions\curl\Curl.php (113)
in C:\laragon\www\testdrive\testdrive\protected\extensions\curl\Curl.php (154)
in C:\laragon\www\testdrive\testdrive\protected\modules\task\controllers\UserController.php (114)
2021/08/12 05:37:02 [error] [php] Undefined index: scheme (C:\laragon\www\testdrive\testdrive\protected\extensions\curl\Curl.php:113)
Stack trace:
#0 C:\laragon\www\testdrive\testdrive\protected\extensions\curl\Curl.php(154): Curl->buildUrl()
#1 C:\laragon\www\testdrive\testdrive\protected\modules\task\controllers\UserController.php(114): Curl->get()
#2 C:\laragon\www\testdrive\framework\web\actions\CInlineAction.php(49): UserController->actionIndex()
#3 C:\laragon\www\testdrive\framework\web\CController.php(308): CInlineAction->runWithParams()
#4 C:\laragon\www\testdrive\framework\web\filters\CFilterChain.php(134): UserController->runAction()
#5 C:\laragon\www\testdrive\framework\web\filters\CFilter.php(40): CFilterChain->run()
#6 C:\laragon\www\testdrive\framework\web\CController.php(1148): CAccessControlFilter->filter()
#7 C:\laragon\www\testdrive\framework\web\filters\CInlineFilter.php(58): UserController->filterAccessControl()
#8 C:\laragon\www\testdrive\framework\web\filters\CFilterChain.php(131): CInlineFilter->filter()
#9 C:\laragon\www\testdrive\framework\web\CController.php(291): CFilterChain->run()
#10 C:\laragon\www\testdrive\framework\web\CController.php(265): UserController->runActionWithFilters()
#11 C:\laragon\www\testdrive\framework\web\CWebApplication.php(282): UserController->run()
#12 C:\laragon\www\testdrive\framework\web\CWebApplication.php(141): CWebApplication->runController()
#13 C:\laragon\www\testdrive\framework\base\CApplication.php(185): CWebApplication->processRequest()
#14 C:\laragon\www\testdrive\testdrive\index.php(13): CWebApplication->run()
REQUEST_URI=/testdrive/index.php?r=task/user/index
in C:\laragon\www\testdrive\testdrive\protected\extensions\curl\Curl.php (113)
in C:\laragon\www\testdrive\testdrive\protected\extensions\curl\Curl.php (154)
in C:\laragon\www\testdrive\testdrive\protected\modules\task\controllers\UserController.php (114)
2021/08/12 05:38:15 [error] [php] Undefined index: scheme (C:\laragon\www\testdrive\testdrive\protected\extensions\curl\Curl.php:113)
Stack trace:
#0 C:\laragon\www\testdrive\testdrive\protected\extensions\curl\Curl.php(154): Curl->buildUrl()
#1 C:\laragon\www\testdrive\testdrive\protected\modules\task\controllers\UserController.php(114): Curl->get()
#2 C:\laragon\www\testdrive\framework\web\actions\CInlineAction.php(49): UserController->actionIndex()
#3 C:\laragon\www\testdrive\framework\web\CController.php(308): CInlineAction->runWithParams()
#4 C:\laragon\www\testdrive\framework\web\filters\CFilterChain.php(134): UserController->runAction()
#5 C:\laragon\www\testdrive\framework\web\filters\CFilter.php(40): CFilterChain->run()
#6 C:\laragon\www\testdrive\framework\web\CController.php(1148): CAccessControlFilter->filter()
#7 C:\laragon\www\testdrive\framework\web\filters\CInlineFilter.php(58): UserController->filterAccessControl()
#8 C:\laragon\www\testdrive\framework\web\filters\CFilterChain.php(131): CInlineFilter->filter()
#9 C:\laragon\www\testdrive\framework\web\CController.php(291): CFilterChain->run()
#10 C:\laragon\www\testdrive\framework\web\CController.php(265): UserController->runActionWithFilters()
#11 C:\laragon\www\testdrive\framework\web\CWebApplication.php(282): UserController->run()
#12 C:\laragon\www\testdrive\framework\web\CWebApplication.php(141): CWebApplication->runController()
#13 C:\laragon\www\testdrive\framework\base\CApplication.php(185): CWebApplication->processRequest()
#14 C:\laragon\www\testdrive\testdrive\index.php(13): CWebApplication->run()
REQUEST_URI=/testdrive/index.php?r=task/user/index
in C:\laragon\www\testdrive\testdrive\protected\extensions\curl\Curl.php (113)
in C:\laragon\www\testdrive\testdrive\protected\extensions\curl\Curl.php (154)
in C:\laragon\www\testdrive\testdrive\protected\modules\task\controllers\UserController.php (114)
2021/08/12 05:39:48 [error] [php] parse_url() expects parameter 1 to be string, array given (C:\laragon\www\testdrive\testdrive\protected\extensions\curl\Curl.php:101)
Stack trace:
#0 C:\laragon\www\testdrive\testdrive\protected\extensions\curl\Curl.php(101): parse_url()
#1 C:\laragon\www\testdrive\testdrive\protected\extensions\curl\Curl.php(154): Curl->buildUrl()
#2 C:\laragon\www\testdrive\testdrive\protected\modules\task\controllers\UserController.php(114): Curl->get()
#3 C:\laragon\www\testdrive\framework\web\actions\CInlineAction.php(49): UserController->actionIndex()
#4 C:\laragon\www\testdrive\framework\web\CController.php(308): CInlineAction->runWithParams()
#5 C:\laragon\www\testdrive\framework\web\filters\CFilterChain.php(134): UserController->runAction()
#6 C:\laragon\www\testdrive\framework\web\filters\CFilter.php(40): CFilterChain->run()
#7 C:\laragon\www\testdrive\framework\web\CController.php(1148): CAccessControlFilter->filter()
#8 C:\laragon\www\testdrive\framework\web\filters\CInlineFilter.php(58): UserController->filterAccessControl()
#9 C:\laragon\www\testdrive\framework\web\filters\CFilterChain.php(131): CInlineFilter->filter()
#10 C:\laragon\www\testdrive\framework\web\CController.php(291): CFilterChain->run()
#11 C:\laragon\www\testdrive\framework\web\CController.php(265): UserController->runActionWithFilters()
#12 C:\laragon\www\testdrive\framework\web\CWebApplication.php(282): UserController->run()
#13 C:\laragon\www\testdrive\framework\web\CWebApplication.php(141): CWebApplication->runController()
#14 C:\laragon\www\testdrive\framework\base\CApplication.php(185): CWebApplication->processRequest()
#15 C:\laragon\www\testdrive\testdrive\index.php(13): CWebApplication->run()
REQUEST_URI=/testdrive/index.php?r=task/user/index
in C:\laragon\www\testdrive\testdrive\protected\extensions\curl\Curl.php (101)
in C:\laragon\www\testdrive\testdrive\protected\extensions\curl\Curl.php (154)
in C:\laragon\www\testdrive\testdrive\protected\modules\task\controllers\UserController.php (114)
2021/08/12 05:39:55 [error] [php] Undefined index: scheme (C:\laragon\www\testdrive\testdrive\protected\extensions\curl\Curl.php:113)
Stack trace:
#0 C:\laragon\www\testdrive\testdrive\protected\extensions\curl\Curl.php(154): Curl->buildUrl()
#1 C:\laragon\www\testdrive\testdrive\protected\modules\task\controllers\UserController.php(114): Curl->get()
#2 C:\laragon\www\testdrive\framework\web\actions\CInlineAction.php(49): UserController->actionIndex()
#3 C:\laragon\www\testdrive\framework\web\CController.php(308): CInlineAction->runWithParams()
#4 C:\laragon\www\testdrive\framework\web\filters\CFilterChain.php(134): UserController->runAction()
#5 C:\laragon\www\testdrive\framework\web\filters\CFilter.php(40): CFilterChain->run()
#6 C:\laragon\www\testdrive\framework\web\CController.php(1148): CAccessControlFilter->filter()
#7 C:\laragon\www\testdrive\framework\web\filters\CInlineFilter.php(58): UserController->filterAccessControl()
#8 C:\laragon\www\testdrive\framework\web\filters\CFilterChain.php(131): CInlineFilter->filter()
#9 C:\laragon\www\testdrive\framework\web\CController.php(291): CFilterChain->run()
#10 C:\laragon\www\testdrive\framework\web\CController.php(265): UserController->runActionWithFilters()
#11 C:\laragon\www\testdrive\framework\web\CWebApplication.php(282): UserController->run()
#12 C:\laragon\www\testdrive\framework\web\CWebApplication.php(141): CWebApplication->runController()
#13 C:\laragon\www\testdrive\framework\base\CApplication.php(185): CWebApplication->processRequest()
#14 C:\laragon\www\testdrive\testdrive\index.php(13): CWebApplication->run()
REQUEST_URI=/testdrive/index.php?r=task/user/index
in C:\laragon\www\testdrive\testdrive\protected\extensions\curl\Curl.php (113)
in C:\laragon\www\testdrive\testdrive\protected\extensions\curl\Curl.php (154)
in C:\laragon\www\testdrive\testdrive\protected\modules\task\controllers\UserController.php (114)
2021/08/12 05:41:10 [error] [php] Undefined index: scheme (C:\laragon\www\testdrive\testdrive\protected\extensions\curl\Curl.php:113)
Stack trace:
#0 C:\laragon\www\testdrive\testdrive\protected\extensions\curl\Curl.php(154): Curl->buildUrl()
#1 C:\laragon\www\testdrive\testdrive\protected\modules\task\controllers\UserController.php(114): Curl->get()
#2 C:\laragon\www\testdrive\framework\web\actions\CInlineAction.php(49): UserController->actionIndex()
#3 C:\laragon\www\testdrive\framework\web\CController.php(308): CInlineAction->runWithParams()
#4 C:\laragon\www\testdrive\framework\web\filters\CFilterChain.php(134): UserController->runAction()
#5 C:\laragon\www\testdrive\framework\web\filters\CFilter.php(40): CFilterChain->run()
#6 C:\laragon\www\testdrive\framework\web\CController.php(1148): CAccessControlFilter->filter()
#7 C:\laragon\www\testdrive\framework\web\filters\CInlineFilter.php(58): UserController->filterAccessControl()
#8 C:\laragon\www\testdrive\framework\web\filters\CFilterChain.php(131): CInlineFilter->filter()
#9 C:\laragon\www\testdrive\framework\web\CController.php(291): CFilterChain->run()
#10 C:\laragon\www\testdrive\framework\web\CController.php(265): UserController->runActionWithFilters()
#11 C:\laragon\www\testdrive\framework\web\CWebApplication.php(282): UserController->run()
#12 C:\laragon\www\testdrive\framework\web\CWebApplication.php(141): CWebApplication->runController()
#13 C:\laragon\www\testdrive\framework\base\CApplication.php(185): CWebApplication->processRequest()
#14 C:\laragon\www\testdrive\testdrive\index.php(13): CWebApplication->run()
REQUEST_URI=/testdrive/index.php?r=task/user/index
in C:\laragon\www\testdrive\testdrive\protected\extensions\curl\Curl.php (113)
in C:\laragon\www\testdrive\testdrive\protected\extensions\curl\Curl.php (154)
in C:\laragon\www\testdrive\testdrive\protected\modules\task\controllers\UserController.php (114)
2021/08/12 05:41:32 [error] [php] Undefined variable: params (C:\laragon\www\testdrive\testdrive\protected\modules\task\controllers\UserController.php:114)
Stack trace:
#0 C:\laragon\www\testdrive\framework\web\actions\CInlineAction.php(49): UserController->actionIndex()
#1 C:\laragon\www\testdrive\framework\web\CController.php(308): CInlineAction->runWithParams()
#2 C:\laragon\www\testdrive\framework\web\filters\CFilterChain.php(134): UserController->runAction()
#3 C:\laragon\www\testdrive\framework\web\filters\CFilter.php(40): CFilterChain->run()
#4 C:\laragon\www\testdrive\framework\web\CController.php(1148): CAccessControlFilter->filter()
#5 C:\laragon\www\testdrive\framework\web\filters\CInlineFilter.php(58): UserController->filterAccessControl()
#6 C:\laragon\www\testdrive\framework\web\filters\CFilterChain.php(131): CInlineFilter->filter()
#7 C:\laragon\www\testdrive\framework\web\CController.php(291): CFilterChain->run()
#8 C:\laragon\www\testdrive\framework\web\CController.php(265): UserController->runActionWithFilters()
#9 C:\laragon\www\testdrive\framework\web\CWebApplication.php(282): UserController->run()
#10 C:\laragon\www\testdrive\framework\web\CWebApplication.php(141): CWebApplication->runController()
#11 C:\laragon\www\testdrive\framework\base\CApplication.php(185): CWebApplication->processRequest()
#12 C:\laragon\www\testdrive\testdrive\index.php(13): CWebApplication->run()
REQUEST_URI=/testdrive/index.php?r=task/user/index
in C:\laragon\www\testdrive\testdrive\protected\modules\task\controllers\UserController.php (114)
in C:\laragon\www\testdrive\testdrive\index.php (13)
2021/08/12 05:41:45 [error] [php] Undefined index: scheme (C:\laragon\www\testdrive\testdrive\protected\extensions\curl\Curl.php:113)
Stack trace:
#0 C:\laragon\www\testdrive\testdrive\protected\extensions\curl\Curl.php(154): Curl->buildUrl()
#1 C:\laragon\www\testdrive\testdrive\protected\modules\task\controllers\UserController.php(115): Curl->get()
#2 C:\laragon\www\testdrive\framework\web\actions\CInlineAction.php(49): UserController->actionIndex()
#3 C:\laragon\www\testdrive\framework\web\CController.php(308): CInlineAction->runWithParams()
#4 C:\laragon\www\testdrive\framework\web\filters\CFilterChain.php(134): UserController->runAction()
#5 C:\laragon\www\testdrive\framework\web\filters\CFilter.php(40): CFilterChain->run()
#6 C:\laragon\www\testdrive\framework\web\CController.php(1148): CAccessControlFilter->filter()
#7 C:\laragon\www\testdrive\framework\web\filters\CInlineFilter.php(58): UserController->filterAccessControl()
#8 C:\laragon\www\testdrive\framework\web\filters\CFilterChain.php(131): CInlineFilter->filter()
#9 C:\laragon\www\testdrive\framework\web\CController.php(291): CFilterChain->run()
#10 C:\laragon\www\testdrive\framework\web\CController.php(265): UserController->runActionWithFilters()
#11 C:\laragon\www\testdrive\framework\web\CWebApplication.php(282): UserController->run()
#12 C:\laragon\www\testdrive\framework\web\CWebApplication.php(141): CWebApplication->runController()
#13 C:\laragon\www\testdrive\framework\base\CApplication.php(185): CWebApplication->processRequest()
#14 C:\laragon\www\testdrive\testdrive\index.php(13): CWebApplication->run()
REQUEST_URI=/testdrive/index.php?r=task/user/index
in C:\laragon\www\testdrive\testdrive\protected\extensions\curl\Curl.php (113)
in C:\laragon\www\testdrive\testdrive\protected\extensions\curl\Curl.php (154)
in C:\laragon\www\testdrive\testdrive\protected\modules\task\controllers\UserController.php (115)
2021/08/12 05:44:50 [error] [php] Undefined index: host (C:\laragon\www\testdrive\testdrive\protected\extensions\curl\Curl.php:113)
Stack trace:
#0 C:\laragon\www\testdrive\testdrive\protected\extensions\curl\Curl.php(154): Curl->buildUrl()
#1 C:\laragon\www\testdrive\testdrive\protected\modules\task\controllers\UserController.php(115): Curl->get()
#2 C:\laragon\www\testdrive\framework\web\actions\CInlineAction.php(49): UserController->actionIndex()
#3 C:\laragon\www\testdrive\framework\web\CController.php(308): CInlineAction->runWithParams()
#4 C:\laragon\www\testdrive\framework\web\filters\CFilterChain.php(134): UserController->runAction()
#5 C:\laragon\www\testdrive\framework\web\filters\CFilter.php(40): CFilterChain->run()
#6 C:\laragon\www\testdrive\framework\web\CController.php(1148): CAccessControlFilter->filter()
#7 C:\laragon\www\testdrive\framework\web\filters\CInlineFilter.php(58): UserController->filterAccessControl()
#8 C:\laragon\www\testdrive\framework\web\filters\CFilterChain.php(131): CInlineFilter->filter()
#9 C:\laragon\www\testdrive\framework\web\CController.php(291): CFilterChain->run()
#10 C:\laragon\www\testdrive\framework\web\CController.php(265): UserController->runActionWithFilters()
#11 C:\laragon\www\testdrive\framework\web\CWebApplication.php(282): UserController->run()
#12 C:\laragon\www\testdrive\framework\web\CWebApplication.php(141): CWebApplication->runController()
#13 C:\laragon\www\testdrive\framework\base\CApplication.php(185): CWebApplication->processRequest()
#14 C:\laragon\www\testdrive\testdrive\index.php(13): CWebApplication->run()
REQUEST_URI=/testdrive/index.php?r=task/user/index
in C:\laragon\www\testdrive\testdrive\protected\extensions\curl\Curl.php (113)
in C:\laragon\www\testdrive\testdrive\protected\extensions\curl\Curl.php (154)
in C:\laragon\www\testdrive\testdrive\protected\modules\task\controllers\UserController.php (115)
2021/08/12 06:47:34 [error] [exception.CHttpException.404] CHttpException: The system is unable to find the requested action "user-list". in C:\laragon\www\testdrive\framework\web\CController.php:486
Stack trace:
#0 C:\laragon\www\testdrive\framework\web\CController.php(270): CController->missingAction('user-list')
#1 C:\laragon\www\testdrive\framework\web\CWebApplication.php(282): CController->run('user-list')
#2 C:\laragon\www\testdrive\framework\web\CWebApplication.php(141): CWebApplication->runController('site/user-list')
#3 C:\laragon\www\testdrive\framework\base\CApplication.php(185): CWebApplication->processRequest()
#4 C:\laragon\www\testdrive\testdrive\index.php(13): CApplication->run()
#5 {main}
REQUEST_URI=/testdrive/index.php?r=site%2Fuser-list
---
2021/08/12 06:48:00 [error] [exception.CHttpException.404] CHttpException: The system is unable to find the requested action "user-list". in C:\laragon\www\testdrive\framework\web\CController.php:486
Stack trace:
#0 C:\laragon\www\testdrive\framework\web\CController.php(270): CController->missingAction('user-list')
#1 C:\laragon\www\testdrive\framework\web\CWebApplication.php(282): CController->run('user-list')
#2 C:\laragon\www\testdrive\framework\web\CWebApplication.php(141): CWebApplication->runController('site/user-list')
#3 C:\laragon\www\testdrive\framework\base\CApplication.php(185): CWebApplication->processRequest()
#4 C:\laragon\www\testdrive\testdrive\index.php(13): CApplication->run()
#5 {main}
REQUEST_URI=/testdrive/index.php?r=site%2Fuser-list
---
2021/08/12 06:48:05 [error] [exception.CHttpException.404] CHttpException: The system is unable to find the requested action "user-list". in C:\laragon\www\testdrive\framework\web\CController.php:486
Stack trace:
#0 C:\laragon\www\testdrive\framework\web\CController.php(270): CController->missingAction('user-list')
#1 C:\laragon\www\testdrive\framework\web\CWebApplication.php(282): CController->run('user-list')
#2 C:\laragon\www\testdrive\framework\web\CWebApplication.php(141): CWebApplication->runController('site/user-list')
#3 C:\laragon\www\testdrive\framework\base\CApplication.php(185): CWebApplication->processRequest()
#4 C:\laragon\www\testdrive\testdrive\index.php(13): CApplication->run()
#5 {main}
REQUEST_URI=/testdrive/index.php?r=site%2Fuser-list
---
2021/08/12 06:48:08 [error] [exception.CHttpException.404] CHttpException: The system is unable to find the requested action "user-list". in C:\laragon\www\testdrive\framework\web\CController.php:486
Stack trace:
#0 C:\laragon\www\testdrive\framework\web\CController.php(270): CController->missingAction('user-list')
#1 C:\laragon\www\testdrive\framework\web\CWebApplication.php(282): CController->run('user-list')
#2 C:\laragon\www\testdrive\framework\web\CWebApplication.php(141): CWebApplication->runController('site/user-list')
#3 C:\laragon\www\testdrive\framework\base\CApplication.php(185): CWebApplication->processRequest()
#4 C:\laragon\www\testdrive\testdrive\index.php(13): CApplication->run()
#5 {main}
REQUEST_URI=/testdrive/index.php?r=site%2Fuser-list
---
2021/08/12 06:48:09 [error] [exception.CHttpException.404] CHttpException: The system is unable to find the requested action "user-list". in C:\laragon\www\testdrive\framework\web\CController.php:486
Stack trace:
#0 C:\laragon\www\testdrive\framework\web\CController.php(270): CController->missingAction('user-list')
#1 C:\laragon\www\testdrive\framework\web\CWebApplication.php(282): CController->run('user-list')
#2 C:\laragon\www\testdrive\framework\web\CWebApplication.php(141): CWebApplication->runController('site/user-list')
#3 C:\laragon\www\testdrive\framework\base\CApplication.php(185): CWebApplication->processRequest()
#4 C:\laragon\www\testdrive\testdrive\index.php(13): CApplication->run()
#5 {main}
REQUEST_URI=/testdrive/index.php?r=site%2Fuser-list
---
2021/08/12 06:48:10 [error] [exception.CHttpException.404] CHttpException: The system is unable to find the requested action "user-list". in C:\laragon\www\testdrive\framework\web\CController.php:486
Stack trace:
#0 C:\laragon\www\testdrive\framework\web\CController.php(270): CController->missingAction('user-list')
#1 C:\laragon\www\testdrive\framework\web\CWebApplication.php(282): CController->run('user-list')
#2 C:\laragon\www\testdrive\framework\web\CWebApplication.php(141): CWebApplication->runController('site/user-list')
#3 C:\laragon\www\testdrive\framework\base\CApplication.php(185): CWebApplication->processRequest()
#4 C:\laragon\www\testdrive\testdrive\index.php(13): CApplication->run()
#5 {main}
REQUEST_URI=/testdrive/index.php?r=site%2Fuser-list
---
2021/08/12 06:48:10 [error] [exception.CHttpException.404] CHttpException: The system is unable to find the requested action "user-list". in C:\laragon\www\testdrive\framework\web\CController.php:486
Stack trace:
#0 C:\laragon\www\testdrive\framework\web\CController.php(270): CController->missingAction('user-list')
#1 C:\laragon\www\testdrive\framework\web\CWebApplication.php(282): CController->run('user-list')
#2 C:\laragon\www\testdrive\framework\web\CWebApplication.php(141): CWebApplication->runController('site/user-list')
#3 C:\laragon\www\testdrive\framework\base\CApplication.php(185): CWebApplication->processRequest()
#4 C:\laragon\www\testdrive\testdrive\index.php(13): CApplication->run()
#5 {main}
REQUEST_URI=/testdrive/index.php?r=site%2Fuser-list
---
2021/08/12 06:48:10 [error] [exception.CHttpException.404] CHttpException: The system is unable to find the requested action "user-list". in C:\laragon\www\testdrive\framework\web\CController.php:486
Stack trace:
#0 C:\laragon\www\testdrive\framework\web\CController.php(270): CController->missingAction('user-list')
#1 C:\laragon\www\testdrive\framework\web\CWebApplication.php(282): CController->run('user-list')
#2 C:\laragon\www\testdrive\framework\web\CWebApplication.php(141): CWebApplication->runController('site/user-list')
#3 C:\laragon\www\testdrive\framework\base\CApplication.php(185): CWebApplication->processRequest()
#4 C:\laragon\www\testdrive\testdrive\index.php(13): CApplication->run()
#5 {main}
REQUEST_URI=/testdrive/index.php?r=site%2Fuser-list
---
2021/08/12 06:48:10 [error] [exception.CHttpException.404] CHttpException: The system is unable to find the requested action "user-list". in C:\laragon\www\testdrive\framework\web\CController.php:486
Stack trace:
#0 C:\laragon\www\testdrive\framework\web\CController.php(270): CController->missingAction('user-list')
#1 C:\laragon\www\testdrive\framework\web\CWebApplication.php(282): CController->run('user-list')
#2 C:\laragon\www\testdrive\framework\web\CWebApplication.php(141): CWebApplication->runController('site/user-list')
#3 C:\laragon\www\testdrive\framework\base\CApplication.php(185): CWebApplication->processRequest()
#4 C:\laragon\www\testdrive\testdrive\index.php(13): CApplication->run()
#5 {main}
REQUEST_URI=/testdrive/index.php?r=site%2Fuser-list
---
2021/08/12 06:48:10 [error] [exception.CHttpException.404] CHttpException: The system is unable to find the requested action "user-list". in C:\laragon\www\testdrive\framework\web\CController.php:486
Stack trace:
#0 C:\laragon\www\testdrive\framework\web\CController.php(270): CController->missingAction('user-list')
#1 C:\laragon\www\testdrive\framework\web\CWebApplication.php(282): CController->run('user-list')
#2 C:\laragon\www\testdrive\framework\web\CWebApplication.php(141): CWebApplication->runController('site/user-list')
#3 C:\laragon\www\testdrive\framework\base\CApplication.php(185): CWebApplication->processRequest()
#4 C:\laragon\www\testdrive\testdrive\index.php(13): CApplication->run()
#5 {main}
REQUEST_URI=/testdrive/index.php?r=site%2Fuser-list
---
2021/08/12 06:48:11 [error] [exception.CHttpException.404] CHttpException: The system is unable to find the requested action "user-list". in C:\laragon\www\testdrive\framework\web\CController.php:486
Stack trace:
#0 C:\laragon\www\testdrive\framework\web\CController.php(270): CController->missingAction('user-list')
#1 C:\laragon\www\testdrive\framework\web\CWebApplication.php(282): CController->run('user-list')
#2 C:\laragon\www\testdrive\framework\web\CWebApplication.php(141): CWebApplication->runController('site/user-list')
#3 C:\laragon\www\testdrive\framework\base\CApplication.php(185): CWebApplication->processRequest()
#4 C:\laragon\www\testdrive\testdrive\index.php(13): CApplication->run()
#5 {main}
REQUEST_URI=/testdrive/index.php?r=site%2Fuser-list
---
2021/08/12 06:48:16 [error] [exception.CHttpException.404] CHttpException: The system is unable to find the requested action "user-list". in C:\laragon\www\testdrive\framework\web\CController.php:486
Stack trace:
#0 C:\laragon\www\testdrive\framework\web\CController.php(270): CController->missingAction('user-list')
#1 C:\laragon\www\testdrive\framework\web\CWebApplication.php(282): CController->run('user-list')
#2 C:\laragon\www\testdrive\framework\web\CWebApplication.php(141): CWebApplication->runController('site/user-list')
#3 C:\laragon\www\testdrive\framework\base\CApplication.php(185): CWebApplication->processRequest()
#4 C:\laragon\www\testdrive\testdrive\index.php(13): CApplication->run()
#5 {main}
REQUEST_URI=/testdrive/index.php?r=site%2Fuser-list
---
2021/08/12 06:48:26 [error] [exception.CHttpException.404] CHttpException: The system is unable to find the requested action "user-list". in C:\laragon\www\testdrive\framework\web\CController.php:486
Stack trace:
#0 C:\laragon\www\testdrive\framework\web\CController.php(270): CController->missingAction('user-list')
#1 C:\laragon\www\testdrive\framework\web\CWebApplication.php(282): CController->run('user-list')
#2 C:\laragon\www\testdrive\framework\web\CWebApplication.php(141): CWebApplication->runController('site/user-list')
#3 C:\laragon\www\testdrive\framework\base\CApplication.php(185): CWebApplication->processRequest()
#4 C:\laragon\www\testdrive\testdrive\index.php(13): CApplication->run()
#5 {main}
REQUEST_URI=/testdrive/index.php?r=site%2Fuser-list
---
2021/08/12 06:48:27 [error] [exception.CHttpException.404] CHttpException: The system is unable to find the requested action "user-list". in C:\laragon\www\testdrive\framework\web\CController.php:486
Stack trace:
#0 C:\laragon\www\testdrive\framework\web\CController.php(270): CController->missingAction('user-list')
#1 C:\laragon\www\testdrive\framework\web\CWebApplication.php(282): CController->run('user-list')
#2 C:\laragon\www\testdrive\framework\web\CWebApplication.php(141): CWebApplication->runController('site/user-list')
#3 C:\laragon\www\testdrive\framework\base\CApplication.php(185): CWebApplication->processRequest()
#4 C:\laragon\www\testdrive\testdrive\index.php(13): CApplication->run()
#5 {main}
REQUEST_URI=/testdrive/index.php?r=site%2Fuser-list
---
2021/08/12 06:48:37 [error] [exception.CHttpException.404] CHttpException: The system is unable to find the requested action "user-list". in C:\laragon\www\testdrive\framework\web\CController.php:486
Stack trace:
#0 C:\laragon\www\testdrive\framework\web\CController.php(270): CController->missingAction('user-list')
#1 C:\laragon\www\testdrive\framework\web\CWebApplication.php(282): CController->run('user-list')
#2 C:\laragon\www\testdrive\framework\web\CWebApplication.php(141): CWebApplication->runController('site/user-list')
#3 C:\laragon\www\testdrive\framework\base\CApplication.php(185): CWebApplication->processRequest()
#4 C:\laragon\www\testdrive\testdrive\index.php(13): CApplication->run()
#5 {main}
REQUEST_URI=/testdrive/index.php?r=site%2Fuser-list
---
2021/08/12 06:49:08 [error] [exception.CHttpException.404] CHttpException: The system is unable to find the requested action "user-list". in C:\laragon\www\testdrive\framework\web\CController.php:486
Stack trace:
#0 C:\laragon\www\testdrive\framework\web\CController.php(270): CController->missingAction('user-list')
#1 C:\laragon\www\testdrive\framework\web\CWebApplication.php(282): CController->run('user-list')
#2 C:\laragon\www\testdrive\framework\web\CWebApplication.php(141): CWebApplication->runController('site/user-list')
#3 C:\laragon\www\testdrive\framework\base\CApplication.php(185): CWebApplication->processRequest()
#4 C:\laragon\www\testdrive\testdrive\index.php(13): CApplication->run()
#5 {main}
REQUEST_URI=/testdrive/index.php?r=site/user-list
---
2021/08/12 06:52:22 [error] [exception.CHttpException.404] CHttpException: The system is unable to find the requested action "user-list". in C:\laragon\www\testdrive\framework\web\CController.php:486
Stack trace:
#0 C:\laragon\www\testdrive\framework\web\CController.php(270): CController->missingAction('user-list')
#1 C:\laragon\www\testdrive\framework\web\CWebApplication.php(282): CController->run('user-list')
#2 C:\laragon\www\testdrive\framework\web\CWebApplication.php(141): CWebApplication->runController('site/user-list')
#3 C:\laragon\www\testdrive\framework\base\CApplication.php(185): CWebApplication->processRequest()
#4 C:\laragon\www\testdrive\testdrive\index.php(13): CApplication->run()
#5 {main}
REQUEST_URI=/testdrive/index.php?r=site/user-list
---
2021/08/12 06:52:24 [error] [exception.CHttpException.404] CHttpException: The system is unable to find the requested action "user-list". in C:\laragon\www\testdrive\framework\web\CController.php:486
Stack trace:
#0 C:\laragon\www\testdrive\framework\web\CController.php(270): CController->missingAction('user-list')
#1 C:\laragon\www\testdrive\framework\web\CWebApplication.php(282): CController->run('user-list')
#2 C:\laragon\www\testdrive\framework\web\CWebApplication.php(141): CWebApplication->runController('site/user-list')
#3 C:\laragon\www\testdrive\framework\base\CApplication.php(185): CWebApplication->processRequest()
#4 C:\laragon\www\testdrive\testdrive\index.php(13): CApplication->run()
#5 {main}
REQUEST_URI=/testdrive/index.php?r=site/user-list
---
2021/08/12 06:52:24 [error] [exception.CHttpException.404] CHttpException: The system is unable to find the requested action "user-list". in C:\laragon\www\testdrive\framework\web\CController.php:486
Stack trace:
#0 C:\laragon\www\testdrive\framework\web\CController.php(270): CController->missingAction('user-list')
#1 C:\laragon\www\testdrive\framework\web\CWebApplication.php(282): CController->run('user-list')
#2 C:\laragon\www\testdrive\framework\web\CWebApplication.php(141): CWebApplication->runController('site/user-list')
#3 C:\laragon\www\testdrive\framework\base\CApplication.php(185): CWebApplication->processRequest()
#4 C:\laragon\www\testdrive\testdrive\index.php(13): CApplication->run()
#5 {main}
REQUEST_URI=/testdrive/index.php?r=site/user-list
---
2021/08/12 06:52:31 [error] [exception.CHttpException.404] CHttpException: The system is unable to find the requested action "user-list". in C:\laragon\www\testdrive\framework\web\CController.php:486
Stack trace:
#0 C:\laragon\www\testdrive\framework\web\CController.php(270): CController->missingAction('user-list')
#1 C:\laragon\www\testdrive\framework\web\CWebApplication.php(282): CController->run('user-list')
#2 C:\laragon\www\testdrive\framework\web\CWebApplication.php(141): CWebApplication->runController('site/user-list')
#3 C:\laragon\www\testdrive\framework\base\CApplication.php(185): CWebApplication->processRequest()
#4 C:\laragon\www\testdrive\testdrive\index.php(13): CApplication->run()
#5 {main}
REQUEST_URI=/testdrive/index.php?r=site/user-list
---
2021/08/12 06:55:28 [error] [exception.CHttpException.404] CHttpException: The system is unable to find the requested action "user-list". in C:\laragon\www\testdrive\framework\web\CController.php:486
Stack trace:
#0 C:\laragon\www\testdrive\framework\web\CController.php(270): CController->missingAction('user-list')
#1 C:\laragon\www\testdrive\framework\web\CWebApplication.php(282): CController->run('user-list')
#2 C:\laragon\www\testdrive\framework\web\CWebApplication.php(141): CWebApplication->runController('site/user-list')
#3 C:\laragon\www\testdrive\framework\base\CApplication.php(185): CWebApplication->processRequest()
#4 C:\laragon\www\testdrive\testdrive\index.php(13): CApplication->run()
#5 {main}
REQUEST_URI=/testdrive/index.php?r=site/user-list
---
2021/08/12 06:56:46 [error] [exception.CHttpException.404] CHttpException: The system is unable to find the requested action "user-list". in C:\laragon\www\testdrive\framework\web\CController.php:486
Stack trace:
#0 C:\laragon\www\testdrive\framework\web\CController.php(270): CController->missingAction('user-list')
#1 C:\laragon\www\testdrive\framework\web\CWebApplication.php(282): CController->run('user-list')
#2 C:\laragon\www\testdrive\framework\web\CWebApplication.php(141): CWebApplication->runController('site/user-list')
#3 C:\laragon\www\testdrive\framework\base\CApplication.php(185): CWebApplication->processRequest()
#4 C:\laragon\www\testdrive\testdrive\index.php(13): CApplication->run()
#5 {main}
REQUEST_URI=/testdrive/index.php?r=site%2Fuser-list
---
2021/08/12 06:56:53 [error] [exception.CHttpException.404] CHttpException: Unable to resolve the request "user/list". in C:\laragon\www\testdrive\framework\web\CWebApplication.php:286
Stack trace:
#0 C:\laragon\www\testdrive\framework\web\CWebApplication.php(141): CWebApplication->runController('user/list')
#1 C:\laragon\www\testdrive\framework\base\CApplication.php(185): CWebApplication->processRequest()
#2 C:\laragon\www\testdrive\testdrive\index.php(13): CApplication->run()
#3 {main}
REQUEST_URI=/testdrive/index.php?r=user/list
---
2021/08/12 06:57:11 [error] [exception.CHttpException.404] CHttpException: Unable to resolve the request "user/list". in C:\laragon\www\testdrive\framework\web\CWebApplication.php:286
Stack trace:
#0 C:\laragon\www\testdrive\framework\web\CWebApplication.php(141): CWebApplication->runController('user/list')
#1 C:\laragon\www\testdrive\framework\base\CApplication.php(185): CWebApplication->processRequest()
#2 C:\laragon\www\testdrive\testdrive\index.php(13): CApplication->run()
#3 {main}
REQUEST_URI=/testdrive/index.php?r=user/list
---
2021/08/12 06:57:50 [error] [exception.CHttpException.404] CHttpException: Unable to resolve the request "user/list". in C:\laragon\www\testdrive\framework\web\CWebApplication.php:286
Stack trace:
#0 C:\laragon\www\testdrive\framework\web\CWebApplication.php(141): CWebApplication->runController('user/list')
#1 C:\laragon\www\testdrive\framework\base\CApplication.php(185): CWebApplication->processRequest()
#2 C:\laragon\www\testdrive\testdrive\index.php(13): CApplication->run()
#3 {main}
REQUEST_URI=/testdrive/index.php?r=user/list
---
2021/08/12 06:57:55 [error] [exception.CHttpException.404] CHttpException: Unable to resolve the request "User/list". in C:\laragon\www\testdrive\framework\web\CWebApplication.php:286
Stack trace:
#0 C:\laragon\www\testdrive\framework\web\CWebApplication.php(141): CWebApplication->runController('User/list')
#1 C:\laragon\www\testdrive\framework\base\CApplication.php(185): CWebApplication->processRequest()
#2 C:\laragon\www\testdrive\testdrive\index.php(13): CApplication->run()
#3 {main}
REQUEST_URI=/testdrive/index.php?r=User/list
---
2021/08/12 06:58:00 [error] [exception.CHttpException.404] CHttpException: Unable to resolve the request "user/list". in C:\laragon\www\testdrive\framework\web\CWebApplication.php:286
Stack trace:
#0 C:\laragon\www\testdrive\framework\web\CWebApplication.php(141): CWebApplication->runController('user/list')
#1 C:\laragon\www\testdrive\framework\base\CApplication.php(185): CWebApplication->processRequest()
#2 C:\laragon\www\testdrive\testdrive\index.php(13): CApplication->run()
#3 {main}
REQUEST_URI=/testdrive/index.php?r=user/list
---
2021/08/12 06:58:18 [error] [exception.CHttpException.404] CHttpException: Unable to resolve the request "user/list". in C:\laragon\www\testdrive\framework\web\CWebApplication.php:286
Stack trace:
#0 C:\laragon\www\testdrive\framework\web\CWebApplication.php(141): CWebApplication->runController('user/list')
#1 C:\laragon\www\testdrive\framework\base\CApplication.php(185): CWebApplication->processRequest()
#2 C:\laragon\www\testdrive\testdrive\index.php(13): CApplication->run()
#3 {main}
REQUEST_URI=/testdrive/index.php?r=user/list
---
2021/08/12 06:58:31 [error] [exception.CHttpException.404] CHttpException: Unable to resolve the request "user/list". in C:\laragon\www\testdrive\framework\web\CWebApplication.php:286
Stack trace:
#0 C:\laragon\www\testdrive\framework\web\CWebApplication.php(141): CWebApplication->runController('user/list')
#1 C:\laragon\www\testdrive\framework\base\CApplication.php(185): CWebApplication->processRequest()
#2 C:\laragon\www\testdrive\testdrive\index.php(13): CApplication->run()
#3 {main}
REQUEST_URI=/testdrive/index.php?r=user/list
---
2021/08/12 07:00:08 [error] [exception.CException] CException: Filter "getOnly" is invalid. Controller "UserController" does not have the filter method "filtergetOnly". in C:\laragon\www\testdrive\framework\web\filters\CInlineFilter.php:46
Stack trace:
#0 C:\laragon\www\testdrive\framework\web\filters\CFilterChain.php(70): CInlineFilter::create(Object(UserController), 'getOnly')
#1 C:\laragon\www\testdrive\framework\web\CController.php(291): CFilterChain::create(Object(UserController), Object(CInlineAction), Array)
#2 C:\laragon\www\testdrive\framework\web\CController.php(265): CController->runActionWithFilters(Object(CInlineAction), Array)
#3 C:\laragon\www\testdrive\framework\web\CWebApplication.php(282): CController->run('list')
#4 C:\laragon\www\testdrive\framework\web\CWebApplication.php(141): CWebApplication->runController('user/list')
#5 C:\laragon\www\testdrive\framework\base\CApplication.php(185): CWebApplication->processRequest()
#6 C:\laragon\www\testdrive\testdrive\index.php(13): CApplication->run()
#7 {main}
REQUEST_URI=/testdrive/index.php?r=user/list
---
2021/08/12 07:00:19 [error] [exception.CException] CException: Filter "getOnly" is invalid. Controller "UserController" does not have the filter method "filtergetOnly". in C:\laragon\www\testdrive\framework\web\filters\CInlineFilter.php:46
Stack trace:
#0 C:\laragon\www\testdrive\framework\web\filters\CFilterChain.php(70): CInlineFilter::create(Object(UserController), 'getOnly')
#1 C:\laragon\www\testdrive\framework\web\CController.php(291): CFilterChain::create(Object(UserController), Object(CInlineAction), Array)
#2 C:\laragon\www\testdrive\framework\web\CController.php(265): CController->runActionWithFilters(Object(CInlineAction), Array)
#3 C:\laragon\www\testdrive\framework\web\CWebApplication.php(282): CController->run('list')
#4 C:\laragon\www\testdrive\framework\web\CWebApplication.php(141): CWebApplication->runController('user/list')
#5 C:\laragon\www\testdrive\framework\base\CApplication.php(185): CWebApplication->processRequest()
#6 C:\laragon\www\testdrive\testdrive\index.php(13): CApplication->run()
#7 {main}
REQUEST_URI=/testdrive/index.php?r=user/list
---
2021/08/12 07:03:59 [error] [exception.CException] CException: Filter "filtergetOnly" is invalid. Controller "UserController" does not have the filter method "filterfiltergetOnly". in C:\laragon\www\testdrive\framework\web\filters\CInlineFilter.php:46
Stack trace:
#0 C:\laragon\www\testdrive\framework\web\filters\CFilterChain.php(70): CInlineFilter::create(Object(UserController), 'filtergetOnly')
#1 C:\laragon\www\testdrive\framework\web\CController.php(291): CFilterChain::create(Object(UserController), Object(CInlineAction), Array)
#2 C:\laragon\www\testdrive\framework\web\CController.php(265): CController->runActionWithFilters(Object(CInlineAction), Array)
#3 C:\laragon\www\testdrive\framework\web\CWebApplication.php(282): CController->run('list')
#4 C:\laragon\www\testdrive\framework\web\CWebApplication.php(141): CWebApplication->runController('user/list')
#5 C:\laragon\www\testdrive\framework\base\CApplication.php(185): CWebApplication->processRequest()
#6 C:\laragon\www\testdrive\testdrive\index.php(13): CApplication->run()
#7 {main}
REQUEST_URI=/testdrive/index.php?r=user/list
---
2021/08/12 07:06:44 [error] [exception.CHttpException.404] CHttpException: The system is unable to find the requested action "user-list". in C:\laragon\www\testdrive\framework\web\CController.php:486
Stack trace:
#0 C:\laragon\www\testdrive\framework\web\CController.php(270): CController->missingAction('user-list')
#1 C:\laragon\www\testdrive\framework\web\CWebApplication.php(282): CController->run('user-list')
#2 C:\laragon\www\testdrive\framework\web\CWebApplication.php(141): CWebApplication->runController('site/user-list')
#3 C:\laragon\www\testdrive\framework\base\CApplication.php(185): CWebApplication->processRequest()
#4 C:\laragon\www\testdrive\testdrive\index.php(13): CApplication->run()
#5 {main}
REQUEST_URI=/testdrive/index.php?r=site%2Fuser-list
---
2021/08/12 07:09:13 [error] [exception.CException] CException: Property "CHttpRequest.get" is not defined. in C:\laragon\www\testdrive\framework\base\CComponent.php:130
Stack trace:
#0 C:\laragon\www\testdrive\testdrive\protected\controllers\UserController.php(8): CComponent->__get('get')
#1 C:\laragon\www\testdrive\framework\web\actions\CInlineAction.php(49): UserController->actionList()
#2 C:\laragon\www\testdrive\framework\web\CController.php(308): CInlineAction->runWithParams(Array)
#3 C:\laragon\www\testdrive\framework\web\CController.php(286): CController->runAction(Object(CInlineAction))
#4 C:\laragon\www\testdrive\framework\web\CController.php(265): CController->runActionWithFilters(Object(CInlineAction), Array)
#5 C:\laragon\www\testdrive\framework\web\CWebApplication.php(282): CController->run('list')
#6 C:\laragon\www\testdrive\framework\web\CWebApplication.php(141): CWebApplication->runController('user/list')
#7 C:\laragon\www\testdrive\framework\base\CApplication.php(185): CWebApplication->processRequest()
#8 C:\laragon\www\testdrive\testdrive\index.php(13): CApplication->run()
#9 {main}
REQUEST_URI=/testdrive/index.php?r=user/list
---
2021/08/12 07:09:35 [error] [exception.CException] CException: CHttpRequest and its behaviors do not have a method or closure named "get". in C:\laragon\www\testdrive\framework\base\CComponent.php:266
Stack trace:
#0 C:\laragon\www\testdrive\testdrive\protected\controllers\UserController.php(8): CComponent->__call('get', Array)
#1 C:\laragon\www\testdrive\framework\web\actions\CInlineAction.php(49): UserController->actionList()
#2 C:\laragon\www\testdrive\framework\web\CController.php(308): CInlineAction->runWithParams(Array)
#3 C:\laragon\www\testdrive\framework\web\CController.php(286): CController->runAction(Object(CInlineAction))
#4 C:\laragon\www\testdrive\framework\web\CController.php(265): CController->runActionWithFilters(Object(CInlineAction), Array)
#5 C:\laragon\www\testdrive\framework\web\CWebApplication.php(282): CController->run('list')
#6 C:\laragon\www\testdrive\framework\web\CWebApplication.php(141): CWebApplication->runController('user/list')
#7 C:\laragon\www\testdrive\framework\base\CApplication.php(185): CWebApplication->processRequest()
#8 C:\laragon\www\testdrive\testdrive\index.php(13): CApplication->run()
#9 {main}
REQUEST_URI=/testdrive/index.php?r=user/list
---
2021/08/12 07:10:03 [error] [exception.CException] CException: CHttpRequest and its behaviors do not have a method or closure named "isGet". in C:\laragon\www\testdrive\framework\base\CComponent.php:266
Stack trace:
#0 C:\laragon\www\testdrive\testdrive\protected\controllers\UserController.php(8): CComponent->__call('isGet', Array)
#1 C:\laragon\www\testdrive\framework\web\actions\CInlineAction.php(49): UserController->actionList()
#2 C:\laragon\www\testdrive\framework\web\CController.php(308): CInlineAction->runWithParams(Array)
#3 C:\laragon\www\testdrive\framework\web\CController.php(286): CController->runAction(Object(CInlineAction))
#4 C:\laragon\www\testdrive\framework\web\CController.php(265): CController->runActionWithFilters(Object(CInlineAction), Array)
#5 C:\laragon\www\testdrive\framework\web\CWebApplication.php(282): CController->run('list')
#6 C:\laragon\www\testdrive\framework\web\CWebApplication.php(141): CWebApplication->runController('user/list')
#7 C:\laragon\www\testdrive\framework\base\CApplication.php(185): CWebApplication->processRequest()
#8 C:\laragon\www\testdrive\testdrive\index.php(13): CApplication->run()
#9 {main}
REQUEST_URI=/testdrive/index.php?r=user/list
---
2021/08/12 07:31:35 [error] [exception.CException] CException: CHttpRequest and its behaviors do not have a method or closure named "isPost". in C:\laragon\www\testdrive\framework\base\CComponent.php:266
Stack trace:
#0 C:\laragon\www\testdrive\testdrive\protected\controllers\UserController.php(8): CComponent->__call('isPost', Array)
#1 C:\laragon\www\testdrive\framework\web\actions\CInlineAction.php(49): UserController->actionList()
#2 C:\laragon\www\testdrive\framework\web\CController.php(308): CInlineAction->runWithParams(Array)
#3 C:\laragon\www\testdrive\framework\web\CController.php(286): CController->runAction(Object(CInlineAction))
#4 C:\laragon\www\testdrive\framework\web\CController.php(265): CController->runActionWithFilters(Object(CInlineAction), Array)
#5 C:\laragon\www\testdrive\framework\web\CWebApplication.php(282): CController->run('list')
#6 C:\laragon\www\testdrive\framework\web\CWebApplication.php(141): CWebApplication->runController('user/list')
#7 C:\laragon\www\testdrive\framework\base\CApplication.php(185): CWebApplication->processRequest()
#8 C:\laragon\www\testdrive\testdrive\index.php(13): CApplication->run()
#9 {main}
REQUEST_URI=/testdrive/index.php/user/list
---
2021/08/12 07:31:50 [error] [exception.CException] CException: CHttpRequest and its behaviors do not have a method or closure named "isPostRequest". in C:\laragon\www\testdrive\framework\base\CComponent.php:266
Stack trace:
#0 C:\laragon\www\testdrive\testdrive\protected\controllers\UserController.php(8): CComponent->__call('isPostRequest', Array)
#1 C:\laragon\www\testdrive\framework\web\actions\CInlineAction.php(49): UserController->actionList()
#2 C:\laragon\www\testdrive\framework\web\CController.php(308): CInlineAction->runWithParams(Array)
#3 C:\laragon\www\testdrive\framework\web\CController.php(286): CController->runAction(Object(CInlineAction))
#4 C:\laragon\www\testdrive\framework\web\CController.php(265): CController->runActionWithFilters(Object(CInlineAction), Array)
#5 C:\laragon\www\testdrive\framework\web\CWebApplication.php(282): CController->run('list')
#6 C:\laragon\www\testdrive\framework\web\CWebApplication.php(141): CWebApplication->runController('user/list')
#7 C:\laragon\www\testdrive\framework\base\CApplication.php(185): CWebApplication->processRequest()
#8 C:\laragon\www\testdrive\testdrive\index.php(13): CApplication->run()
#9 {main}
REQUEST_URI=/testdrive/index.php/user/list
---
2021/08/12 07:32:03 [error] [exception.CException] CException: Property "CHttpRequest.isGetRequest" is not defined. in C:\laragon\www\testdrive\framework\base\CComponent.php:130
Stack trace:
#0 C:\laragon\www\testdrive\testdrive\protected\controllers\UserController.php(8): CComponent->__get('isGetRequest')
#1 C:\laragon\www\testdrive\framework\web\actions\CInlineAction.php(49): UserController->actionList()
#2 C:\laragon\www\testdrive\framework\web\CController.php(308): CInlineAction->runWithParams(Array)
#3 C:\laragon\www\testdrive\framework\web\CController.php(286): CController->runAction(Object(CInlineAction))
#4 C:\laragon\www\testdrive\framework\web\CController.php(265): CController->runActionWithFilters(Object(CInlineAction), Array)
#5 C:\laragon\www\testdrive\framework\web\CWebApplication.php(282): CController->run('list')
#6 C:\laragon\www\testdrive\framework\web\CWebApplication.php(141): CWebApplication->runController('user/list')
#7 C:\laragon\www\testdrive\framework\base\CApplication.php(185): CWebApplication->processRequest()
#8 C:\laragon\www\testdrive\testdrive\index.php(13): CApplication->run()
#9 {main}
REQUEST_URI=/testdrive/index.php/user/list
---
2021/08/12 07:32:16 [error] [exception.CException] CException: Property "CHttpRequest._get" is not defined. in C:\laragon\www\testdrive\framework\base\CComponent.php:130
Stack trace:
#0 C:\laragon\www\testdrive\testdrive\protected\controllers\UserController.php(8): CComponent->__get('_get')
#1 C:\laragon\www\testdrive\framework\web\actions\CInlineAction.php(49): UserController->actionList()
#2 C:\laragon\www\testdrive\framework\web\CController.php(308): CInlineAction->runWithParams(Array)
#3 C:\laragon\www\testdrive\framework\web\CController.php(286): CController->runAction(Object(CInlineAction))
#4 C:\laragon\www\testdrive\framework\web\CController.php(265): CController->runActionWithFilters(Object(CInlineAction), Array)
#5 C:\laragon\www\testdrive\framework\web\CWebApplication.php(282): CController->run('list')
#6 C:\laragon\www\testdrive\framework\web\CWebApplication.php(141): CWebApplication->runController('user/list')
#7 C:\laragon\www\testdrive\framework\base\CApplication.php(185): CWebApplication->processRequest()
#8 C:\laragon\www\testdrive\testdrive\index.php(13): CApplication->run()
#9 {main}
REQUEST_URI=/testdrive/index.php/user/list
---
2021/08/12 07:32:36 [error] [exception.CException] CException: Property "CHttpRequest.__get" is not defined. in C:\laragon\www\testdrive\framework\base\CComponent.php:130
Stack trace:
#0 C:\laragon\www\testdrive\testdrive\protected\controllers\UserController.php(8): CComponent->__get('__get')
#1 C:\laragon\www\testdrive\framework\web\actions\CInlineAction.php(49): UserController->actionList()
#2 C:\laragon\www\testdrive\framework\web\CController.php(308): CInlineAction->runWithParams(Array)
#3 C:\laragon\www\testdrive\framework\web\CController.php(286): CController->runAction(Object(CInlineAction))
#4 C:\laragon\www\testdrive\framework\web\CController.php(265): CController->runActionWithFilters(Object(CInlineAction), Array)
#5 C:\laragon\www\testdrive\framework\web\CWebApplication.php(282): CController->run('list')
#6 C:\laragon\www\testdrive\framework\web\CWebApplication.php(141): CWebApplication->runController('user/list')
#7 C:\laragon\www\testdrive\framework\base\CApplication.php(185): CWebApplication->processRequest()
#8 C:\laragon\www\testdrive\testdrive\index.php(13): CApplication->run()
#9 {main}
REQUEST_URI=/testdrive/index.php/user/list
---
2021/08/12 07:32:42 [error] [exception.CException] CException: CHttpRequest and its behaviors do not have a method or closure named "_get". in C:\laragon\www\testdrive\framework\base\CComponent.php:266
Stack trace:
#0 C:\laragon\www\testdrive\testdrive\protected\controllers\UserController.php(8): CComponent->__call('_get', Array)
#1 C:\laragon\www\testdrive\framework\web\actions\CInlineAction.php(49): UserController->actionList()
#2 C:\laragon\www\testdrive\framework\web\CController.php(308): CInlineAction->runWithParams(Array)
#3 C:\laragon\www\testdrive\framework\web\CController.php(286): CController->runAction(Object(CInlineAction))
#4 C:\laragon\www\testdrive\framework\web\CController.php(265): CController->runActionWithFilters(Object(CInlineAction), Array)
#5 C:\laragon\www\testdrive\framework\web\CWebApplication.php(282): CController->run('list')
#6 C:\laragon\www\testdrive\framework\web\CWebApplication.php(141): CWebApplication->runController('user/list')
#7 C:\laragon\www\testdrive\framework\base\CApplication.php(185): CWebApplication->processRequest()
#8 C:\laragon\www\testdrive\testdrive\index.php(13): CApplication->run()
#9 {main}
REQUEST_URI=/testdrive/index.php/user/list
---
2021/08/12 07:32:44 [error] [exception.CException] CException: CHttpRequest and its behaviors do not have a method or closure named "_get". in C:\laragon\www\testdrive\framework\base\CComponent.php:266
Stack trace:
#0 C:\laragon\www\testdrive\testdrive\protected\controllers\UserController.php(8): CComponent->__call('_get', Array)
#1 C:\laragon\www\testdrive\framework\web\actions\CInlineAction.php(49): UserController->actionList()
#2 C:\laragon\www\testdrive\framework\web\CController.php(308): CInlineAction->runWithParams(Array)
#3 C:\laragon\www\testdrive\framework\web\CController.php(286): CController->runAction(Object(CInlineAction))
#4 C:\laragon\www\testdrive\framework\web\CController.php(265): CController->runActionWithFilters(Object(CInlineAction), Array)
#5 C:\laragon\www\testdrive\framework\web\CWebApplication.php(282): CController->run('list')
#6 C:\laragon\www\testdrive\framework\web\CWebApplication.php(141): CWebApplication->runController('user/list')
#7 C:\laragon\www\testdrive\framework\base\CApplication.php(185): CWebApplication->processRequest()
#8 C:\laragon\www\testdrive\testdrive\index.php(13): CApplication->run()
#9 {main}
REQUEST_URI=/testdrive/index.php/user/list
---
2021/08/12 07:35:42 [error] [php] include(User.php): failed to open stream: No such file or directory (C:\laragon\www\testdrive\framework\YiiBase.php:463)
Stack trace:
#0 C:\laragon\www\testdrive\framework\YiiBase.php(463): include()
#1 unknown(0): autoload()
#2 C:\laragon\www\testdrive\testdrive\protected\controllers\UserController.php(12): spl_autoload_call()
#3 C:\laragon\www\testdrive\framework\web\actions\CInlineAction.php(49): UserController->actionList()
#4 C:\laragon\www\testdrive\framework\web\CController.php(308): CInlineAction->runWithParams()
#5 C:\laragon\www\testdrive\framework\web\CController.php(286): UserController->runAction()
#6 C:\laragon\www\testdrive\framework\web\CController.php(265): UserController->runActionWithFilters()
#7 C:\laragon\www\testdrive\framework\web\CWebApplication.php(282): UserController->run()
#8 C:\laragon\www\testdrive\framework\web\CWebApplication.php(141): CWebApplication->runController()
#9 C:\laragon\www\testdrive\framework\base\CApplication.php(185): CWebApplication->processRequest()
#10 C:\laragon\www\testdrive\testdrive\index.php(13): CWebApplication->run()
REQUEST_URI=/testdrive/index.php/user/list
in C:\laragon\www\testdrive\testdrive\protected\controllers\UserController.php (12)
in C:\laragon\www\testdrive\testdrive\index.php (13)
2021/08/12 07:44:55 [error] [php] include(User.php): failed to open stream: No such file or directory (C:\laragon\www\testdrive\framework\YiiBase.php:463)
Stack trace:
#0 C:\laragon\www\testdrive\framework\YiiBase.php(463): include()
#1 unknown(0): autoload()
#2 C:\laragon\www\testdrive\testdrive\protected\controllers\UserController.php(15): spl_autoload_call()
#3 C:\laragon\www\testdrive\framework\web\actions\CInlineAction.php(49): UserController->actionList()
#4 C:\laragon\www\testdrive\framework\web\CController.php(308): CInlineAction->runWithParams()
#5 C:\laragon\www\testdrive\framework\web\CController.php(286): UserController->runAction()
#6 C:\laragon\www\testdrive\framework\web\CController.php(265): UserController->runActionWithFilters()
#7 C:\laragon\www\testdrive\framework\web\CWebApplication.php(282): UserController->run()
#8 C:\laragon\www\testdrive\framework\web\CWebApplication.php(141): CWebApplication->runController()
#9 C:\laragon\www\testdrive\framework\base\CApplication.php(185): CWebApplication->processRequest()
#10 C:\laragon\www\testdrive\testdrive\index.php(13): CWebApplication->run()
REQUEST_URI=/testdrive/index.php/user/list
in C:\laragon\www\testdrive\testdrive\protected\controllers\UserController.php (15)
in C:\laragon\www\testdrive\testdrive\index.php (13)
2021/08/12 07:44:57 [error] [php] include(User.php): failed to open stream: No such file or directory (C:\laragon\www\testdrive\framework\YiiBase.php:463)
Stack trace:
#0 C:\laragon\www\testdrive\framework\YiiBase.php(463): include()
#1 unknown(0): autoload()
#2 C:\laragon\www\testdrive\testdrive\protected\controllers\UserController.php(15): spl_autoload_call()
#3 C:\laragon\www\testdrive\framework\web\actions\CInlineAction.php(49): UserController->actionList()
#4 C:\laragon\www\testdrive\framework\web\CController.php(308): CInlineAction->runWithParams()
#5 C:\laragon\www\testdrive\framework\web\CController.php(286): UserController->runAction()
#6 C:\laragon\www\testdrive\framework\web\CController.php(265): UserController->runActionWithFilters()
#7 C:\laragon\www\testdrive\framework\web\CWebApplication.php(282): UserController->run()
#8 C:\laragon\www\testdrive\framework\web\CWebApplication.php(141): CWebApplication->runController()
#9 C:\laragon\www\testdrive\framework\base\CApplication.php(185): CWebApplication->processRequest()
#10 C:\laragon\www\testdrive\testdrive\index.php(13): CWebApplication->run()
REQUEST_URI=/testdrive/index.php/user/list
in C:\laragon\www\testdrive\testdrive\protected\controllers\UserController.php (15)
in C:\laragon\www\testdrive\testdrive\index.php (13)
2021/08/12 07:45:07 [error] [php] include(User.php): failed to open stream: No such file or directory (C:\laragon\www\testdrive\framework\YiiBase.php:463)
Stack trace:
#0 C:\laragon\www\testdrive\framework\YiiBase.php(463): include()
#1 unknown(0): autoload()
#2 C:\laragon\www\testdrive\testdrive\protected\controllers\UserController.php(15): spl_autoload_call()
#3 C:\laragon\www\testdrive\framework\web\actions\CInlineAction.php(49): UserController->actionList()
#4 C:\laragon\www\testdrive\framework\web\CController.php(308): CInlineAction->runWithParams()
#5 C:\laragon\www\testdrive\framework\web\CController.php(286): UserController->runAction()
#6 C:\laragon\www\testdrive\framework\web\CController.php(265): UserController->runActionWithFilters()
#7 C:\laragon\www\testdrive\framework\web\CWebApplication.php(282): UserController->run()
#8 C:\laragon\www\testdrive\framework\web\CWebApplication.php(141): CWebApplication->runController()
#9 C:\laragon\www\testdrive\framework\base\CApplication.php(185): CWebApplication->processRequest()
#10 C:\laragon\www\testdrive\testdrive\index.php(13): CWebApplication->run()
REQUEST_URI=/testdrive/index.php/user/list
in C:\laragon\www\testdrive\testdrive\protected\controllers\UserController.php (15)
in C:\laragon\www\testdrive\testdrive\index.php (13)
2021/08/12 07:45:07 [error] [php] include(User.php): failed to open stream: No such file or directory (C:\laragon\www\testdrive\framework\YiiBase.php:463)
Stack trace:
#0 C:\laragon\www\testdrive\framework\YiiBase.php(463): include()
#1 unknown(0): autoload()
#2 C:\laragon\www\testdrive\testdrive\protected\controllers\UserController.php(15): spl_autoload_call()
#3 C:\laragon\www\testdrive\framework\web\actions\CInlineAction.php(49): UserController->actionList()
#4 C:\laragon\www\testdrive\framework\web\CController.php(308): CInlineAction->runWithParams()
#5 C:\laragon\www\testdrive\framework\web\CController.php(286): UserController->runAction()
#6 C:\laragon\www\testdrive\framework\web\CController.php(265): UserController->runActionWithFilters()
#7 C:\laragon\www\testdrive\framework\web\CWebApplication.php(282): UserController->run()
#8 C:\laragon\www\testdrive\framework\web\CWebApplication.php(141): CWebApplication->runController()
#9 C:\laragon\www\testdrive\framework\base\CApplication.php(185): CWebApplication->processRequest()
#10 C:\laragon\www\testdrive\testdrive\index.php(13): CWebApplication->run()
REQUEST_URI=/testdrive/index.php/user/list
in C:\laragon\www\testdrive\testdrive\protected\controllers\UserController.php (15)
in C:\laragon\www\testdrive\testdrive\index.php (13)
2021/08/12 07:45:08 [error] [php] include(User.php): failed to open stream: No such file or directory (C:\laragon\www\testdrive\framework\YiiBase.php:463)
Stack trace:
#0 C:\laragon\www\testdrive\framework\YiiBase.php(463): include()
#1 unknown(0): autoload()
#2 C:\laragon\www\testdrive\testdrive\protected\controllers\UserController.php(15): spl_autoload_call()
#3 C:\laragon\www\testdrive\framework\web\actions\CInlineAction.php(49): UserController->actionList()
#4 C:\laragon\www\testdrive\framework\web\CController.php(308): CInlineAction->runWithParams()
#5 C:\laragon\www\testdrive\framework\web\CController.php(286): UserController->runAction()
#6 C:\laragon\www\testdrive\framework\web\CController.php(265): UserController->runActionWithFilters()
#7 C:\laragon\www\testdrive\framework\web\CWebApplication.php(282): UserController->run()
#8 C:\laragon\www\testdrive\framework\web\CWebApplication.php(141): CWebApplication->runController()
#9 C:\laragon\www\testdrive\framework\base\CApplication.php(185): CWebApplication->processRequest()
#10 C:\laragon\www\testdrive\testdrive\index.php(13): CWebApplication->run()
REQUEST_URI=/testdrive/index.php/user/list
in C:\laragon\www\testdrive\testdrive\protected\controllers\UserController.php (15)
in C:\laragon\www\testdrive\testdrive\index.php (13)
2021/08/12 07:45:08 [error] [php] include(User.php): failed to open stream: No such file or directory (C:\laragon\www\testdrive\framework\YiiBase.php:463)
Stack trace:
#0 C:\laragon\www\testdrive\framework\YiiBase.php(463): include()
#1 unknown(0): autoload()
#2 C:\laragon\www\testdrive\testdrive\protected\controllers\UserController.php(15): spl_autoload_call()
#3 C:\laragon\www\testdrive\framework\web\actions\CInlineAction.php(49): UserController->actionList()
#4 C:\laragon\www\testdrive\framework\web\CController.php(308): CInlineAction->runWithParams()
#5 C:\laragon\www\testdrive\framework\web\CController.php(286): UserController->runAction()
#6 C:\laragon\www\testdrive\framework\web\CController.php(265): UserController->runActionWithFilters()
#7 C:\laragon\www\testdrive\framework\web\CWebApplication.php(282): UserController->run()
#8 C:\laragon\www\testdrive\framework\web\CWebApplication.php(141): CWebApplication->runController()
#9 C:\laragon\www\testdrive\framework\base\CApplication.php(185): CWebApplication->processRequest()
#10 C:\laragon\www\testdrive\testdrive\index.php(13): CWebApplication->run()
REQUEST_URI=/testdrive/index.php/user/list
in C:\laragon\www\testdrive\testdrive\protected\controllers\UserController.php (15)
in C:\laragon\www\testdrive\testdrive\index.php (13)
2021/08/12 07:45:16 [error] [php] include(User.php): failed to open stream: No such file or directory (C:\laragon\www\testdrive\framework\YiiBase.php:463)
Stack trace:
#0 C:\laragon\www\testdrive\framework\YiiBase.php(463): include()
#1 unknown(0): autoload()
#2 C:\laragon\www\testdrive\testdrive\protected\controllers\UserController.php(15): spl_autoload_call()
#3 C:\laragon\www\testdrive\framework\web\actions\CInlineAction.php(49): UserController->actionList()
#4 C:\laragon\www\testdrive\framework\web\CController.php(308): CInlineAction->runWithParams()
#5 C:\laragon\www\testdrive\framework\web\CController.php(286): UserController->runAction()
#6 C:\laragon\www\testdrive\framework\web\CController.php(265): UserController->runActionWithFilters()
#7 C:\laragon\www\testdrive\framework\web\CWebApplication.php(282): UserController->run()
#8 C:\laragon\www\testdrive\framework\web\CWebApplication.php(141): CWebApplication->runController()
#9 C:\laragon\www\testdrive\framework\base\CApplication.php(185): CWebApplication->processRequest()
#10 C:\laragon\www\testdrive\testdrive\index.php(13): CWebApplication->run()
REQUEST_URI=/testdrive/index.php/user/list
in C:\laragon\www\testdrive\testdrive\protected\controllers\UserController.php (15)
in C:\laragon\www\testdrive\testdrive\index.php (13)
2021/08/12 07:45:20 [error] [php] include(User.php): failed to open stream: No such file or directory (C:\laragon\www\testdrive\framework\YiiBase.php:463)
Stack trace:
#0 C:\laragon\www\testdrive\framework\YiiBase.php(463): include()
#1 unknown(0): autoload()
#2 C:\laragon\www\testdrive\testdrive\protected\controllers\UserController.php(15): spl_autoload_call()
#3 C:\laragon\www\testdrive\framework\web\actions\CInlineAction.php(49): UserController->actionList()
#4 C:\laragon\www\testdrive\framework\web\CController.php(308): CInlineAction->runWithParams()
#5 C:\laragon\www\testdrive\framework\web\CController.php(286): UserController->runAction()
#6 C:\laragon\www\testdrive\framework\web\CController.php(265): UserController->runActionWithFilters()
#7 C:\laragon\www\testdrive\framework\web\CWebApplication.php(282): UserController->run()
#8 C:\laragon\www\testdrive\framework\web\CWebApplication.php(141): CWebApplication->runController()
#9 C:\laragon\www\testdrive\framework\base\CApplication.php(185): CWebApplication->processRequest()
#10 C:\laragon\www\testdrive\testdrive\index.php(13): CWebApplication->run()
REQUEST_URI=/testdrive/index.php/user/list
in C:\laragon\www\testdrive\testdrive\protected\controllers\UserController.php (15)
in C:\laragon\www\testdrive\testdrive\index.php (13)
2021/08/12 07:45:21 [error] [php] include(User.php): failed to open stream: No such file or directory (C:\laragon\www\testdrive\framework\YiiBase.php:463)
Stack trace:
#0 C:\laragon\www\testdrive\framework\YiiBase.php(463): include()
#1 unknown(0): autoload()
#2 C:\laragon\www\testdrive\testdrive\protected\controllers\UserController.php(15): spl_autoload_call()
#3 C:\laragon\www\testdrive\framework\web\actions\CInlineAction.php(49): UserController->actionList()
#4 C:\laragon\www\testdrive\framework\web\CController.php(308): CInlineAction->runWithParams()
#5 C:\laragon\www\testdrive\framework\web\CController.php(286): UserController->runAction()
#6 C:\laragon\www\testdrive\framework\web\CController.php(265): UserController->runActionWithFilters()
#7 C:\laragon\www\testdrive\framework\web\CWebApplication.php(282): UserController->run()
#8 C:\laragon\www\testdrive\framework\web\CWebApplication.php(141): CWebApplication->runController()
#9 C:\laragon\www\testdrive\framework\base\CApplication.php(185): CWebApplication->processRequest()
#10 C:\laragon\www\testdrive\testdrive\index.php(13): CWebApplication->run()
REQUEST_URI=/testdrive/index.php/user/list
in C:\laragon\www\testdrive\testdrive\protected\controllers\UserController.php (15)
in C:\laragon\www\testdrive\testdrive\index.php (13)
2021/08/12 07:45:45 [error] [php] include(User.php): failed to open stream: No such file or directory (C:\laragon\www\testdrive\framework\YiiBase.php:463)
Stack trace:
#0 C:\laragon\www\testdrive\framework\YiiBase.php(463): include()
#1 unknown(0): autoload()
#2 C:\laragon\www\testdrive\testdrive\protected\controllers\UserController.php(16): spl_autoload_call()
#3 C:\laragon\www\testdrive\framework\web\actions\CInlineAction.php(49): UserController->actionList()
#4 C:\laragon\www\testdrive\framework\web\CController.php(308): CInlineAction->runWithParams()
#5 C:\laragon\www\testdrive\framework\web\CController.php(286): UserController->runAction()
#6 C:\laragon\www\testdrive\framework\web\CController.php(265): UserController->runActionWithFilters()
#7 C:\laragon\www\testdrive\framework\web\CWebApplication.php(282): UserController->run()
#8 C:\laragon\www\testdrive\framework\web\CWebApplication.php(141): CWebApplication->runController()
#9 C:\laragon\www\testdrive\framework\base\CApplication.php(185): CWebApplication->processRequest()
#10 C:\laragon\www\testdrive\testdrive\index.php(13): CWebApplication->run()
REQUEST_URI=/testdrive/index.php/user/list
in C:\laragon\www\testdrive\testdrive\protected\controllers\UserController.php (16)
in C:\laragon\www\testdrive\testdrive\index.php (13)
2021/08/12 07:45:51 [error] [php] include(User.php): failed to open stream: No such file or directory (C:\laragon\www\testdrive\framework\YiiBase.php:463)
Stack trace:
#0 C:\laragon\www\testdrive\framework\YiiBase.php(463): include()
#1 unknown(0): autoload()
#2 C:\laragon\www\testdrive\testdrive\protected\controllers\UserController.php(16): spl_autoload_call()
#3 C:\laragon\www\testdrive\framework\web\actions\CInlineAction.php(49): UserController->actionList()
#4 C:\laragon\www\testdrive\framework\web\CController.php(308): CInlineAction->runWithParams()
#5 C:\laragon\www\testdrive\framework\web\CController.php(286): UserController->runAction()
#6 C:\laragon\www\testdrive\framework\web\CController.php(265): UserController->runActionWithFilters()
#7 C:\laragon\www\testdrive\framework\web\CWebApplication.php(282): UserController->run()
#8 C:\laragon\www\testdrive\framework\web\CWebApplication.php(141): CWebApplication->runController()
#9 C:\laragon\www\testdrive\framework\base\CApplication.php(185): CWebApplication->processRequest()
#10 C:\laragon\www\testdrive\testdrive\index.php(13): CWebApplication->run()
REQUEST_URI=/testdrive/index.php/user/list
in C:\laragon\www\testdrive\testdrive\protected\controllers\UserController.php (16)
in C:\laragon\www\testdrive\testdrive\index.php (13)
2021/08/12 07:46:02 [error] [php] include(User.php): failed to open stream: No such file or directory (C:\laragon\www\testdrive\framework\YiiBase.php:463)
Stack trace:
#0 C:\laragon\www\testdrive\framework\YiiBase.php(463): include()
#1 unknown(0): autoload()
#2 C:\laragon\www\testdrive\testdrive\protected\controllers\UserController.php(16): spl_autoload_call()
#3 C:\laragon\www\testdrive\framework\web\actions\CInlineAction.php(49): UserController->actionList()
#4 C:\laragon\www\testdrive\framework\web\CController.php(308): CInlineAction->runWithParams()
#5 C:\laragon\www\testdrive\framework\web\CController.php(286): UserController->runAction()
#6 C:\laragon\www\testdrive\framework\web\CController.php(265): UserController->runActionWithFilters()
#7 C:\laragon\www\testdrive\framework\web\CWebApplication.php(282): UserController->run()
#8 C:\laragon\www\testdrive\framework\web\CWebApplication.php(141): CWebApplication->runController()
#9 C:\laragon\www\testdrive\framework\base\CApplication.php(185): CWebApplication->processRequest()
#10 C:\laragon\www\testdrive\testdrive\index.php(13): CWebApplication->run()
REQUEST_URI=/testdrive/index.php/user/list
in C:\laragon\www\testdrive\testdrive\protected\controllers\UserController.php (16)
in C:\laragon\www\testdrive\testdrive\index.php (13)
2021/08/12 07:46:28 [error] [php] include(User.php): failed to open stream: No such file or directory (C:\laragon\www\testdrive\framework\YiiBase.php:463)
Stack trace:
#0 C:\laragon\www\testdrive\framework\YiiBase.php(463): include()
#1 unknown(0): autoload()
#2 C:\laragon\www\testdrive\testdrive\protected\controllers\UserController.php(16): spl_autoload_call()
#3 C:\laragon\www\testdrive\framework\web\actions\CInlineAction.php(49): UserController->actionList()
#4 C:\laragon\www\testdrive\framework\web\CController.php(308): CInlineAction->runWithParams()
#5 C:\laragon\www\testdrive\framework\web\CController.php(286): UserController->runAction()
#6 C:\laragon\www\testdrive\framework\web\CController.php(265): UserController->runActionWithFilters()
#7 C:\laragon\www\testdrive\framework\web\CWebApplication.php(282): UserController->run()
#8 C:\laragon\www\testdrive\framework\web\CWebApplication.php(141): CWebApplication->runController()
#9 C:\laragon\www\testdrive\framework\base\CApplication.php(185): CWebApplication->processRequest()
#10 C:\laragon\www\testdrive\testdrive\index.php(13): CWebApplication->run()
REQUEST_URI=/testdrive/index.php/user/list
in C:\laragon\www\testdrive\testdrive\protected\controllers\UserController.php (16)
in C:\laragon\www\testdrive\testdrive\index.php (13)
2021/08/12 07:48:22 [error] [exception.Error] Error: Class 'app\modules\task\models\CActiveRecord' not found in C:\laragon\www\testdrive\testdrive\protected\modules\task\models\User.php:14
Stack trace:
#0 C:\laragon\www\testdrive\framework\YiiBase.php(463): include()
#1 [internal function]: YiiBase::autoload('User')
#2 C:\laragon\www\testdrive\framework\db\ar\CActiveRecord.php(397): spl_autoload_call('User')
#3 C:\laragon\www\testdrive\framework\web\CActiveDataProvider.php(165): CActiveRecord::model('User')
#4 C:\laragon\www\testdrive\framework\web\CActiveDataProvider.php(87): CActiveDataProvider->getModel('User')
#5 C:\laragon\www\testdrive\testdrive\protected\modules\task\controllers\UserController.php(112): CActiveDataProvider->__construct('User')
#6 C:\laragon\www\testdrive\framework\web\actions\CInlineAction.php(49): UserController->actionIndex()
#7 C:\laragon\www\testdrive\framework\web\CController.php(308): CInlineAction->runWithParams(Array)
#8 C:\laragon\www\testdrive\framework\web\filters\CFilterChain.php(134): CController->runAction(Object(CInlineAction))
#9 C:\laragon\www\testdrive\framework\web\filters\CFilter.php(40): CFilterChain->run()
#10 C:\laragon\www\testdrive\framework\web\CController.php(1148): CFilter->filter(Object(CFilterChain))
#11 C:\laragon\www\testdrive\framework\web\filters\CInlineFilter.php(58): CController->filterAccessControl(Object(CFilterChain))
#12 C:\laragon\www\testdrive\framework\web\filters\CFilterChain.php(131): CInlineFilter->filter(Object(CFilterChain))
#13 C:\laragon\www\testdrive\framework\web\CController.php(291): CFilterChain->run()
#14 C:\laragon\www\testdrive\framework\web\CController.php(265): CController->runActionWithFilters(Object(CInlineAction), Array)
#15 C:\laragon\www\testdrive\framework\web\CWebApplication.php(282): CController->run('')
#16 C:\laragon\www\testdrive\framework\web\CWebApplication.php(141): CWebApplication->runController('task/user')
#17 C:\laragon\www\testdrive\framework\base\CApplication.php(185): CWebApplication->processRequest()
#18 C:\laragon\www\testdrive\testdrive\index.php(13): CApplication->run()
#19 {main}
REQUEST_URI=/testdrive/index.php/task/user
HTTP_REFERER=http://testdrive.test/testdrive/index.php/site/page?view=about
---
2021/08/12 07:48:40 [error] [exception.Error] Error: Class 'User' not found in C:\laragon\www\testdrive\framework\db\ar\CActiveRecord.php:397
Stack trace:
#0 C:\laragon\www\testdrive\framework\web\CActiveDataProvider.php(165): CActiveRecord::model('User')
#1 C:\laragon\www\testdrive\framework\web\CActiveDataProvider.php(87): CActiveDataProvider->getModel('User')
#2 C:\laragon\www\testdrive\testdrive\protected\modules\task\controllers\UserController.php(112): CActiveDataProvider->__construct('User')
#3 C:\laragon\www\testdrive\framework\web\actions\CInlineAction.php(49): UserController->actionIndex()
#4 C:\laragon\www\testdrive\framework\web\CController.php(308): CInlineAction->runWithParams(Array)
#5 C:\laragon\www\testdrive\framework\web\filters\CFilterChain.php(134): CController->runAction(Object(CInlineAction))
#6 C:\laragon\www\testdrive\framework\web\filters\CFilter.php(40): CFilterChain->run()
#7 C:\laragon\www\testdrive\framework\web\CController.php(1148): CFilter->filter(Object(CFilterChain))
#8 C:\laragon\www\testdrive\framework\web\filters\CInlineFilter.php(58): CController->filterAccessControl(Object(CFilterChain))
#9 C:\laragon\www\testdrive\framework\web\filters\CFilterChain.php(131): CInlineFilter->filter(Object(CFilterChain))
#10 C:\laragon\www\testdrive\framework\web\CController.php(291): CFilterChain->run()
#11 C:\laragon\www\testdrive\framework\web\CController.php(265): CController->runActionWithFilters(Object(CInlineAction), Array)
#12 C:\laragon\www\testdrive\framework\web\CWebApplication.php(282): CController->run('')
#13 C:\laragon\www\testdrive\framework\web\CWebApplication.php(141): CWebApplication->runController('task/user')
#14 C:\laragon\www\testdrive\framework\base\CApplication.php(185): CWebApplication->processRequest()
#15 C:\laragon\www\testdrive\testdrive\index.php(13): CApplication->run()
#16 {main}
REQUEST_URI=/testdrive/index.php/task/user
HTTP_REFERER=http://testdrive.test/testdrive/index.php/site/page?view=about
---
2021/08/12 07:48:54 [error] [exception.Error] Error: Class 'User' not found in C:\laragon\www\testdrive\framework\db\ar\CActiveRecord.php:397
Stack trace:
#0 C:\laragon\www\testdrive\framework\web\CActiveDataProvider.php(165): CActiveRecord::model('User')
#1 C:\laragon\www\testdrive\framework\web\CActiveDataProvider.php(87): CActiveDataProvider->getModel('User')
#2 C:\laragon\www\testdrive\testdrive\protected\modules\task\controllers\UserController.php(112): CActiveDataProvider->__construct('User')
#3 C:\laragon\www\testdrive\framework\web\actions\CInlineAction.php(49): UserController->actionIndex()
#4 C:\laragon\www\testdrive\framework\web\CController.php(308): CInlineAction->runWithParams(Array)
#5 C:\laragon\www\testdrive\framework\web\filters\CFilterChain.php(134): CController->runAction(Object(CInlineAction))
#6 C:\laragon\www\testdrive\framework\web\filters\CFilter.php(40): CFilterChain->run()
#7 C:\laragon\www\testdrive\framework\web\CController.php(1148): CFilter->filter(Object(CFilterChain))
#8 C:\laragon\www\testdrive\framework\web\filters\CInlineFilter.php(58): CController->filterAccessControl(Object(CFilterChain))
#9 C:\laragon\www\testdrive\framework\web\filters\CFilterChain.php(131): CInlineFilter->filter(Object(CFilterChain))
#10 C:\laragon\www\testdrive\framework\web\CController.php(291): CFilterChain->run()
#11 C:\laragon\www\testdrive\framework\web\CController.php(265): CController->runActionWithFilters(Object(CInlineAction), Array)
#12 C:\laragon\www\testdrive\framework\web\CWebApplication.php(282): CController->run('')
#13 C:\laragon\www\testdrive\framework\web\CWebApplication.php(141): CWebApplication->runController('task/user')
#14 C:\laragon\www\testdrive\framework\base\CApplication.php(185): CWebApplication->processRequest()
#15 C:\laragon\www\testdrive\testdrive\index.php(13): CApplication->run()
#16 {main}
REQUEST_URI=/testdrive/index.php/task/user
HTTP_REFERER=http://testdrive.test/testdrive/index.php/site/page?view=about
---
2021/08/12 07:50:17 [error] [php] include(User.php): failed to open stream: No such file or directory (C:\laragon\www\testdrive\framework\YiiBase.php:463)
Stack trace:
#0 C:\laragon\www\testdrive\framework\YiiBase.php(463): include()
#1 unknown(0): autoload()
#2 C:\laragon\www\testdrive\testdrive\protected\controllers\UserController.php(16): spl_autoload_call()
#3 C:\laragon\www\testdrive\framework\web\actions\CInlineAction.php(49): UserController->actionList()
#4 C:\laragon\www\testdrive\framework\web\CController.php(308): CInlineAction->runWithParams()
#5 C:\laragon\www\testdrive\framework\web\CController.php(286): UserController->runAction()
#6 C:\laragon\www\testdrive\framework\web\CController.php(265): UserController->runActionWithFilters()
#7 C:\laragon\www\testdrive\framework\web\CWebApplication.php(282): UserController->run()
#8 C:\laragon\www\testdrive\framework\web\CWebApplication.php(141): CWebApplication->runController()
#9 C:\laragon\www\testdrive\framework\base\CApplication.php(185): CWebApplication->processRequest()
#10 C:\laragon\www\testdrive\testdrive\index.php(13): CWebApplication->run()
REQUEST_URI=/testdrive/index.php/user/list
in C:\laragon\www\testdrive\testdrive\protected\controllers\UserController.php (16)
in C:\laragon\www\testdrive\testdrive\index.php (13)
2021/08/12 07:54:06 [error] [php] include(TaskModule.php): failed to open stream: No such file or directory (C:\laragon\www\testdrive\framework\YiiBase.php:463)
Stack trace:
#0 C:\laragon\www\testdrive\framework\YiiBase.php(463): include()
#1 unknown(0): autoload()
#2 C:\laragon\www\testdrive\framework\YiiBase.php(213): spl_autoload_call()
#3 C:\laragon\www\testdrive\framework\base\CModule.php(282): createComponent()
#4 C:\laragon\www\testdrive\framework\web\CWebApplication.php(337): CWebApplication->getModule()
#5 C:\laragon\www\testdrive\framework\web\CWebApplication.php(276): CWebApplication->createController()
#6 C:\laragon\www\testdrive\framework\web\CWebApplication.php(141): CWebApplication->runController()
#7 C:\laragon\www\testdrive\framework\base\CApplication.php(185): CWebApplication->processRequest()
#8 C:\laragon\www\testdrive\testdrive\index.php(13): CWebApplication->run()
REQUEST_URI=/testdrive/index.php/task/user
in C:\laragon\www\testdrive\testdrive\index.php (13)
2021/08/12 07:54:12 [error] [php] include(TaskModule.php): failed to open stream: No such file or directory (C:\laragon\www\testdrive\framework\YiiBase.php:463)
Stack trace:
#0 C:\laragon\www\testdrive\framework\YiiBase.php(463): include()
#1 unknown(0): autoload()
#2 C:\laragon\www\testdrive\framework\YiiBase.php(213): spl_autoload_call()
#3 C:\laragon\www\testdrive\framework\base\CModule.php(282): createComponent()
#4 C:\laragon\www\testdrive\framework\web\CWebApplication.php(337): CWebApplication->getModule()
#5 C:\laragon\www\testdrive\framework\web\CWebApplication.php(276): CWebApplication->createController()
#6 C:\laragon\www\testdrive\framework\web\CWebApplication.php(141): CWebApplication->runController()
#7 C:\laragon\www\testdrive\framework\base\CApplication.php(185): CWebApplication->processRequest()
#8 C:\laragon\www\testdrive\testdrive\index.php(13): CWebApplication->run()
REQUEST_URI=/testdrive/index.php/task/user
in C:\laragon\www\testdrive\testdrive\index.php (13)
2021/08/12 07:54:18 [error] [php] include(TaskModule.php): failed to open stream: No such file or directory (C:\laragon\www\testdrive\framework\YiiBase.php:463)
Stack trace:
#0 C:\laragon\www\testdrive\framework\YiiBase.php(463): include()
#1 unknown(0): autoload()
#2 C:\laragon\www\testdrive\framework\YiiBase.php(213): spl_autoload_call()
#3 C:\laragon\www\testdrive\framework\base\CModule.php(282): createComponent()
#4 C:\laragon\www\testdrive\framework\web\CWebApplication.php(337): CWebApplication->getModule()
#5 C:\laragon\www\testdrive\framework\web\CWebApplication.php(276): CWebApplication->createController()
#6 C:\laragon\www\testdrive\framework\web\CWebApplication.php(141): CWebApplication->runController()
#7 C:\laragon\www\testdrive\framework\base\CApplication.php(185): CWebApplication->processRequest()
#8 C:\laragon\www\testdrive\testdrive\index.php(13): CWebApplication->run()
REQUEST_URI=/testdrive/index.php/task/create
in C:\laragon\www\testdrive\testdrive\index.php (13)
2021/08/12 07:55:43 [error] [exception.CHttpException.404] CHttpException: Unable to resolve the request "task/user". in C:\laragon\www\testdrive\framework\web\CWebApplication.php:286
Stack trace:
#0 C:\laragon\www\testdrive\framework\web\CWebApplication.php(141): CWebApplication->runController('task/user')
#1 C:\laragon\www\testdrive\framework\base\CApplication.php(185): CWebApplication->processRequest()
#2 C:\laragon\www\testdrive\testdrive\index.php(13): CApplication->run()
#3 {main}
REQUEST_URI=/testdrive/index.php/task/user
HTTP_REFERER=http://testdrive.test/testdrive/index.php/site/page?view=about
---
2021/08/12 07:56:23 [error] [php] include(User.php): failed to open stream: No such file or directory (C:\laragon\www\testdrive\framework\YiiBase.php:463)
Stack trace:
#0 C:\laragon\www\testdrive\framework\YiiBase.php(463): include()
#1 unknown(0): autoload()
#2 C:\laragon\www\testdrive\testdrive\protected\controllers\UserController.php(15): spl_autoload_call()
#3 C:\laragon\www\testdrive\framework\web\actions\CInlineAction.php(49): UserController->actionList()
#4 C:\laragon\www\testdrive\framework\web\CController.php(308): CInlineAction->runWithParams()
#5 C:\laragon\www\testdrive\framework\web\CController.php(286): UserController->runAction()
#6 C:\laragon\www\testdrive\framework\web\CController.php(265): UserController->runActionWithFilters()
#7 C:\laragon\www\testdrive\framework\web\CWebApplication.php(282): UserController->run()
#8 C:\laragon\www\testdrive\framework\web\CWebApplication.php(141): CWebApplication->runController()
#9 C:\laragon\www\testdrive\framework\base\CApplication.php(185): CWebApplication->processRequest()
#10 C:\laragon\www\testdrive\testdrive\index.php(13): CWebApplication->run()
REQUEST_URI=/testdrive/index.php/user/list
in C:\laragon\www\testdrive\testdrive\protected\controllers\UserController.php (15)
in C:\laragon\www\testdrive\testdrive\index.php (13)
2021/08/12 07:57:45 [error] [exception.CException] CException: CDbCommand and its behaviors do not have a method or closure named "all". in C:\laragon\www\testdrive\framework\base\CComponent.php:266
Stack trace:
#0 C:\laragon\www\testdrive\testdrive\protected\controllers\UserController.php(15): CComponent->__call('all', Array)
#1 C:\laragon\www\testdrive\framework\web\actions\CInlineAction.php(49): UserController->actionList()
#2 C:\laragon\www\testdrive\framework\web\CController.php(308): CInlineAction->runWithParams(Array)
#3 C:\laragon\www\testdrive\framework\web\CController.php(286): CController->runAction(Object(CInlineAction))
#4 C:\laragon\www\testdrive\framework\web\CController.php(265): CController->runActionWithFilters(Object(CInlineAction), Array)
#5 C:\laragon\www\testdrive\framework\web\CWebApplication.php(282): CController->run('list')
#6 C:\laragon\www\testdrive\framework\web\CWebApplication.php(141): CWebApplication->runController('user/list')
#7 C:\laragon\www\testdrive\framework\base\CApplication.php(185): CWebApplication->processRequest()
#8 C:\laragon\www\testdrive\testdrive\index.php(13): CApplication->run()
#9 {main}
REQUEST_URI=/testdrive/index.php/user/list
---
2021/08/12 08:00:35 [error] [exception.CException] CException: Property "CDbCommand.rawSql" is not defined. in C:\laragon\www\testdrive\framework\base\CComponent.php:130
Stack trace:
#0 C:\laragon\www\testdrive\testdrive\protected\controllers\UserController.php(19): CComponent->__get('rawSql')
#1 C:\laragon\www\testdrive\framework\web\actions\CInlineAction.php(49): UserController->actionList()
#2 C:\laragon\www\testdrive\framework\web\CController.php(308): CInlineAction->runWithParams(Array)
#3 C:\laragon\www\testdrive\framework\web\CController.php(286): CController->runAction(Object(CInlineAction))
#4 C:\laragon\www\testdrive\framework\web\CController.php(265): CController->runActionWithFilters(Object(CInlineAction), Array)
#5 C:\laragon\www\testdrive\framework\web\CWebApplication.php(282): CController->run('list')
#6 C:\laragon\www\testdrive\framework\web\CWebApplication.php(141): CWebApplication->runController('user/list')
#7 C:\laragon\www\testdrive\framework\base\CApplication.php(185): CWebApplication->processRequest()
#8 C:\laragon\www\testdrive\testdrive\index.php(13): CApplication->run()
#9 {main}
REQUEST_URI=/testdrive/index.php/user/list
---
2021/08/12 08:02:46 [error] [system.db.CDbCommand] Error in preparing SQL: SELECT *
FROM 'tbl_user'
WHERE (id >= 5) AND (id =< 15)
in C:\laragon\www\testdrive\testdrive\protected\controllers\UserController.php (19)
in C:\laragon\www\testdrive\testdrive\index.php (13)
2021/08/12 08:02:46 [error] [system.db.CDbCommand] CDbCommand::fetchAll() failed: CDbCommand failed to prepare the SQL statement: SQLSTATE[HY000]: General error: 1 near "<": syntax error. The SQL statement executed was: SELECT *
FROM 'tbl_user'
WHERE (id >= 5) AND (id =< 15).
in C:\laragon\www\testdrive\testdrive\protected\controllers\UserController.php (19)
in C:\laragon\www\testdrive\testdrive\index.php (13)
2021/08/12 08:02:46 [error] [exception.CDbException] CDbException: CDbCommand failed to execute the SQL statement: CDbCommand failed to prepare the SQL statement: SQLSTATE[HY000]: General error: 1 near "<": syntax error. The SQL statement executed was: SELECT *
FROM 'tbl_user'
WHERE (id >= 5) AND (id =< 15) in C:\laragon\www\testdrive\framework\db\CDbCommand.php:543
Stack trace:
#0 C:\laragon\www\testdrive\framework\db\CDbCommand.php(396): CDbCommand->queryInternal('fetchAll', Array, Array)
#1 C:\laragon\www\testdrive\testdrive\protected\controllers\UserController.php(19): CDbCommand->queryAll()
#2 C:\laragon\www\testdrive\framework\web\actions\CInlineAction.php(49): UserController->actionList()
#3 C:\laragon\www\testdrive\framework\web\CController.php(308): CInlineAction->runWithParams(Array)
#4 C:\laragon\www\testdrive\framework\web\CController.php(286): CController->runAction(Object(CInlineAction))
#5 C:\laragon\www\testdrive\framework\web\CController.php(265): CController->runActionWithFilters(Object(CInlineAction), Array)
#6 C:\laragon\www\testdrive\framework\web\CWebApplication.php(282): CController->run('list')
#7 C:\laragon\www\testdrive\framework\web\CWebApplication.php(141): CWebApplication->runController('user/list')
#8 C:\laragon\www\testdrive\framework\base\CApplication.php(185): CWebApplication->processRequest()
#9 C:\laragon\www\testdrive\testdrive\index.php(13): CApplication->run()
#10 {main}
REQUEST_URI=/testdrive/index.php/user/list
---
2021/08/12 08:02:47 [error] [system.db.CDbCommand] Error in preparing SQL: SELECT *
FROM 'tbl_user'
WHERE (id >= 5) AND (id =< 15)
in C:\laragon\www\testdrive\testdrive\protected\controllers\UserController.php (19)
in C:\laragon\www\testdrive\testdrive\index.php (13)
2021/08/12 08:02:47 [error] [system.db.CDbCommand] CDbCommand::fetchAll() failed: CDbCommand failed to prepare the SQL statement: SQLSTATE[HY000]: General error: 1 near "<": syntax error. The SQL statement executed was: SELECT *
FROM 'tbl_user'
WHERE (id >= 5) AND (id =< 15).
in C:\laragon\www\testdrive\testdrive\protected\controllers\UserController.php (19)
in C:\laragon\www\testdrive\testdrive\index.php (13)
2021/08/12 08:02:47 [error] [exception.CDbException] CDbException: CDbCommand failed to execute the SQL statement: CDbCommand failed to prepare the SQL statement: SQLSTATE[HY000]: General error: 1 near "<": syntax error. The SQL statement executed was: SELECT *
FROM 'tbl_user'
WHERE (id >= 5) AND (id =< 15) in C:\laragon\www\testdrive\framework\db\CDbCommand.php:543
Stack trace:
#0 C:\laragon\www\testdrive\framework\db\CDbCommand.php(396): CDbCommand->queryInternal('fetchAll', Array, Array)
#1 C:\laragon\www\testdrive\testdrive\protected\controllers\UserController.php(19): CDbCommand->queryAll()
#2 C:\laragon\www\testdrive\framework\web\actions\CInlineAction.php(49): UserController->actionList()
#3 C:\laragon\www\testdrive\framework\web\CController.php(308): CInlineAction->runWithParams(Array)
#4 C:\laragon\www\testdrive\framework\web\CController.php(286): CController->runAction(Object(CInlineAction))
#5 C:\laragon\www\testdrive\framework\web\CController.php(265): CController->runActionWithFilters(Object(CInlineAction), Array)
#6 C:\laragon\www\testdrive\framework\web\CWebApplication.php(282): CController->run('list')
#7 C:\laragon\www\testdrive\framework\web\CWebApplication.php(141): CWebApplication->runController('user/list')
#8 C:\laragon\www\testdrive\framework\base\CApplication.php(185): CWebApplication->processRequest()
#9 C:\laragon\www\testdrive\testdrive\index.php(13): CApplication->run()
#10 {main}
REQUEST_URI=/testdrive/index.php/user/list
---
2021/08/12 08:03:41 [error] [php] Undefined variable: dataProvider (C:\laragon\www\testdrive\testdrive\protected\modules\task\views\user\index.php:18)
Stack trace:
#0 C:\laragon\www\testdrive\framework\web\CBaseController.php(126): require()
#1 C:\laragon\www\testdrive\framework\web\CBaseController.php(95): UserController->renderInternal()
#2 C:\laragon\www\testdrive\framework\web\CController.php(872): UserController->renderFile()
#3 C:\laragon\www\testdrive\framework\web\CController.php(785): UserController->renderPartial()
#4 C:\laragon\www\testdrive\testdrive\protected\modules\task\controllers\UserController.php(118): UserController->render()
#5 C:\laragon\www\testdrive\framework\web\actions\CInlineAction.php(49): UserController->actionIndex()
#6 C:\laragon\www\testdrive\framework\web\CController.php(308): CInlineAction->runWithParams()
#7 C:\laragon\www\testdrive\framework\web\filters\CFilterChain.php(134): UserController->runAction()
#8 C:\laragon\www\testdrive\framework\web\filters\CFilter.php(40): CFilterChain->run()
#9 C:\laragon\www\testdrive\framework\web\CController.php(1148): CAccessControlFilter->filter()
#10 C:\laragon\www\testdrive\framework\web\filters\CInlineFilter.php(58): UserController->filterAccessControl()
#11 C:\laragon\www\testdrive\framework\web\filters\CFilterChain.php(131): CInlineFilter->filter()
#12 C:\laragon\www\testdrive\framework\web\CController.php(291): CFilterChain->run()
#13 C:\laragon\www\testdrive\framework\web\CController.php(265): UserController->runActionWithFilters()
#14 C:\laragon\www\testdrive\framework\web\CWebApplication.php(282): UserController->run()
#15 C:\laragon\www\testdrive\framework\web\CWebApplication.php(141): CWebApplication->runController()
#16 C:\laragon\www\testdrive\framework\base\CApplication.php(185): CWebApplication->processRequest()
#17 C:\laragon\www\testdrive\testdrive\index.php(13): CWebApplication->run()
REQUEST_URI=/testdrive/index.php/task/user
in C:\laragon\www\testdrive\testdrive\protected\modules\task\views\user\index.php (18)
in C:\laragon\www\testdrive\testdrive\protected\modules\task\controllers\UserController.php (118)
in C:\laragon\www\testdrive\testdrive\index.php (13)
2021/08/12 08:11:01 [error] [php] Undefined index: name (C:\laragon\www\testdrive\testdrive\protected\modules\task\views\user\index.php:20)
Stack trace:
#0 C:\laragon\www\testdrive\framework\web\CBaseController.php(126): require()
#1 C:\laragon\www\testdrive\framework\web\CBaseController.php(95): UserController->renderInternal()
#2 C:\laragon\www\testdrive\framework\web\CController.php(872): UserController->renderFile()
#3 C:\laragon\www\testdrive\framework\web\CController.php(785): UserController->renderPartial()
#4 C:\laragon\www\testdrive\testdrive\protected\modules\task\controllers\UserController.php(118): UserController->render()
#5 C:\laragon\www\testdrive\framework\web\actions\CInlineAction.php(49): UserController->actionIndex()
#6 C:\laragon\www\testdrive\framework\web\CController.php(308): CInlineAction->runWithParams()
#7 C:\laragon\www\testdrive\framework\web\filters\CFilterChain.php(134): UserController->runAction()
#8 C:\laragon\www\testdrive\framework\web\filters\CFilter.php(40): CFilterChain->run()
#9 C:\laragon\www\testdrive\framework\web\CController.php(1148): CAccessControlFilter->filter()
#10 C:\laragon\www\testdrive\framework\web\filters\CInlineFilter.php(58): UserController->filterAccessControl()
#11 C:\laragon\www\testdrive\framework\web\filters\CFilterChain.php(131): CInlineFilter->filter()
#12 C:\laragon\www\testdrive\framework\web\CController.php(291): CFilterChain->run()
#13 C:\laragon\www\testdrive\framework\web\CController.php(265): UserController->runActionWithFilters()
#14 C:\laragon\www\testdrive\framework\web\CWebApplication.php(282): UserController->run()
#15 C:\laragon\www\testdrive\framework\web\CWebApplication.php(141): CWebApplication->runController()
#16 C:\laragon\www\testdrive\framework\base\CApplication.php(185): CWebApplication->processRequest()
#17 C:\laragon\www\testdrive\testdrive\index.php(13): CWebApplication->run()
REQUEST_URI=/testdrive/index.php/task/user
in C:\laragon\www\testdrive\testdrive\protected\modules\task\views\user\index.php (20)
in C:\laragon\www\testdrive\testdrive\protected\modules\task\controllers\UserController.php (118)
in C:\laragon\www\testdrive\testdrive\index.php (13)
2021/08/12 08:13:13 [error] [php] Trying to access array offset on value of type int (C:\laragon\www\testdrive\testdrive\protected\modules\task\views\user\index.php:21)
Stack trace:
#0 C:\laragon\www\testdrive\framework\web\CBaseController.php(126): require()
#1 C:\laragon\www\testdrive\framework\web\CBaseController.php(95): UserController->renderInternal()
#2 C:\laragon\www\testdrive\framework\web\CController.php(872): UserController->renderFile()
#3 C:\laragon\www\testdrive\framework\web\CController.php(785): UserController->renderPartial()
#4 C:\laragon\www\testdrive\testdrive\protected\modules\task\controllers\UserController.php(115): UserController->render()
#5 C:\laragon\www\testdrive\framework\web\actions\CInlineAction.php(49): UserController->actionIndex()
#6 C:\laragon\www\testdrive\framework\web\CController.php(308): CInlineAction->runWithParams()
#7 C:\laragon\www\testdrive\framework\web\filters\CFilterChain.php(134): UserController->runAction()
#8 C:\laragon\www\testdrive\framework\web\filters\CFilter.php(40): CFilterChain->run()
#9 C:\laragon\www\testdrive\framework\web\CController.php(1148): CAccessControlFilter->filter()
#10 C:\laragon\www\testdrive\framework\web\filters\CInlineFilter.php(58): UserController->filterAccessControl()
#11 C:\laragon\www\testdrive\framework\web\filters\CFilterChain.php(131): CInlineFilter->filter()
#12 C:\laragon\www\testdrive\framework\web\CController.php(291): CFilterChain->run()
#13 C:\laragon\www\testdrive\framework\web\CController.php(265): UserController->runActionWithFilters()
#14 C:\laragon\www\testdrive\framework\web\CWebApplication.php(282): UserController->run()
#15 C:\laragon\www\testdrive\framework\web\CWebApplication.php(141): CWebApplication->runController()
#16 C:\laragon\www\testdrive\framework\base\CApplication.php(185): CWebApplication->processRequest()
#17 C:\laragon\www\testdrive\testdrive\index.php(13): CWebApplication->run()
REQUEST_URI=/testdrive/index.php/task/user
in C:\laragon\www\testdrive\testdrive\protected\modules\task\views\user\index.php (21)
in C:\laragon\www\testdrive\testdrive\protected\modules\task\controllers\UserController.php (115)
in C:\laragon\www\testdrive\testdrive\index.php (13)
2021/08/12 08:57:40 [error] [exception.CException] CException: UserController and its behaviors do not have a method or closure named "unsetAttributes". in C:\laragon\www\testdrive\framework\base\CComponent.php:266
Stack trace:
#0 C:\laragon\www\testdrive\testdrive\protected\modules\task\controllers\UserController.php(125): CComponent->__call('unsetAttributes', Array)
#1 C:\laragon\www\testdrive\framework\web\actions\CInlineAction.php(49): UserController->actionAdmin()
#2 C:\laragon\www\testdrive\framework\web\CController.php(308): CInlineAction->runWithParams(Array)
#3 C:\laragon\www\testdrive\framework\web\filters\CFilterChain.php(134): CController->runAction(Object(CInlineAction))
#4 C:\laragon\www\testdrive\framework\web\filters\CFilter.php(40): CFilterChain->run()
#5 C:\laragon\www\testdrive\framework\web\CController.php(1148): CFilter->filter(Object(CFilterChain))
#6 C:\laragon\www\testdrive\framework\web\filters\CInlineFilter.php(58): CController->filterAccessControl(Object(CFilterChain))
#7 C:\laragon\www\testdrive\framework\web\filters\CFilterChain.php(131): CInlineFilter->filter(Object(CFilterChain))
#8 C:\laragon\www\testdrive\framework\web\CController.php(291): CFilterChain->run()
#9 C:\laragon\www\testdrive\framework\web\CController.php(265): CController->runActionWithFilters(Object(CInlineAction), Array)
#10 C:\laragon\www\testdrive\framework\web\CWebApplication.php(282): CController->run('admin')
#11 C:\laragon\www\testdrive\framework\web\CWebApplication.php(141): CWebApplication->runController('task/user/admin')
#12 C:\laragon\www\testdrive\framework\base\CApplication.php(185): CWebApplication->processRequest()
#13 C:\laragon\www\testdrive\testdrive\index.php(13): CApplication->run()
#14 {main}
REQUEST_URI=/testdrive/index.php/task/user/admin
HTTP_REFERER=http://testdrive.test/testdrive/index.php/task/user
---
2021/08/12 08:58:27 [error] [exception.CException] CException: UserController and its behaviors do not have a method or closure named "unsetAttributes". in C:\laragon\www\testdrive\framework\base\CComponent.php:266
Stack trace:
#0 C:\laragon\www\testdrive\testdrive\protected\modules\task\controllers\UserController.php(125): CComponent->__call('unsetAttributes', Array)
#1 C:\laragon\www\testdrive\framework\web\actions\CInlineAction.php(49): UserController->actionAdmin()
#2 C:\laragon\www\testdrive\framework\web\CController.php(308): CInlineAction->runWithParams(Array)
#3 C:\laragon\www\testdrive\framework\web\filters\CFilterChain.php(134): CController->runAction(Object(CInlineAction))
#4 C:\laragon\www\testdrive\framework\web\filters\CFilter.php(40): CFilterChain->run()
#5 C:\laragon\www\testdrive\framework\web\CController.php(1148): CFilter->filter(Object(CFilterChain))
#6 C:\laragon\www\testdrive\framework\web\filters\CInlineFilter.php(58): CController->filterAccessControl(Object(CFilterChain))
#7 C:\laragon\www\testdrive\framework\web\filters\CFilterChain.php(131): CInlineFilter->filter(Object(CFilterChain))
#8 C:\laragon\www\testdrive\framework\web\CController.php(291): CFilterChain->run()
#9 C:\laragon\www\testdrive\framework\web\CController.php(265): CController->runActionWithFilters(Object(CInlineAction), Array)
#10 C:\laragon\www\testdrive\framework\web\CWebApplication.php(282): CController->run('admin')
#11 C:\laragon\www\testdrive\framework\web\CWebApplication.php(141): CWebApplication->runController('task/user/admin')
#12 C:\laragon\www\testdrive\framework\base\CApplication.php(185): CWebApplication->processRequest()
#13 C:\laragon\www\testdrive\testdrive\index.php(13): CApplication->run()
#14 {main}
REQUEST_URI=/testdrive/index.php/task/user/admin
HTTP_REFERER=http://testdrive.test/testdrive/index.php/task/user
---
2021/08/12 08:58:33 [error] [exception.ArgumentCountError] ArgumentCountError: Too few arguments to function CController::__construct(), 0 passed in C:\laragon\www\testdrive\testdrive\protected\modules\task\controllers\UserController.php on line 54 and at least 1 expected in C:\laragon\www\testdrive\framework\web\CController.php:110
Stack trace:
#0 C:\laragon\www\testdrive\testdrive\protected\modules\task\controllers\UserController.php(54): CController->__construct()
#1 C:\laragon\www\testdrive\framework\web\actions\CInlineAction.php(49): UserController->actionCreate()
#2 C:\laragon\www\testdrive\framework\web\CController.php(308): CInlineAction->runWithParams(Array)
#3 C:\laragon\www\testdrive\framework\web\filters\CFilterChain.php(134): CController->runAction(Object(CInlineAction))
#4 C:\laragon\www\testdrive\framework\web\filters\CFilter.php(40): CFilterChain->run()
#5 C:\laragon\www\testdrive\framework\web\CController.php(1148): CFilter->filter(Object(CFilterChain))
#6 C:\laragon\www\testdrive\framework\web\filters\CInlineFilter.php(58): CController->filterAccessControl(Object(CFilterChain))
#7 C:\laragon\www\testdrive\framework\web\filters\CFilterChain.php(131): CInlineFilter->filter(Object(CFilterChain))
#8 C:\laragon\www\testdrive\framework\web\CController.php(291): CFilterChain->run()
#9 C:\laragon\www\testdrive\framework\web\CController.php(265): CController->runActionWithFilters(Object(CInlineAction), Array)
#10 C:\laragon\www\testdrive\framework\web\CWebApplication.php(282): CController->run('create')
#11 C:\laragon\www\testdrive\framework\web\CWebApplication.php(141): CWebApplication->runController('task/user/creat...')
#12 C:\laragon\www\testdrive\framework\base\CApplication.php(185): CWebApplication->processRequest()
#13 C:\laragon\www\testdrive\testdrive\index.php(13): CApplication->run()
#14 {main}
REQUEST_URI=/testdrive/index.php/task/user/create
HTTP_REFERER=http://testdrive.test/testdrive/index.php/task/user
---
2021/08/12 08:59:43 [error] [exception.ArgumentCountError] ArgumentCountError: Too few arguments to function CController::__construct(), 0 passed in C:\laragon\www\testdrive\testdrive\protected\modules\task\controllers\UserController.php on line 54 and at least 1 expected in C:\laragon\www\testdrive\framework\web\CController.php:110
Stack trace:
#0 C:\laragon\www\testdrive\testdrive\protected\modules\task\controllers\UserController.php(54): CController->__construct()
#1 C:\laragon\www\testdrive\framework\web\actions\CInlineAction.php(49): UserController->actionCreate()
#2 C:\laragon\www\testdrive\framework\web\CController.php(308): CInlineAction->runWithParams(Array)
#3 C:\laragon\www\testdrive\framework\web\filters\CFilterChain.php(134): CController->runAction(Object(CInlineAction))
#4 C:\laragon\www\testdrive\framework\web\filters\CFilter.php(40): CFilterChain->run()
#5 C:\laragon\www\testdrive\framework\web\CController.php(1148): CFilter->filter(Object(CFilterChain))
#6 C:\laragon\www\testdrive\framework\web\filters\CInlineFilter.php(58): CController->filterAccessControl(Object(CFilterChain))
#7 C:\laragon\www\testdrive\framework\web\filters\CFilterChain.php(131): CInlineFilter->filter(Object(CFilterChain))
#8 C:\laragon\www\testdrive\framework\web\CController.php(291): CFilterChain->run()
#9 C:\laragon\www\testdrive\framework\web\CController.php(265): CController->runActionWithFilters(Object(CInlineAction), Array)
#10 C:\laragon\www\testdrive\framework\web\CWebApplication.php(282): CController->run('create')
#11 C:\laragon\www\testdrive\framework\web\CWebApplication.php(141): CWebApplication->runController('task/user/creat...')
#12 C:\laragon\www\testdrive\framework\base\CApplication.php(185): CWebApplication->processRequest()
#13 C:\laragon\www\testdrive\testdrive\index.php(13): CApplication->run()
#14 {main}
REQUEST_URI=/testdrive/index.php/task/user/create
HTTP_REFERER=http://testdrive.test/testdrive/index.php/task/user
---
2021/08/12 08:59:53 [error] [exception.ArgumentCountError] ArgumentCountError: Too few arguments to function CController::__construct(), 0 passed in C:\laragon\www\testdrive\testdrive\protected\modules\task\controllers\UserController.php on line 54 and at least 1 expected in C:\laragon\www\testdrive\framework\web\CController.php:110
Stack trace:
#0 C:\laragon\www\testdrive\testdrive\protected\modules\task\controllers\UserController.php(54): CController->__construct()
#1 C:\laragon\www\testdrive\framework\web\actions\CInlineAction.php(49): UserController->actionCreate()
#2 C:\laragon\www\testdrive\framework\web\CController.php(308): CInlineAction->runWithParams(Array)
#3 C:\laragon\www\testdrive\framework\web\filters\CFilterChain.php(134): CController->runAction(Object(CInlineAction))
#4 C:\laragon\www\testdrive\framework\web\filters\CFilter.php(40): CFilterChain->run()
#5 C:\laragon\www\testdrive\framework\web\CController.php(1148): CFilter->filter(Object(CFilterChain))
#6 C:\laragon\www\testdrive\framework\web\filters\CInlineFilter.php(58): CController->filterAccessControl(Object(CFilterChain))
#7 C:\laragon\www\testdrive\framework\web\filters\CFilterChain.php(131): CInlineFilter->filter(Object(CFilterChain))
#8 C:\laragon\www\testdrive\framework\web\CController.php(291): CFilterChain->run()
#9 C:\laragon\www\testdrive\framework\web\CController.php(265): CController->runActionWithFilters(Object(CInlineAction), Array)
#10 C:\laragon\www\testdrive\framework\web\CWebApplication.php(282): CController->run('create')
#11 C:\laragon\www\testdrive\framework\web\CWebApplication.php(141): CWebApplication->runController('task/user/creat...')
#12 C:\laragon\www\testdrive\framework\base\CApplication.php(185): CWebApplication->processRequest()
#13 C:\laragon\www\testdrive\testdrive\index.php(13): CApplication->run()
#14 {main}
REQUEST_URI=/testdrive/index.php/task/user/create
HTTP_REFERER=http://testdrive.test/testdrive/index.php/task/user
---
2021/08/12 08:59:54 [error] [exception.CException] CException: UserController and its behaviors do not have a method or closure named "unsetAttributes". in C:\laragon\www\testdrive\framework\base\CComponent.php:266
Stack trace:
#0 C:\laragon\www\testdrive\testdrive\protected\modules\task\controllers\UserController.php(125): CComponent->__call('unsetAttributes', Array)
#1 C:\laragon\www\testdrive\framework\web\actions\CInlineAction.php(49): UserController->actionAdmin()
#2 C:\laragon\www\testdrive\framework\web\CController.php(308): CInlineAction->runWithParams(Array)
#3 C:\laragon\www\testdrive\framework\web\filters\CFilterChain.php(134): CController->runAction(Object(CInlineAction))
#4 C:\laragon\www\testdrive\framework\web\filters\CFilter.php(40): CFilterChain->run()
#5 C:\laragon\www\testdrive\framework\web\CController.php(1148): CFilter->filter(Object(CFilterChain))
#6 C:\laragon\www\testdrive\framework\web\filters\CInlineFilter.php(58): CController->filterAccessControl(Object(CFilterChain))
#7 C:\laragon\www\testdrive\framework\web\filters\CFilterChain.php(131): CInlineFilter->filter(Object(CFilterChain))
#8 C:\laragon\www\testdrive\framework\web\CController.php(291): CFilterChain->run()
#9 C:\laragon\www\testdrive\framework\web\CController.php(265): CController->runActionWithFilters(Object(CInlineAction), Array)
#10 C:\laragon\www\testdrive\framework\web\CWebApplication.php(282): CController->run('admin')
#11 C:\laragon\www\testdrive\framework\web\CWebApplication.php(141): CWebApplication->runController('task/user/admin')
#12 C:\laragon\www\testdrive\framework\base\CApplication.php(185): CWebApplication->processRequest()
#13 C:\laragon\www\testdrive\testdrive\index.php(13): CApplication->run()
#14 {main}
REQUEST_URI=/testdrive/index.php/task/user/admin
HTTP_REFERER=http://testdrive.test/testdrive/index.php/task/user
---
2021/08/12 08:59:55 [error] [exception.ArgumentCountError] ArgumentCountError: Too few arguments to function CController::__construct(), 0 passed in C:\laragon\www\testdrive\testdrive\protected\modules\task\controllers\UserController.php on line 54 and at least 1 expected in C:\laragon\www\testdrive\framework\web\CController.php:110
Stack trace:
#0 C:\laragon\www\testdrive\testdrive\protected\modules\task\controllers\UserController.php(54): CController->__construct()
#1 C:\laragon\www\testdrive\framework\web\actions\CInlineAction.php(49): UserController->actionCreate()
#2 C:\laragon\www\testdrive\framework\web\CController.php(308): CInlineAction->runWithParams(Array)
#3 C:\laragon\www\testdrive\framework\web\filters\CFilterChain.php(134): CController->runAction(Object(CInlineAction))
#4 C:\laragon\www\testdrive\framework\web\filters\CFilter.php(40): CFilterChain->run()
#5 C:\laragon\www\testdrive\framework\web\CController.php(1148): CFilter->filter(Object(CFilterChain))
#6 C:\laragon\www\testdrive\framework\web\filters\CInlineFilter.php(58): CController->filterAccessControl(Object(CFilterChain))
#7 C:\laragon\www\testdrive\framework\web\filters\CFilterChain.php(131): CInlineFilter->filter(Object(CFilterChain))
#8 C:\laragon\www\testdrive\framework\web\CController.php(291): CFilterChain->run()
#9 C:\laragon\www\testdrive\framework\web\CController.php(265): CController->runActionWithFilters(Object(CInlineAction), Array)
#10 C:\laragon\www\testdrive\framework\web\CWebApplication.php(282): CController->run('create')
#11 C:\laragon\www\testdrive\framework\web\CWebApplication.php(141): CWebApplication->runController('task/user/creat...')
#12 C:\laragon\www\testdrive\framework\base\CApplication.php(185): CWebApplication->processRequest()
#13 C:\laragon\www\testdrive\testdrive\index.php(13): CApplication->run()
#14 {main}
REQUEST_URI=/testdrive/index.php/task/user/create
HTTP_REFERER=http://testdrive.test/testdrive/index.php/task/user
---
2021/08/12 09:00:12 [error] [php] Undefined variable: userList (C:\laragon\www\testdrive\testdrive\protected\modules\task\views\user\index.php:20)
Stack trace:
#0 C:\laragon\www\testdrive\framework\web\CBaseController.php(126): require()
#1 C:\laragon\www\testdrive\framework\web\CBaseController.php(95): UserController->renderInternal()
#2 C:\laragon\www\testdrive\framework\web\CController.php(872): UserController->renderFile()
#3 C:\laragon\www\testdrive\framework\web\CController.php(785): UserController->renderPartial()
#4 C:\laragon\www\testdrive\testdrive\protected\modules\task\controllers\UserController.php(117): UserController->render()
#5 C:\laragon\www\testdrive\framework\web\actions\CInlineAction.php(49): UserController->actionIndex()
#6 C:\laragon\www\testdrive\framework\web\CController.php(308): CInlineAction->runWithParams()
#7 C:\laragon\www\testdrive\framework\web\filters\CFilterChain.php(134): UserController->runAction()
#8 C:\laragon\www\testdrive\framework\web\filters\CFilter.php(40): CFilterChain->run()
#9 C:\laragon\www\testdrive\framework\web\CController.php(1148): CAccessControlFilter->filter()
#10 C:\laragon\www\testdrive\framework\web\filters\CInlineFilter.php(58): UserController->filterAccessControl()
#11 C:\laragon\www\testdrive\framework\web\filters\CFilterChain.php(131): CInlineFilter->filter()
#12 C:\laragon\www\testdrive\framework\web\CController.php(291): CFilterChain->run()
#13 C:\laragon\www\testdrive\framework\web\CController.php(265): UserController->runActionWithFilters()
#14 C:\laragon\www\testdrive\framework\web\CWebApplication.php(282): UserController->run()
#15 C:\laragon\www\testdrive\framework\web\CWebApplication.php(141): CWebApplication->runController()
#16 C:\laragon\www\testdrive\framework\base\CApplication.php(185): CWebApplication->processRequest()
#17 C:\laragon\www\testdrive\testdrive\index.php(13): CWebApplication->run()
REQUEST_URI=/testdrive/index.php/task/user
in C:\laragon\www\testdrive\testdrive\protected\modules\task\views\user\index.php (20)
in C:\laragon\www\testdrive\testdrive\protected\modules\task\controllers\UserController.php (117)
in C:\laragon\www\testdrive\testdrive\index.php (13)
2021/08/12 09:00:38 [error] [exception.ArgumentCountError] ArgumentCountError: Too few arguments to function CController::__construct(), 0 passed in C:\laragon\www\testdrive\testdrive\protected\modules\task\controllers\UserController.php on line 54 and at least 1 expected in C:\laragon\www\testdrive\framework\web\CController.php:110
Stack trace:
#0 C:\laragon\www\testdrive\testdrive\protected\modules\task\controllers\UserController.php(54): CController->__construct()
#1 C:\laragon\www\testdrive\framework\web\actions\CInlineAction.php(49): UserController->actionCreate()
#2 C:\laragon\www\testdrive\framework\web\CController.php(308): CInlineAction->runWithParams(Array)
#3 C:\laragon\www\testdrive\framework\web\filters\CFilterChain.php(134): CController->runAction(Object(CInlineAction))
#4 C:\laragon\www\testdrive\framework\web\filters\CFilter.php(40): CFilterChain->run()
#5 C:\laragon\www\testdrive\framework\web\CController.php(1148): CFilter->filter(Object(CFilterChain))
#6 C:\laragon\www\testdrive\framework\web\filters\CInlineFilter.php(58): CController->filterAccessControl(Object(CFilterChain))
#7 C:\laragon\www\testdrive\framework\web\filters\CFilterChain.php(131): CInlineFilter->filter(Object(CFilterChain))
#8 C:\laragon\www\testdrive\framework\web\CController.php(291): CFilterChain->run()
#9 C:\laragon\www\testdrive\framework\web\CController.php(265): CController->runActionWithFilters(Object(CInlineAction), Array)
#10 C:\laragon\www\testdrive\framework\web\CWebApplication.php(282): CController->run('create')
#11 C:\laragon\www\testdrive\framework\web\CWebApplication.php(141): CWebApplication->runController('task/user/creat...')
#12 C:\laragon\www\testdrive\framework\base\CApplication.php(185): CWebApplication->processRequest()
#13 C:\laragon\www\testdrive\testdrive\index.php(13): CApplication->run()
#14 {main}
REQUEST_URI=/testdrive/index.php/task/user/create
HTTP_REFERER=http://testdrive.test/testdrive/index.php/task/user
---
2021/08/12 09:00:40 [error] [exception.CException] CException: UserController and its behaviors do not have a method or closure named "unsetAttributes". in C:\laragon\www\testdrive\framework\base\CComponent.php:266
Stack trace:
#0 C:\laragon\www\testdrive\testdrive\protected\modules\task\controllers\UserController.php(128): CComponent->__call('unsetAttributes', Array)
#1 C:\laragon\www\testdrive\framework\web\actions\CInlineAction.php(49): UserController->actionAdmin()
#2 C:\laragon\www\testdrive\framework\web\CController.php(308): CInlineAction->runWithParams(Array)
#3 C:\laragon\www\testdrive\framework\web\filters\CFilterChain.php(134): CController->runAction(Object(CInlineAction))
#4 C:\laragon\www\testdrive\framework\web\filters\CFilter.php(40): CFilterChain->run()
#5 C:\laragon\www\testdrive\framework\web\CController.php(1148): CFilter->filter(Object(CFilterChain))
#6 C:\laragon\www\testdrive\framework\web\filters\CInlineFilter.php(58): CController->filterAccessControl(Object(CFilterChain))
#7 C:\laragon\www\testdrive\framework\web\filters\CFilterChain.php(131): CInlineFilter->filter(Object(CFilterChain))
#8 C:\laragon\www\testdrive\framework\web\CController.php(291): CFilterChain->run()
#9 C:\laragon\www\testdrive\framework\web\CController.php(265): CController->runActionWithFilters(Object(CInlineAction), Array)
#10 C:\laragon\www\testdrive\framework\web\CWebApplication.php(282): CController->run('admin')
#11 C:\laragon\www\testdrive\framework\web\CWebApplication.php(141): CWebApplication->runController('task/user/admin')
#12 C:\laragon\www\testdrive\framework\base\CApplication.php(185): CWebApplication->processRequest()
#13 C:\laragon\www\testdrive\testdrive\index.php(13): CApplication->run()
#14 {main}
REQUEST_URI=/testdrive/index.php/task/user/admin
HTTP_REFERER=http://testdrive.test/testdrive/index.php/task/user
---
2021/08/12 09:00:41 [error] [exception.ArgumentCountError] ArgumentCountError: Too few arguments to function CController::__construct(), 0 passed in C:\laragon\www\testdrive\testdrive\protected\modules\task\controllers\UserController.php on line 54 and at least 1 expected in C:\laragon\www\testdrive\framework\web\CController.php:110
Stack trace:
#0 C:\laragon\www\testdrive\testdrive\protected\modules\task\controllers\UserController.php(54): CController->__construct()
#1 C:\laragon\www\testdrive\framework\web\actions\CInlineAction.php(49): UserController->actionCreate()
#2 C:\laragon\www\testdrive\framework\web\CController.php(308): CInlineAction->runWithParams(Array)
#3 C:\laragon\www\testdrive\framework\web\filters\CFilterChain.php(134): CController->runAction(Object(CInlineAction))
#4 C:\laragon\www\testdrive\framework\web\filters\CFilter.php(40): CFilterChain->run()
#5 C:\laragon\www\testdrive\framework\web\CController.php(1148): CFilter->filter(Object(CFilterChain))
#6 C:\laragon\www\testdrive\framework\web\filters\CInlineFilter.php(58): CController->filterAccessControl(Object(CFilterChain))
#7 C:\laragon\www\testdrive\framework\web\filters\CFilterChain.php(131): CInlineFilter->filter(Object(CFilterChain))
#8 C:\laragon\www\testdrive\framework\web\CController.php(291): CFilterChain->run()
#9 C:\laragon\www\testdrive\framework\web\CController.php(265): CController->runActionWithFilters(Object(CInlineAction), Array)
#10 C:\laragon\www\testdrive\framework\web\CWebApplication.php(282): CController->run('create')
#11 C:\laragon\www\testdrive\framework\web\CWebApplication.php(141): CWebApplication->runController('task/user/creat...')
#12 C:\laragon\www\testdrive\framework\base\CApplication.php(185): CWebApplication->processRequest()
#13 C:\laragon\www\testdrive\testdrive\index.php(13): CApplication->run()
#14 {main}
REQUEST_URI=/testdrive/index.php/task/user/create
HTTP_REFERER=http://testdrive.test/testdrive/index.php/task/user
---
2021/08/12 09:01:13 [error] [exception.ArgumentCountError] ArgumentCountError: Too few arguments to function CController::__construct(), 0 passed in C:\laragon\www\testdrive\testdrive\protected\modules\task\controllers\UserController.php on line 54 and at least 1 expected in C:\laragon\www\testdrive\framework\web\CController.php:110
Stack trace:
#0 C:\laragon\www\testdrive\testdrive\protected\modules\task\controllers\UserController.php(54): CController->__construct()
#1 C:\laragon\www\testdrive\framework\web\actions\CInlineAction.php(49): UserController->actionCreate()
#2 C:\laragon\www\testdrive\framework\web\CController.php(308): CInlineAction->runWithParams(Array)
#3 C:\laragon\www\testdrive\framework\web\filters\CFilterChain.php(134): CController->runAction(Object(CInlineAction))
#4 C:\laragon\www\testdrive\framework\web\filters\CFilter.php(40): CFilterChain->run()
#5 C:\laragon\www\testdrive\framework\web\CController.php(1148): CFilter->filter(Object(CFilterChain))
#6 C:\laragon\www\testdrive\framework\web\filters\CInlineFilter.php(58): CController->filterAccessControl(Object(CFilterChain))
#7 C:\laragon\www\testdrive\framework\web\filters\CFilterChain.php(131): CInlineFilter->filter(Object(CFilterChain))
#8 C:\laragon\www\testdrive\framework\web\CController.php(291): CFilterChain->run()
#9 C:\laragon\www\testdrive\framework\web\CController.php(265): CController->runActionWithFilters(Object(CInlineAction), Array)
#10 C:\laragon\www\testdrive\framework\web\CWebApplication.php(282): CController->run('create')
#11 C:\laragon\www\testdrive\framework\web\CWebApplication.php(141): CWebApplication->runController('task/user/creat...')
#12 C:\laragon\www\testdrive\framework\base\CApplication.php(185): CWebApplication->processRequest()
#13 C:\laragon\www\testdrive\testdrive\index.php(13): CApplication->run()
#14 {main}
REQUEST_URI=/testdrive/index.php/task/user/create
HTTP_REFERER=http://testdrive.test/testdrive/index.php/task/user
---
2021/08/12 09:02:18 [error] [exception.CException] CException: UserController and its behaviors do not have a method or closure named "unsetAttributes". in C:\laragon\www\testdrive\framework\base\CComponent.php:266
Stack trace:
#0 C:\laragon\www\testdrive\testdrive\protected\modules\task\controllers\UserController.php(125): CComponent->__call('unsetAttributes', Array)
#1 C:\laragon\www\testdrive\framework\web\actions\CInlineAction.php(49): UserController->actionAdmin()
#2 C:\laragon\www\testdrive\framework\web\CController.php(308): CInlineAction->runWithParams(Array)
#3 C:\laragon\www\testdrive\framework\web\filters\CFilterChain.php(134): CController->runAction(Object(CInlineAction))
#4 C:\laragon\www\testdrive\framework\web\filters\CFilter.php(40): CFilterChain->run()
#5 C:\laragon\www\testdrive\framework\web\CController.php(1148): CFilter->filter(Object(CFilterChain))
#6 C:\laragon\www\testdrive\framework\web\filters\CInlineFilter.php(58): CController->filterAccessControl(Object(CFilterChain))
#7 C:\laragon\www\testdrive\framework\web\filters\CFilterChain.php(131): CInlineFilter->filter(Object(CFilterChain))
#8 C:\laragon\www\testdrive\framework\web\CController.php(291): CFilterChain->run()
#9 C:\laragon\www\testdrive\framework\web\CController.php(265): CController->runActionWithFilters(Object(CInlineAction), Array)
#10 C:\laragon\www\testdrive\framework\web\CWebApplication.php(282): CController->run('admin')
#11 C:\laragon\www\testdrive\framework\web\CWebApplication.php(141): CWebApplication->runController('task/user/admin')
#12 C:\laragon\www\testdrive\framework\base\CApplication.php(185): CWebApplication->processRequest()
#13 C:\laragon\www\testdrive\testdrive\index.php(13): CApplication->run()
#14 {main}
REQUEST_URI=/testdrive/index.php/task/user/admin
HTTP_REFERER=http://testdrive.test/testdrive/index.php/task/user
---
2021/08/12 09:02:36 [error] [exception.ArgumentCountError] ArgumentCountError: Too few arguments to function CController::__construct(), 0 passed in C:\laragon\www\testdrive\testdrive\protected\modules\task\controllers\UserController.php on line 54 and at least 1 expected in C:\laragon\www\testdrive\framework\web\CController.php:110
Stack trace:
#0 C:\laragon\www\testdrive\testdrive\protected\modules\task\controllers\UserController.php(54): CController->__construct()
#1 C:\laragon\www\testdrive\framework\web\actions\CInlineAction.php(49): UserController->actionCreate()
#2 C:\laragon\www\testdrive\framework\web\CController.php(308): CInlineAction->runWithParams(Array)
#3 C:\laragon\www\testdrive\framework\web\filters\CFilterChain.php(134): CController->runAction(Object(CInlineAction))
#4 C:\laragon\www\testdrive\framework\web\filters\CFilter.php(40): CFilterChain->run()
#5 C:\laragon\www\testdrive\framework\web\CController.php(1148): CFilter->filter(Object(CFilterChain))
#6 C:\laragon\www\testdrive\framework\web\filters\CInlineFilter.php(58): CController->filterAccessControl(Object(CFilterChain))
#7 C:\laragon\www\testdrive\framework\web\filters\CFilterChain.php(131): CInlineFilter->filter(Object(CFilterChain))
#8 C:\laragon\www\testdrive\framework\web\CController.php(291): CFilterChain->run()
#9 C:\laragon\www\testdrive\framework\web\CController.php(265): CController->runActionWithFilters(Object(CInlineAction), Array)
#10 C:\laragon\www\testdrive\framework\web\CWebApplication.php(282): CController->run('create')
#11 C:\laragon\www\testdrive\framework\web\CWebApplication.php(141): CWebApplication->runController('task/user/creat...')
#12 C:\laragon\www\testdrive\framework\base\CApplication.php(185): CWebApplication->processRequest()
#13 C:\laragon\www\testdrive\testdrive\index.php(13): CApplication->run()
#14 {main}
REQUEST_URI=/testdrive/index.php/task/user/create
HTTP_REFERER=http://testdrive.test/testdrive/index.php/task/user
---
2021/08/12 09:02:38 [error] [exception.ArgumentCountError] ArgumentCountError: Too few arguments to function CController::__construct(), 0 passed in C:\laragon\www\testdrive\testdrive\protected\modules\task\controllers\UserController.php on line 54 and at least 1 expected in C:\laragon\www\testdrive\framework\web\CController.php:110
Stack trace:
#0 C:\laragon\www\testdrive\testdrive\protected\modules\task\controllers\UserController.php(54): CController->__construct()
#1 C:\laragon\www\testdrive\framework\web\actions\CInlineAction.php(49): UserController->actionCreate()
#2 C:\laragon\www\testdrive\framework\web\CController.php(308): CInlineAction->runWithParams(Array)
#3 C:\laragon\www\testdrive\framework\web\filters\CFilterChain.php(134): CController->runAction(Object(CInlineAction))
#4 C:\laragon\www\testdrive\framework\web\filters\CFilter.php(40): CFilterChain->run()
#5 C:\laragon\www\testdrive\framework\web\CController.php(1148): CFilter->filter(Object(CFilterChain))
#6 C:\laragon\www\testdrive\framework\web\filters\CInlineFilter.php(58): CController->filterAccessControl(Object(CFilterChain))
#7 C:\laragon\www\testdrive\framework\web\filters\CFilterChain.php(131): CInlineFilter->filter(Object(CFilterChain))
#8 C:\laragon\www\testdrive\framework\web\CController.php(291): CFilterChain->run()
#9 C:\laragon\www\testdrive\framework\web\CController.php(265): CController->runActionWithFilters(Object(CInlineAction), Array)
#10 C:\laragon\www\testdrive\framework\web\CWebApplication.php(282): CController->run('create')
#11 C:\laragon\www\testdrive\framework\web\CWebApplication.php(141): CWebApplication->runController('task/user/creat...')
#12 C:\laragon\www\testdrive\framework\base\CApplication.php(185): CWebApplication->processRequest()
#13 C:\laragon\www\testdrive\testdrive\index.php(13): CApplication->run()
#14 {main}
REQUEST_URI=/testdrive/index.php/task/user/create
HTTP_REFERER=http://testdrive.test/testdrive/index.php/task/user
---
2021/08/12 09:03:10 [error] [exception.ArgumentCountError] ArgumentCountError: Too few arguments to function CController::__construct(), 0 passed in C:\laragon\www\testdrive\testdrive\protected\modules\task\controllers\UserController.php on line 54 and at least 1 expected in C:\laragon\www\testdrive\framework\web\CController.php:110
Stack trace:
#0 C:\laragon\www\testdrive\testdrive\protected\modules\task\controllers\UserController.php(54): CController->__construct()
#1 C:\laragon\www\testdrive\framework\web\actions\CInlineAction.php(49): UserController->actionCreate()
#2 C:\laragon\www\testdrive\framework\web\CController.php(308): CInlineAction->runWithParams(Array)
#3 C:\laragon\www\testdrive\framework\web\filters\CFilterChain.php(134): CController->runAction(Object(CInlineAction))
#4 C:\laragon\www\testdrive\framework\web\filters\CFilter.php(40): CFilterChain->run()
#5 C:\laragon\www\testdrive\framework\web\CController.php(1148): CFilter->filter(Object(CFilterChain))
#6 C:\laragon\www\testdrive\framework\web\filters\CInlineFilter.php(58): CController->filterAccessControl(Object(CFilterChain))
#7 C:\laragon\www\testdrive\framework\web\filters\CFilterChain.php(131): CInlineFilter->filter(Object(CFilterChain))
#8 C:\laragon\www\testdrive\framework\web\CController.php(291): CFilterChain->run()
#9 C:\laragon\www\testdrive\framework\web\CController.php(265): CController->runActionWithFilters(Object(CInlineAction), Array)
#10 C:\laragon\www\testdrive\framework\web\CWebApplication.php(282): CController->run('create')
#11 C:\laragon\www\testdrive\framework\web\CWebApplication.php(141): CWebApplication->runController('task/user/creat...')
#12 C:\laragon\www\testdrive\framework\base\CApplication.php(185): CWebApplication->processRequest()
#13 C:\laragon\www\testdrive\testdrive\index.php(13): CApplication->run()
#14 {main}
REQUEST_URI=/testdrive/index.php/task/user/create
HTTP_REFERER=http://testdrive.test/testdrive/index.php/task/user
---
2021/08/12 09:03:14 [error] [exception.CException] CException: UserController and its behaviors do not have a method or closure named "unsetAttributes". in C:\laragon\www\testdrive\framework\base\CComponent.php:266
Stack trace:
#0 C:\laragon\www\testdrive\testdrive\protected\modules\task\controllers\UserController.php(122): CComponent->__call('unsetAttributes', Array)
#1 C:\laragon\www\testdrive\framework\web\actions\CInlineAction.php(49): UserController->actionAdmin()
#2 C:\laragon\www\testdrive\framework\web\CController.php(308): CInlineAction->runWithParams(Array)
#3 C:\laragon\www\testdrive\framework\web\filters\CFilterChain.php(134): CController->runAction(Object(CInlineAction))
#4 C:\laragon\www\testdrive\framework\web\filters\CFilter.php(40): CFilterChain->run()
#5 C:\laragon\www\testdrive\framework\web\CController.php(1148): CFilter->filter(Object(CFilterChain))
#6 C:\laragon\www\testdrive\framework\web\filters\CInlineFilter.php(58): CController->filterAccessControl(Object(CFilterChain))
#7 C:\laragon\www\testdrive\framework\web\filters\CFilterChain.php(131): CInlineFilter->filter(Object(CFilterChain))
#8 C:\laragon\www\testdrive\framework\web\CController.php(291): CFilterChain->run()
#9 C:\laragon\www\testdrive\framework\web\CController.php(265): CController->runActionWithFilters(Object(CInlineAction), Array)
#10 C:\laragon\www\testdrive\framework\web\CWebApplication.php(282): CController->run('admin')
#11 C:\laragon\www\testdrive\framework\web\CWebApplication.php(141): CWebApplication->runController('task/user/admin')
#12 C:\laragon\www\testdrive\framework\base\CApplication.php(185): CWebApplication->processRequest()
#13 C:\laragon\www\testdrive\testdrive\index.php(13): CApplication->run()
#14 {main}
REQUEST_URI=/testdrive/index.php/task/user/admin
HTTP_REFERER=http://testdrive.test/testdrive/index.php/task/user
---
2021/08/12 09:03:25 [error] [exception.CException] CException: UserController and its behaviors do not have a method or closure named "getAttributeLabel". in C:\laragon\www\testdrive\framework\base\CComponent.php:266
Stack trace:
#0 C:\laragon\www\testdrive\framework\web\helpers\CHtml.php(1509): CComponent->__call('getAttributeLab...', Array)
#1 C:\laragon\www\testdrive\framework\web\widgets\CActiveForm.php(586): CHtml::activeLabel(Object(UserController), 'id', Array)
#2 C:\laragon\www\testdrive\testdrive\protected\modules\task\views\user\_search.php(15): CActiveForm->label(Object(UserController), 'id')
#3 C:\laragon\www\testdrive\framework\web\CBaseController.php(126): require('C:\\laragon\\www\\...')
#4 C:\laragon\www\testdrive\framework\web\CBaseController.php(95): CBaseController->renderInternal('C:\\laragon\\www\\...', Array, true)
#5 C:\laragon\www\testdrive\framework\web\CController.php(872): CBaseController->renderFile('C:\\laragon\\www\\...', Array, true)
#6 C:\laragon\www\testdrive\testdrive\protected\modules\task\views\user\admin.php(39): CController->renderPartial('_search', Array)
#7 C:\laragon\www\testdrive\framework\web\CBaseController.php(126): require('C:\\laragon\\www\\...')
#8 C:\laragon\www\testdrive\framework\web\CBaseController.php(95): CBaseController->renderInternal('C:\\laragon\\www\\...', Array, true)
#9 C:\laragon\www\testdrive\framework\web\CController.php(872): CBaseController->renderFile('C:\\laragon\\www\\...', Array, true)
#10 C:\laragon\www\testdrive\framework\web\CController.php(785): CController->renderPartial('admin', Array, true)
#11 C:\laragon\www\testdrive\testdrive\protected\modules\task\controllers\UserController.php(127): CController->render('admin', Array)
#12 C:\laragon\www\testdrive\framework\web\actions\CInlineAction.php(49): UserController->actionAdmin()
#13 C:\laragon\www\testdrive\framework\web\CController.php(308): CInlineAction->runWithParams(Array)
#14 C:\laragon\www\testdrive\framework\web\filters\CFilterChain.php(134): CController->runAction(Object(CInlineAction))
#15 C:\laragon\www\testdrive\framework\web\filters\CFilter.php(40): CFilterChain->run()
#16 C:\laragon\www\testdrive\framework\web\CController.php(1148): CFilter->filter(Object(CFilterChain))
#17 C:\laragon\www\testdrive\framework\web\filters\CInlineFilter.php(58): CController->filterAccessControl(Object(CFilterChain))
#18 C:\laragon\www\testdrive\framework\web\filters\CFilterChain.php(131): CInlineFilter->filter(Object(CFilterChain))
#19 C:\laragon\www\testdrive\framework\web\CController.php(291): CFilterChain->run()
#20 C:\laragon\www\testdrive\framework\web\CController.php(265): CController->runActionWithFilters(Object(CInlineAction), Array)
#21 C:\laragon\www\testdrive\framework\web\CWebApplication.php(282): CController->run('admin')
#22 C:\laragon\www\testdrive\framework\web\CWebApplication.php(141): CWebApplication->runController('task/user/admin')
#23 C:\laragon\www\testdrive\framework\base\CApplication.php(185): CWebApplication->processRequest()
#24 C:\laragon\www\testdrive\testdrive\index.php(13): CApplication->run()
#25 {main}
REQUEST_URI=/testdrive/index.php/task/user/admin
HTTP_REFERER=http://testdrive.test/testdrive/index.php/task/user
---
2021/08/12 09:03:54 [error] [php] Invalid argument supplied for foreach() (C:\laragon\www\testdrive\testdrive\protected\modules\task\views\user\index.php:19)
Stack trace:
#0 C:\laragon\www\testdrive\framework\web\CBaseController.php(126): require()
#1 C:\laragon\www\testdrive\framework\web\CBaseController.php(95): UserController->renderInternal()
#2 C:\laragon\www\testdrive\framework\web\CController.php(872): UserController->renderFile()
#3 C:\laragon\www\testdrive\framework\web\CController.php(785): UserController->renderPartial()
#4 C:\laragon\www\testdrive\testdrive\protected\modules\task\controllers\UserController.php(112): UserController->render()
#5 C:\laragon\www\testdrive\framework\web\actions\CInlineAction.php(49): UserController->actionIndex()
#6 C:\laragon\www\testdrive\framework\web\CController.php(308): CInlineAction->runWithParams()
#7 C:\laragon\www\testdrive\framework\web\filters\CFilterChain.php(134): UserController->runAction()
#8 C:\laragon\www\testdrive\framework\web\filters\CFilter.php(40): CFilterChain->run()
#9 C:\laragon\www\testdrive\framework\web\CController.php(1148): CAccessControlFilter->filter()
#10 C:\laragon\www\testdrive\framework\web\filters\CInlineFilter.php(58): UserController->filterAccessControl()
#11 C:\laragon\www\testdrive\framework\web\filters\CFilterChain.php(131): CInlineFilter->filter()
#12 C:\laragon\www\testdrive\framework\web\CController.php(291): CFilterChain->run()
#13 C:\laragon\www\testdrive\framework\web\CController.php(265): UserController->runActionWithFilters()
#14 C:\laragon\www\testdrive\framework\web\CWebApplication.php(282): UserController->run()
#15 C:\laragon\www\testdrive\framework\web\CWebApplication.php(141): CWebApplication->runController()
#16 C:\laragon\www\testdrive\framework\base\CApplication.php(185): CWebApplication->processRequest()
#17 C:\laragon\www\testdrive\testdrive\index.php(13): CWebApplication->run()
REQUEST_URI=/testdrive/index.php?r=task/user
in C:\laragon\www\testdrive\testdrive\protected\modules\task\views\user\index.php (19)
in C:\laragon\www\testdrive\testdrive\protected\modules\task\controllers\UserController.php (112)
in C:\laragon\www\testdrive\testdrive\index.php (13)
2021/08/12 09:04:08 [error] [exception.CException] CException: UserController and its behaviors do not have a method or closure named "unsetAttributes". in C:\laragon\www\testdrive\framework\base\CComponent.php:266
Stack trace:
#0 C:\laragon\www\testdrive\testdrive\protected\modules\task\controllers\UserController.php(122): CComponent->__call('unsetAttributes', Array)
#1 C:\laragon\www\testdrive\framework\web\actions\CInlineAction.php(49): UserController->actionAdmin()
#2 C:\laragon\www\testdrive\framework\web\CController.php(308): CInlineAction->runWithParams(Array)
#3 C:\laragon\www\testdrive\framework\web\filters\CFilterChain.php(134): CController->runAction(Object(CInlineAction))
#4 C:\laragon\www\testdrive\framework\web\filters\CFilter.php(40): CFilterChain->run()
#5 C:\laragon\www\testdrive\framework\web\CController.php(1148): CFilter->filter(Object(CFilterChain))
#6 C:\laragon\www\testdrive\framework\web\filters\CInlineFilter.php(58): CController->filterAccessControl(Object(CFilterChain))
#7 C:\laragon\www\testdrive\framework\web\filters\CFilterChain.php(131): CInlineFilter->filter(Object(CFilterChain))
#8 C:\laragon\www\testdrive\framework\web\CController.php(291): CFilterChain->run()
#9 C:\laragon\www\testdrive\framework\web\CController.php(265): CController->runActionWithFilters(Object(CInlineAction), Array)
#10 C:\laragon\www\testdrive\framework\web\CWebApplication.php(282): CController->run('admin')
#11 C:\laragon\www\testdrive\framework\web\CWebApplication.php(141): CWebApplication->runController('task/user/admin')
#12 C:\laragon\www\testdrive\framework\base\CApplication.php(185): CWebApplication->processRequest()
#13 C:\laragon\www\testdrive\testdrive\index.php(13): CApplication->run()
#14 {main}
REQUEST_URI=/testdrive/index.php?r=task/user/admin
---
2021/08/12 09:04:16 [error] [exception.ArgumentCountError] ArgumentCountError: Too few arguments to function CController::__construct(), 0 passed in C:\laragon\www\testdrive\testdrive\protected\modules\task\controllers\UserController.php on line 54 and at least 1 expected in C:\laragon\www\testdrive\framework\web\CController.php:110
Stack trace:
#0 C:\laragon\www\testdrive\testdrive\protected\modules\task\controllers\UserController.php(54): CController->__construct()
#1 C:\laragon\www\testdrive\framework\web\actions\CInlineAction.php(49): UserController->actionCreate()
#2 C:\laragon\www\testdrive\framework\web\CController.php(308): CInlineAction->runWithParams(Array)
#3 C:\laragon\www\testdrive\framework\web\filters\CFilterChain.php(134): CController->runAction(Object(CInlineAction))
#4 C:\laragon\www\testdrive\framework\web\filters\CFilter.php(40): CFilterChain->run()
#5 C:\laragon\www\testdrive\framework\web\CController.php(1148): CFilter->filter(Object(CFilterChain))
#6 C:\laragon\www\testdrive\framework\web\filters\CInlineFilter.php(58): CController->filterAccessControl(Object(CFilterChain))
#7 C:\laragon\www\testdrive\framework\web\filters\CFilterChain.php(131): CInlineFilter->filter(Object(CFilterChain))
#8 C:\laragon\www\testdrive\framework\web\CController.php(291): CFilterChain->run()
#9 C:\laragon\www\testdrive\framework\web\CController.php(265): CController->runActionWithFilters(Object(CInlineAction), Array)
#10 C:\laragon\www\testdrive\framework\web\CWebApplication.php(282): CController->run('create')
#11 C:\laragon\www\testdrive\framework\web\CWebApplication.php(141): CWebApplication->runController('task/user/creat...')
#12 C:\laragon\www\testdrive\framework\base\CApplication.php(185): CWebApplication->processRequest()
#13 C:\laragon\www\testdrive\testdrive\index.php(13): CApplication->run()
#14 {main}
REQUEST_URI=/testdrive/index.php/task/user/create
HTTP_REFERER=http://testdrive.test/testdrive/index.php/task/user
---
2021/08/12 09:11:21 [error] [exception.ArgumentCountError] ArgumentCountError: Too few arguments to function CController::__construct(), 0 passed in C:\laragon\www\testdrive\testdrive\protected\modules\task\controllers\UserController.php on line 54 and at least 1 expected in C:\laragon\www\testdrive\framework\web\CController.php:110
Stack trace:
#0 C:\laragon\www\testdrive\testdrive\protected\modules\task\controllers\UserController.php(54): CController->__construct()
#1 C:\laragon\www\testdrive\framework\web\actions\CInlineAction.php(49): UserController->actionCreate()
#2 C:\laragon\www\testdrive\framework\web\CController.php(308): CInlineAction->runWithParams(Array)
#3 C:\laragon\www\testdrive\framework\web\filters\CFilterChain.php(134): CController->runAction(Object(CInlineAction))
#4 C:\laragon\www\testdrive\framework\web\filters\CFilter.php(40): CFilterChain->run()
#5 C:\laragon\www\testdrive\framework\web\CController.php(1148): CFilter->filter(Object(CFilterChain))
#6 C:\laragon\www\testdrive\framework\web\filters\CInlineFilter.php(58): CController->filterAccessControl(Object(CFilterChain))
#7 C:\laragon\www\testdrive\framework\web\filters\CFilterChain.php(131): CInlineFilter->filter(Object(CFilterChain))
#8 C:\laragon\www\testdrive\framework\web\CController.php(291): CFilterChain->run()
#9 C:\laragon\www\testdrive\framework\web\CController.php(265): CController->runActionWithFilters(Object(CInlineAction), Array)
#10 C:\laragon\www\testdrive\framework\web\CWebApplication.php(282): CController->run('create')
#11 C:\laragon\www\testdrive\framework\web\CWebApplication.php(141): CWebApplication->runController('task/user/creat...')
#12 C:\laragon\www\testdrive\framework\base\CApplication.php(185): CWebApplication->processRequest()
#13 C:\laragon\www\testdrive\testdrive\index.php(13): CApplication->run()
#14 {main}
REQUEST_URI=/testdrive/index.php/task/user/create
HTTP_REFERER=http://testdrive.test/testdrive/index.php/task/user
---
2021/08/12 09:17:54 [error] [exception.ArgumentCountError] ArgumentCountError: Too few arguments to function CController::__construct(), 0 passed in C:\laragon\www\testdrive\testdrive\protected\modules\task\controllers\UserController.php on line 54 and at least 1 expected in C:\laragon\www\testdrive\framework\web\CController.php:110
Stack trace:
#0 C:\laragon\www\testdrive\testdrive\protected\modules\task\controllers\UserController.php(54): CController->__construct()
#1 C:\laragon\www\testdrive\framework\web\actions\CInlineAction.php(49): UserController->actionCreate()
#2 C:\laragon\www\testdrive\framework\web\CController.php(308): CInlineAction->runWithParams(Array)
#3 C:\laragon\www\testdrive\framework\web\filters\CFilterChain.php(134): CController->runAction(Object(CInlineAction))
#4 C:\laragon\www\testdrive\framework\web\filters\CFilter.php(40): CFilterChain->run()
#5 C:\laragon\www\testdrive\framework\web\CController.php(1148): CFilter->filter(Object(CFilterChain))
#6 C:\laragon\www\testdrive\framework\web\filters\CInlineFilter.php(58): CController->filterAccessControl(Object(CFilterChain))
#7 C:\laragon\www\testdrive\framework\web\filters\CFilterChain.php(131): CInlineFilter->filter(Object(CFilterChain))
#8 C:\laragon\www\testdrive\framework\web\CController.php(291): CFilterChain->run()
#9 C:\laragon\www\testdrive\framework\web\CController.php(265): CController->runActionWithFilters(Object(CInlineAction), Array)
#10 C:\laragon\www\testdrive\framework\web\CWebApplication.php(282): CController->run('create')
#11 C:\laragon\www\testdrive\framework\web\CWebApplication.php(141): CWebApplication->runController('task/user/creat...')
#12 C:\laragon\www\testdrive\framework\base\CApplication.php(185): CWebApplication->processRequest()
#13 C:\laragon\www\testdrive\testdrive\index.php(13): CApplication->run()
#14 {main}
REQUEST_URI=/testdrive/index.php/task/user/create
HTTP_REFERER=http://testdrive.test/testdrive/index.php/task/user
---
2021/08/12 09:23:05 [error] [exception.CException] CException: UserController and its behaviors do not have a method or closure named "unsetAttributes". in C:\laragon\www\testdrive\framework\base\CComponent.php:266
Stack trace:
#0 C:\laragon\www\testdrive\testdrive\protected\modules\task\controllers\UserController.php(125): CComponent->__call('unsetAttributes', Array)
#1 C:\laragon\www\testdrive\framework\web\actions\CInlineAction.php(49): UserController->actionAdmin()
#2 C:\laragon\www\testdrive\framework\web\CController.php(308): CInlineAction->runWithParams(Array)
#3 C:\laragon\www\testdrive\framework\web\filters\CFilterChain.php(134): CController->runAction(Object(CInlineAction))
#4 C:\laragon\www\testdrive\framework\web\filters\CFilter.php(40): CFilterChain->run()
#5 C:\laragon\www\testdrive\framework\web\CController.php(1148): CFilter->filter(Object(CFilterChain))
#6 C:\laragon\www\testdrive\framework\web\filters\CInlineFilter.php(58): CController->filterAccessControl(Object(CFilterChain))
#7 C:\laragon\www\testdrive\framework\web\filters\CFilterChain.php(131): CInlineFilter->filter(Object(CFilterChain))
#8 C:\laragon\www\testdrive\framework\web\CController.php(291): CFilterChain->run()
#9 C:\laragon\www\testdrive\framework\web\CController.php(265): CController->runActionWithFilters(Object(CInlineAction), Array)
#10 C:\laragon\www\testdrive\framework\web\CWebApplication.php(282): CController->run('admin')
#11 C:\laragon\www\testdrive\framework\web\CWebApplication.php(141): CWebApplication->runController('task/user/admin')
#12 C:\laragon\www\testdrive\framework\base\CApplication.php(185): CWebApplication->processRequest()
#13 C:\laragon\www\testdrive\testdrive\index.php(13): CApplication->run()
#14 {main}
REQUEST_URI=/testdrive/index.php/task/user/admin
HTTP_REFERER=http://testdrive.test/testdrive/index.php/task/user/index
---
2021/08/12 09:23:40 [error] [exception.CException] CException: UserController and its behaviors do not have a method or closure named "model". in C:\laragon\www\testdrive\framework\base\CComponent.php:266
Stack trace:
#0 C:\laragon\www\testdrive\testdrive\protected\modules\task\controllers\UserController.php(143): CComponent->__call('model', Array)
#1 C:\laragon\www\testdrive\testdrive\protected\modules\task\controllers\UserController.php(44): UserController->loadModel('1')
#2 [internal function]: UserController->actionView('1')
#3 C:\laragon\www\testdrive\framework\web\actions\CAction.php(115): ReflectionMethod->invokeArgs(Object(UserController), Array)
#4 C:\laragon\www\testdrive\framework\web\actions\CInlineAction.php(47): CAction->runWithParamsInternal(Object(UserController), Object(ReflectionMethod), Array)
#5 C:\laragon\www\testdrive\framework\web\CController.php(308): CInlineAction->runWithParams(Array)
#6 C:\laragon\www\testdrive\framework\web\filters\CFilterChain.php(134): CController->runAction(Object(CInlineAction))
#7 C:\laragon\www\testdrive\framework\web\filters\CFilter.php(40): CFilterChain->run()
#8 C:\laragon\www\testdrive\framework\web\CController.php(1148): CFilter->filter(Object(CFilterChain))
#9 C:\laragon\www\testdrive\framework\web\filters\CInlineFilter.php(58): CController->filterAccessControl(Object(CFilterChain))
#10 C:\laragon\www\testdrive\framework\web\filters\CFilterChain.php(131): CInlineFilter->filter(Object(CFilterChain))
#11 C:\laragon\www\testdrive\framework\web\CController.php(291): CFilterChain->run()
#12 C:\laragon\www\testdrive\framework\web\CController.php(265): CController->runActionWithFilters(Object(CInlineAction), Array)
#13 C:\laragon\www\testdrive\framework\web\CWebApplication.php(282): CController->run('view')
#14 C:\laragon\www\testdrive\framework\web\CWebApplication.php(141): CWebApplication->runController('task/user/view/...')
#15 C:\laragon\www\testdrive\framework\base\CApplication.php(185): CWebApplication->processRequest()
#16 C:\laragon\www\testdrive\testdrive\index.php(13): CApplication->run()
#17 {main}
REQUEST_URI=/testdrive/index.php/task/user/view/id/1
HTTP_REFERER=http://testdrive.test/testdrive/index.php/task/user/admin
---
2021/08/12 10:17:41 [error] [exception.CException] CException: UserController and its behaviors do not have a method or closure named "renderJSON". in C:\laragon\www\testdrive\framework\base\CComponent.php:266
Stack trace:
#0 C:\laragon\www\testdrive\testdrive\protected\controllers\UserController.php(20): CComponent->__call('renderJSON', Array)
#1 C:\laragon\www\testdrive\framework\web\actions\CInlineAction.php(49): UserController->actionList()
#2 C:\laragon\www\testdrive\framework\web\CController.php(308): CInlineAction->runWithParams(Array)
#3 C:\laragon\www\testdrive\framework\web\CController.php(286): CController->runAction(Object(CInlineAction))
#4 C:\laragon\www\testdrive\framework\web\CController.php(265): CController->runActionWithFilters(Object(CInlineAction), Array)
#5 C:\laragon\www\testdrive\framework\web\CWebApplication.php(282): CController->run('list')
#6 C:\laragon\www\testdrive\framework\web\CWebApplication.php(141): CWebApplication->runController('user/list')
#7 C:\laragon\www\testdrive\framework\base\CApplication.php(185): CWebApplication->processRequest()
#8 C:\laragon\www\testdrive\testdrive\index.php(13): CApplication->run()
#9 {main}
REQUEST_URI=/testdrive/index.php/user/list
---
2021/08/12 10:17:41 [error] [php] Invalid argument supplied for foreach() (C:\laragon\www\testdrive\testdrive\protected\modules\task\views\user\index.php:19)
Stack trace:
#0 C:\laragon\www\testdrive\framework\web\CBaseController.php(126): require()
#1 C:\laragon\www\testdrive\framework\web\CBaseController.php(95): UserController->renderInternal()
#2 C:\laragon\www\testdrive\framework\web\CController.php(872): UserController->renderFile()
#3 C:\laragon\www\testdrive\framework\web\CController.php(785): UserController->renderPartial()
#4 C:\laragon\www\testdrive\testdrive\protected\modules\task\controllers\UserController.php(115): UserController->render()
#5 C:\laragon\www\testdrive\framework\web\actions\CInlineAction.php(49): UserController->actionIndex()
#6 C:\laragon\www\testdrive\framework\web\CController.php(308): CInlineAction->runWithParams()
#7 C:\laragon\www\testdrive\framework\web\filters\CFilterChain.php(134): UserController->runAction()
#8 C:\laragon\www\testdrive\framework\web\filters\CFilter.php(40): CFilterChain->run()
#9 C:\laragon\www\testdrive\framework\web\CController.php(1148): CAccessControlFilter->filter()
#10 C:\laragon\www\testdrive\framework\web\filters\CInlineFilter.php(58): UserController->filterAccessControl()
#11 C:\laragon\www\testdrive\framework\web\filters\CFilterChain.php(131): CInlineFilter->filter()
#12 C:\laragon\www\testdrive\framework\web\CController.php(291): CFilterChain->run()
#13 C:\laragon\www\testdrive\framework\web\CController.php(265): UserController->runActionWithFilters()
#14 C:\laragon\www\testdrive\framework\web\CWebApplication.php(282): UserController->run()
#15 C:\laragon\www\testdrive\framework\web\CWebApplication.php(141): CWebApplication->runController()
#16 C:\laragon\www\testdrive\framework\base\CApplication.php(185): CWebApplication->processRequest()
#17 C:\laragon\www\testdrive\testdrive\index.php(13): CWebApplication->run()
REQUEST_URI=/testdrive/index.php/task/user/index
in C:\laragon\www\testdrive\testdrive\protected\modules\task\views\user\index.php (19)
in C:\laragon\www\testdrive\testdrive\protected\modules\task\controllers\UserController.php (115)
in C:\laragon\www\testdrive\testdrive\index.php (13)
2021/08/12 10:18:08 [error] [exception.CException] CException: UserController and its behaviors do not have a method or closure named "renderJSON". in C:\laragon\www\testdrive\framework\base\CComponent.php:266
Stack trace:
#0 C:\laragon\www\testdrive\testdrive\protected\controllers\UserController.php(20): CComponent->__call('renderJSON', Array)
#1 C:\laragon\www\testdrive\framework\web\actions\CInlineAction.php(49): UserController->actionList()
#2 C:\laragon\www\testdrive\framework\web\CController.php(308): CInlineAction->runWithParams(Array)
#3 C:\laragon\www\testdrive\framework\web\CController.php(286): CController->runAction(Object(CInlineAction))
#4 C:\laragon\www\testdrive\framework\web\CController.php(265): CController->runActionWithFilters(Object(CInlineAction), Array)
#5 C:\laragon\www\testdrive\framework\web\CWebApplication.php(282): CController->run('list')
#6 C:\laragon\www\testdrive\framework\web\CWebApplication.php(141): CWebApplication->runController('user/list')
#7 C:\laragon\www\testdrive\framework\base\CApplication.php(185): CWebApplication->processRequest()
#8 C:\laragon\www\testdrive\testdrive\index.php(13): CApplication->run()
#9 {main}
REQUEST_URI=/testdrive/index.php/user/list
---
2021/08/12 10:18:14 [error] [exception.CException] CException: UserController and its behaviors do not have a method or closure named "renderJSON". in C:\laragon\www\testdrive\framework\base\CComponent.php:266
Stack trace:
#0 C:\laragon\www\testdrive\testdrive\protected\controllers\UserController.php(20): CComponent->__call('renderJSON', Array)
#1 C:\laragon\www\testdrive\framework\web\actions\CInlineAction.php(49): UserController->actionList()
#2 C:\laragon\www\testdrive\framework\web\CController.php(308): CInlineAction->runWithParams(Array)
#3 C:\laragon\www\testdrive\framework\web\CController.php(286): CController->runAction(Object(CInlineAction))
#4 C:\laragon\www\testdrive\framework\web\CController.php(265): CController->runActionWithFilters(Object(CInlineAction), Array)
#5 C:\laragon\www\testdrive\framework\web\CWebApplication.php(282): CController->run('list')
#6 C:\laragon\www\testdrive\framework\web\CWebApplication.php(141): CWebApplication->runController('user/list')
#7 C:\laragon\www\testdrive\framework\base\CApplication.php(185): CWebApplication->processRequest()
#8 C:\laragon\www\testdrive\testdrive\index.php(13): CApplication->run()
#9 {main}
REQUEST_URI=/testdrive/index.php/user/list
---
2021/08/12 10:18:14 [error] [php] Invalid argument supplied for foreach() (C:\laragon\www\testdrive\testdrive\protected\modules\task\views\user\index.php:19)
Stack trace:
#0 C:\laragon\www\testdrive\framework\web\CBaseController.php(126): require()
#1 C:\laragon\www\testdrive\framework\web\CBaseController.php(95): UserController->renderInternal()
#2 C:\laragon\www\testdrive\framework\web\CController.php(872): UserController->renderFile()
#3 C:\laragon\www\testdrive\framework\web\CController.php(785): UserController->renderPartial()
#4 C:\laragon\www\testdrive\testdrive\protected\modules\task\controllers\UserController.php(115): UserController->render()
#5 C:\laragon\www\testdrive\framework\web\actions\CInlineAction.php(49): UserController->actionIndex()
#6 C:\laragon\www\testdrive\framework\web\CController.php(308): CInlineAction->runWithParams()
#7 C:\laragon\www\testdrive\framework\web\filters\CFilterChain.php(134): UserController->runAction()
#8 C:\laragon\www\testdrive\framework\web\filters\CFilter.php(40): CFilterChain->run()
#9 C:\laragon\www\testdrive\framework\web\CController.php(1148): CAccessControlFilter->filter()
#10 C:\laragon\www\testdrive\framework\web\filters\CInlineFilter.php(58): UserController->filterAccessControl()
#11 C:\laragon\www\testdrive\framework\web\filters\CFilterChain.php(131): CInlineFilter->filter()
#12 C:\laragon\www\testdrive\framework\web\CController.php(291): CFilterChain->run()
#13 C:\laragon\www\testdrive\framework\web\CController.php(265): UserController->runActionWithFilters()
#14 C:\laragon\www\testdrive\framework\web\CWebApplication.php(282): UserController->run()
#15 C:\laragon\www\testdrive\framework\web\CWebApplication.php(141): CWebApplication->runController()
#16 C:\laragon\www\testdrive\framework\base\CApplication.php(185): CWebApplication->processRequest()
#17 C:\laragon\www\testdrive\testdrive\index.php(13): CWebApplication->run()
REQUEST_URI=/testdrive/index.php/task/user/index
in C:\laragon\www\testdrive\testdrive\protected\modules\task\views\user\index.php (19)
in C:\laragon\www\testdrive\testdrive\protected\modules\task\controllers\UserController.php (115)
in C:\laragon\www\testdrive\testdrive\index.php (13)
2021/08/12 10:18:25 [error] [exception.CException] CException: UserController and its behaviors do not have a method or closure named "renderJSON". in C:\laragon\www\testdrive\framework\base\CComponent.php:266
Stack trace:
#0 C:\laragon\www\testdrive\testdrive\protected\controllers\UserController.php(20): CComponent->__call('renderJSON', Array)
#1 C:\laragon\www\testdrive\framework\web\actions\CInlineAction.php(49): UserController->actionList()
#2 C:\laragon\www\testdrive\framework\web\CController.php(308): CInlineAction->runWithParams(Array)
#3 C:\laragon\www\testdrive\framework\web\CController.php(286): CController->runAction(Object(CInlineAction))
#4 C:\laragon\www\testdrive\framework\web\CController.php(265): CController->runActionWithFilters(Object(CInlineAction), Array)
#5 C:\laragon\www\testdrive\framework\web\CWebApplication.php(282): CController->run('list')
#6 C:\laragon\www\testdrive\framework\web\CWebApplication.php(141): CWebApplication->runController('user/list')
#7 C:\laragon\www\testdrive\framework\base\CApplication.php(185): CWebApplication->processRequest()
#8 C:\laragon\www\testdrive\testdrive\index.php(13): CApplication->run()
#9 {main}
REQUEST_URI=/testdrive/index.php/user/list
---
